#
# There is insufficient memory for the Java Runtime Environment to continue.
# Native memory allocation (mmap) failed to map 316669952 bytes for G1 virtual space
# Possible reasons:
#   The system is out of physical RAM or swap space
#   The process is running with CompressedOops enabled, and the Java Heap may be blocking the growth of the native heap
# Possible solutions:
#   Reduce memory load on the system
#   Increase physical memory or swap space
#   Check if swap backing store is full
#   Decrease Java heap size (-Xmx/-Xms)
#   Decrease number of Java threads
#   Decrease Java thread stack sizes (-Xss)
#   Set larger code cache with -XX:ReservedCodeCacheSize=
#   JVM is running with Unscaled Compressed Oops mode in which the Java heap is
#     placed in the first 4GB address space. The Java Heap base address is the
#     maximum limit for the native heap growth. Please use -XX:HeapBaseMinAddress
#     to set the Java Heap base and to place the Java Heap above 4GB virtual address.
# This output file may be truncated or incomplete.
#
#  Out of Memory Error (os_windows.cpp:3769), pid=3280, tid=16188
#
# JRE version: OpenJDK Runtime Environment (17.0.6) (build 17.0.6+0-b2043.56-10027231)
# Java VM: OpenJDK 64-Bit Server VM (17.0.6+0-b2043.56-10027231, mixed mode, tiered, compressed oops, compressed class ptrs, g1 gc, windows-amd64)
# No core dump will be written. Minidumps are not enabled by default on client versions of Windows
#

---------------  S U M M A R Y ------------

Command Line: --add-opens=java.base/java.util=ALL-UNNAMED --add-opens=java.base/java.lang=ALL-UNNAMED --add-opens=java.base/java.lang.invoke=ALL-UNNAMED --add-opens=java.prefs/java.util.prefs=ALL-UNNAMED --add-opens=java.base/java.nio.charset=ALL-UNNAMED --add-opens=java.base/java.net=ALL-UNNAMED --add-opens=java.base/java.util.concurrent.atomic=ALL-UNNAMED -Xmx2048m -Dfile.encoding=UTF-8 -Duser.country=US -Duser.language=en -Duser.variant org.gradle.launcher.daemon.bootstrap.GradleDaemon 8.0

Host: 11th Gen Intel(R) Core(TM) i3-1115G4 @ 3.00GHz, 4 cores, 7G,  Windows 11 , 64 bit Build 22621 (10.0.22621.2506)
Time: Fri Nov 17 10:22:10 2023 SE Asia Standard Time elapsed time: 168.863180 seconds (0d 0h 2m 48s)

---------------  T H R E A D  ---------------

Current thread (0x000002297b6ae770):  VMThread "VM Thread" [stack: 0x000000e4c4e00000,0x000000e4c4f00000] [id=16188]

Stack: [0x000000e4c4e00000,0x000000e4c4f00000]
Native frames: (J=compiled Java code, j=interpreted, Vv=VM code, C=native code)
V  [jvm.dll+0x683c9a]
V  [jvm.dll+0x8427a4]
V  [jvm.dll+0x843f9e]
V  [jvm.dll+0x844603]
V  [jvm.dll+0x249b75]
V  [jvm.dll+0x680b69]
V  [jvm.dll+0x67505a]
V  [jvm.dll+0x309acb]
V  [jvm.dll+0x310f86]
V  [jvm.dll+0x3608ee]
V  [jvm.dll+0x360b1f]
V  [jvm.dll+0x2dfbf8]
V  [jvm.dll+0x2ddec4]
V  [jvm.dll+0x2dd4cc]
V  [jvm.dll+0x321f3b]
V  [jvm.dll+0x848ccb]
V  [jvm.dll+0x849a04]
V  [jvm.dll+0x849f1d]
V  [jvm.dll+0x84a2f4]
V  [jvm.dll+0x84a3c0]
V  [jvm.dll+0x7f274a]
V  [jvm.dll+0x682ad5]
C  [ucrtbase.dll+0x29363]
C  [KERNEL32.DLL+0x1257d]
C  [ntdll.dll+0x5aa58]

VM_Operation (0x000000e4c84f95f0): G1CollectForAllocation, mode: safepoint, requested by thread 0x000002297f0e35d0


---------------  P R O C E S S  ---------------

Threads class SMR info:
_java_thread_list=0x0000022913958590, length=93, elements={
0x000002296f1c9540, 0x000002297b72b260, 0x000002297b7305c0, 0x000002297b739fb0,
0x000002297b73a870, 0x000002297b73d730, 0x000002297b73e8f0, 0x000002297c122ef0,
0x000002297c1238a0, 0x000002297c124a30, 0x000002297c2a9810, 0x000002297c2ae100,
0x000002297cf8e740, 0x000002297d8730a0, 0x000002297d9f8030, 0x000002297cc41ca0,
0x000002297cc40960, 0x000002297cc434b0, 0x000002297cc42640, 0x000002297cc42fe0,
0x000002297cc40e30, 0x000002297cc42b10, 0x000002290fde4930, 0x000002290fde2c50,
0x000002290fde4460, 0x000002290fde3f90, 0x000002290fde52d0, 0x000002297e9ab870,
0x000002297e9a5830, 0x000002297daac2c0, 0x00000229174b2870, 0x00000229174b1a00,
0x00000229174b1ed0, 0x000002297daabdf0, 0x000002297daadfa0, 0x000002297daadad0,
0x00000229174b23a0, 0x000002291416f9a0, 0x000002297ef24fa0, 0x000002297ef25940,
0x00000229174b1060, 0x000002297ef2b4b0, 0x000002291416fe70, 0x000002291416f000,
0x000002291416e660, 0x000002291416eb30, 0x000002297f0e2c30, 0x000002297f0e3f70,
0x000002297f0e3aa0, 0x000002297f0e0f50, 0x000002297f0e4440, 0x000002297f0e0a80,
0x000002297f0e3100, 0x000002297f0e2760, 0x000002297f0e35d0, 0x000002297f0e1420,
0x000002297f0e2290, 0x000002297f0e18f0, 0x000002297f0e1dc0, 0x000002290f94a060,
0x000002290f94aed0, 0x000002290f94d550, 0x000002290f94d080, 0x000002290f94a530,
0x000002290f94aa00, 0x000002290f94da20, 0x000002290f94cbb0, 0x000002290f94bd40,
0x000002290f94b3a0, 0x000002290f94c210, 0x000002290f94c6e0, 0x000002290f94b870,
0x000002297f790ed0, 0x000002297f7913a0, 0x000002297f791870, 0x000002297f791d40,
0x000002297f792210, 0x000002297f790060, 0x000002297f790a00, 0x000002297f7926e0,
0x000002297f793a20, 0x000002297f793080, 0x000002297e8a8870, 0x000002297daaee10,
0x000002297daac790, 0x000002297daad130, 0x000002297e8a61f0, 0x000002297e8a7060,
0x000002297e8a7530, 0x000002297e8a83a0, 0x000002297f792bb0, 0x000002297f790530,
0x000002297d151030
}

Java Threads: ( => current thread )
  0x000002296f1c9540 JavaThread "main" [_thread_blocked, id=7708, stack(0x000000e4c4800000,0x000000e4c4900000)]
  0x000002297b72b260 JavaThread "Reference Handler" daemon [_thread_blocked, id=2196, stack(0x000000e4c4f00000,0x000000e4c5000000)]
  0x000002297b7305c0 JavaThread "Finalizer" daemon [_thread_blocked, id=9228, stack(0x000000e4c5000000,0x000000e4c5100000)]
  0x000002297b739fb0 JavaThread "Signal Dispatcher" daemon [_thread_blocked, id=12292, stack(0x000000e4c5100000,0x000000e4c5200000)]
  0x000002297b73a870 JavaThread "Attach Listener" daemon [_thread_blocked, id=3952, stack(0x000000e4c5200000,0x000000e4c5300000)]
  0x000002297b73d730 JavaThread "Service Thread" daemon [_thread_blocked, id=12452, stack(0x000000e4c5300000,0x000000e4c5400000)]
  0x000002297b73e8f0 JavaThread "Monitor Deflation Thread" daemon [_thread_blocked, id=6876, stack(0x000000e4c5400000,0x000000e4c5500000)]
  0x000002297c122ef0 JavaThread "C2 CompilerThread0" daemon [_thread_blocked, id=15808, stack(0x000000e4c5500000,0x000000e4c5600000)]
  0x000002297c1238a0 JavaThread "C1 CompilerThread0" daemon [_thread_blocked, id=9048, stack(0x000000e4c5600000,0x000000e4c5700000)]
  0x000002297c124a30 JavaThread "Sweeper thread" daemon [_thread_blocked, id=11168, stack(0x000000e4c5700000,0x000000e4c5800000)]
  0x000002297c2a9810 JavaThread "Common-Cleaner" daemon [_thread_blocked, id=12856, stack(0x000000e4c5800000,0x000000e4c5900000)]
  0x000002297c2ae100 JavaThread "Notification Thread" daemon [_thread_blocked, id=8292, stack(0x000000e4c5900000,0x000000e4c5a00000)]
  0x000002297cf8e740 JavaThread "Daemon health stats" [_thread_blocked, id=12740, stack(0x000000e4c5e00000,0x000000e4c5f00000)]
  0x000002297d8730a0 JavaThread "Incoming local TCP Connector on port 54725" [_thread_in_native, id=3856, stack(0x000000e4c5f00000,0x000000e4c6000000)]
  0x000002297d9f8030 JavaThread "Daemon periodic checks" [_thread_blocked, id=15372, stack(0x000000e4c6000000,0x000000e4c6100000)]
  0x000002297cc41ca0 JavaThread "Cache worker for journal cache (C:\Users\ADMIN\.gradle\caches\journal-1)" [_thread_blocked, id=10792, stack(0x000000e4c6800000,0x000000e4c6900000)]
  0x000002297cc40960 JavaThread "File lock request listener" [_thread_in_native, id=4732, stack(0x000000e4c6900000,0x000000e4c6a00000)]
  0x000002297cc434b0 JavaThread "Cache worker for file hash cache (C:\Users\ADMIN\.gradle\caches\8.0\fileHashes)" [_thread_blocked, id=15852, stack(0x000000e4c6a00000,0x000000e4c6b00000)]
  0x000002297cc42640 JavaThread "File watcher server" daemon [_thread_blocked, id=8056, stack(0x000000e4c6c00000,0x000000e4c6d00000)]
  0x000002297cc42fe0 JavaThread "File watcher consumer" daemon [_thread_blocked, id=13656, stack(0x000000e4c6d00000,0x000000e4c6e00000)]
  0x000002297cc40e30 JavaThread "Cache worker for file content cache (C:\Users\ADMIN\.gradle\caches\8.0\fileContent)" [_thread_blocked, id=3508, stack(0x000000e4c7000000,0x000000e4c7100000)]
  0x000002297cc42b10 JavaThread "Cache worker for execution history cache (C:\Users\ADMIN\.gradle\caches\8.0\executionHistory)" [_thread_blocked, id=15832, stack(0x000000e4c7300000,0x000000e4c7400000)]
  0x000002290fde4930 JavaThread "jar transforms" [_thread_blocked, id=8284, stack(0x000000e4c7400000,0x000000e4c7500000)]
  0x000002290fde2c50 JavaThread "jar transforms Thread 2" [_thread_blocked, id=3736, stack(0x000000e4c7600000,0x000000e4c7700000)]
  0x000002290fde4460 JavaThread "Cache worker for kotlin-dsl (C:\Users\ADMIN\.gradle\caches\8.0\kotlin-dsl)" [_thread_blocked, id=14072, stack(0x000000e4c7700000,0x000000e4c7800000)]
  0x000002290fde3f90 JavaThread "jar transforms Thread 3" [_thread_blocked, id=10676, stack(0x000000e4c7800000,0x000000e4c7900000)]
  0x000002290fde52d0 JavaThread "jar transforms Thread 4" [_thread_blocked, id=12728, stack(0x000000e4c7900000,0x000000e4c7a00000)]
  0x000002297e9ab870 JavaThread "Memory manager" [_thread_blocked, id=14248, stack(0x000000e4ca500000,0x000000e4ca600000)]
  0x000002297e9a5830 JavaThread "pool-3-thread-1" [_thread_blocked, id=14200, stack(0x000000e4ca600000,0x000000e4ca700000)]
  0x000002297daac2c0 JavaThread "Daemon Thread 2" [_thread_blocked, id=7780, stack(0x000000e4c4500000,0x000000e4c4600000)]
  0x00000229174b2870 JavaThread "Handler for socket connection from /127.0.0.1:54725 to /127.0.0.1:54733" [_thread_in_native, id=1260, stack(0x000000e4c4600000,0x000000e4c4700000)]
  0x00000229174b1a00 JavaThread "Cancel handler" [_thread_blocked, id=7884, stack(0x000000e4c4700000,0x000000e4c4800000)]
  0x00000229174b1ed0 JavaThread "Daemon worker Thread 2" [_thread_blocked, id=12208, stack(0x000000e4c6100000,0x000000e4c6200000)]
  0x000002297daabdf0 JavaThread "Asynchronous log dispatcher for DefaultDaemonConnection: socket connection from /127.0.0.1:54725 to /127.0.0.1:54733" [_thread_blocked, id=14160, stack(0x000000e4c6200000,0x000000e4c6300000)]
  0x000002297daadfa0 JavaThread "Stdin handler" [_thread_blocked, id=7900, stack(0x000000e4c6300000,0x000000e4c6400000)]
  0x000002297daadad0 JavaThread "Daemon client event forwarder" [_thread_blocked, id=9716, stack(0x000000e4c6400000,0x000000e4c6500000)]
  0x00000229174b23a0 JavaThread "Cache worker for checksums cache (C:\Users\ADMIN\AndroidStudioProjects\MyApplication\.gradle\8.0\checksums)" [_thread_blocked, id=11780, stack(0x000000e4c6500000,0x000000e4c6600000)]
  0x000002291416f9a0 JavaThread "Cache worker for cache directory md-rule (C:\Users\ADMIN\.gradle\caches\8.0\md-rule)" [_thread_blocked, id=9116, stack(0x000000e4c6600000,0x000000e4c6700000)]
  0x000002297ef24fa0 JavaThread "Cache worker for file hash cache (C:\Users\ADMIN\AndroidStudioProjects\MyApplication\.gradle\8.0\fileHashes)" [_thread_blocked, id=6864, stack(0x000000e4c6700000,0x000000e4c6800000)]
  0x000002297ef25940 JavaThread "Cache worker for cache directory md-supplier (C:\Users\ADMIN\.gradle\caches\8.0\md-supplier)" [_thread_blocked, id=6616, stack(0x000000e4c6b00000,0x000000e4c6c00000)]
  0x00000229174b1060 JavaThread "Cache worker for dependencies-accessors (C:\Users\ADMIN\AndroidStudioProjects\MyApplication\.gradle\8.0\dependencies-accessors)" [_thread_blocked, id=6244, stack(0x000000e4c6e00000,0x000000e4c6f00000)]
  0x000002297ef2b4b0 JavaThread "Cache worker for Build Output Cleanup Cache (C:\Users\ADMIN\AndroidStudioProjects\MyApplication\.gradle\buildOutputCleanup)" [_thread_blocked, id=8688, stack(0x000000e4c6f00000,0x000000e4c7000000)]
  0x000002291416fe70 JavaThread "Unconstrained build operations" [_thread_blocked, id=10468, stack(0x000000e4c7100000,0x000000e4c7200000)]
  0x000002291416f000 JavaThread "Unconstrained build operations Thread 2" [_thread_blocked, id=11604, stack(0x000000e4c7200000,0x000000e4c7300000)]
  0x000002291416e660 JavaThread "Unconstrained build operations Thread 3" [_thread_blocked, id=12096, stack(0x000000e4c7a00000,0x000000e4c7b00000)]
  0x000002291416eb30 JavaThread "Unconstrained build operations Thread 4" [_thread_blocked, id=5564, stack(0x000000e4c7b00000,0x000000e4c7c00000)]
  0x000002297f0e2c30 JavaThread "Unconstrained build operations Thread 5" [_thread_blocked, id=9852, stack(0x000000e4c7c00000,0x000000e4c7d00000)]
  0x000002297f0e3f70 JavaThread "Unconstrained build operations Thread 6" [_thread_blocked, id=8512, stack(0x000000e4c7d00000,0x000000e4c7e00000)]
  0x000002297f0e3aa0 JavaThread "Unconstrained build operations Thread 7" [_thread_blocked, id=11888, stack(0x000000e4c7e00000,0x000000e4c7f00000)]
  0x000002297f0e0f50 JavaThread "Unconstrained build operations Thread 8" [_thread_blocked, id=8912, stack(0x000000e4c7f00000,0x000000e4c8000000)]
  0x000002297f0e4440 JavaThread "Unconstrained build operations Thread 9" [_thread_blocked, id=5548, stack(0x000000e4c8000000,0x000000e4c8100000)]
  0x000002297f0e0a80 JavaThread "Unconstrained build operations Thread 10" [_thread_blocked, id=11544, stack(0x000000e4c8100000,0x000000e4c8200000)]
  0x000002297f0e3100 JavaThread "Unconstrained build operations Thread 11" [_thread_blocked, id=3532, stack(0x000000e4c8200000,0x000000e4c8300000)]
  0x000002297f0e2760 JavaThread "Unconstrained build operations Thread 12" [_thread_blocked, id=10352, stack(0x000000e4c8300000,0x000000e4c8400000)]
  0x000002297f0e35d0 JavaThread "Unconstrained build operations Thread 13" [_thread_blocked, id=980, stack(0x000000e4c8400000,0x000000e4c8500000)]
  0x000002297f0e1420 JavaThread "Unconstrained build operations Thread 14" [_thread_blocked, id=5620, stack(0x000000e4c8500000,0x000000e4c8600000)]
  0x000002297f0e2290 JavaThread "Unconstrained build operations Thread 15" [_thread_blocked, id=2404, stack(0x000000e4c8600000,0x000000e4c8700000)]
  0x000002297f0e18f0 JavaThread "Unconstrained build operations Thread 16" [_thread_blocked, id=14860, stack(0x000000e4c8700000,0x000000e4c8800000)]
  0x000002297f0e1dc0 JavaThread "Unconstrained build operations Thread 17" [_thread_blocked, id=16256, stack(0x000000e4c8800000,0x000000e4c8900000)]
  0x000002290f94a060 JavaThread "Unconstrained build operations Thread 18" [_thread_blocked, id=3732, stack(0x000000e4c8900000,0x000000e4c8a00000)]
  0x000002290f94aed0 JavaThread "Unconstrained build operations Thread 19" [_thread_blocked, id=5904, stack(0x000000e4c8a00000,0x000000e4c8b00000)]
  0x000002290f94d550 JavaThread "Unconstrained build operations Thread 20" [_thread_blocked, id=10440, stack(0x000000e4c8b00000,0x000000e4c8c00000)]
  0x000002290f94d080 JavaThread "Unconstrained build operations Thread 21" [_thread_blocked, id=4728, stack(0x000000e4c8c00000,0x000000e4c8d00000)]
  0x000002290f94a530 JavaThread "Unconstrained build operations Thread 22" [_thread_blocked, id=12912, stack(0x000000e4c8d00000,0x000000e4c8e00000)]
  0x000002290f94aa00 JavaThread "Unconstrained build operations Thread 23" [_thread_blocked, id=12028, stack(0x000000e4c8e00000,0x000000e4c8f00000)]
  0x000002290f94da20 JavaThread "Unconstrained build operations Thread 24" [_thread_blocked, id=9176, stack(0x000000e4c8f00000,0x000000e4c9000000)]
  0x000002290f94cbb0 JavaThread "Unconstrained build operations Thread 25" [_thread_blocked, id=13060, stack(0x000000e4c9000000,0x000000e4c9100000)]
  0x000002290f94bd40 JavaThread "Unconstrained build operations Thread 26" [_thread_blocked, id=9868, stack(0x000000e4c9100000,0x000000e4c9200000)]
  0x000002290f94b3a0 JavaThread "Unconstrained build operations Thread 27" [_thread_blocked, id=5528, stack(0x000000e4c9200000,0x000000e4c9300000)]
  0x000002290f94c210 JavaThread "Unconstrained build operations Thread 28" [_thread_blocked, id=8444, stack(0x000000e4c9300000,0x000000e4c9400000)]
  0x000002290f94c6e0 JavaThread "Unconstrained build operations Thread 29" [_thread_blocked, id=5784, stack(0x000000e4c9400000,0x000000e4c9500000)]
  0x000002290f94b870 JavaThread "Unconstrained build operations Thread 30" [_thread_blocked, id=3096, stack(0x000000e4c9500000,0x000000e4c9600000)]
  0x000002297f790ed0 JavaThread "Unconstrained build operations Thread 31" [_thread_blocked, id=8064, stack(0x000000e4c9600000,0x000000e4c9700000)]
  0x000002297f7913a0 JavaThread "Unconstrained build operations Thread 32" [_thread_blocked, id=2284, stack(0x000000e4c9700000,0x000000e4c9800000)]
  0x000002297f791870 JavaThread "Unconstrained build operations Thread 33" [_thread_blocked, id=13048, stack(0x000000e4c9800000,0x000000e4c9900000)]
  0x000002297f791d40 JavaThread "Unconstrained build operations Thread 34" [_thread_blocked, id=12828, stack(0x000000e4c9900000,0x000000e4c9a00000)]
  0x000002297f792210 JavaThread "Unconstrained build operations Thread 35" [_thread_blocked, id=14388, stack(0x000000e4c9a00000,0x000000e4c9b00000)]
  0x000002297f790060 JavaThread "Unconstrained build operations Thread 36" [_thread_blocked, id=15000, stack(0x000000e4c9b00000,0x000000e4c9c00000)]
  0x000002297f790a00 JavaThread "Unconstrained build operations Thread 37" [_thread_blocked, id=16340, stack(0x000000e4c9c00000,0x000000e4c9d00000)]
  0x000002297f7926e0 JavaThread "Unconstrained build operations Thread 38" [_thread_blocked, id=14296, stack(0x000000e4c9d00000,0x000000e4c9e00000)]
  0x000002297f793a20 JavaThread "Unconstrained build operations Thread 39" [_thread_blocked, id=11956, stack(0x000000e4c9e00000,0x000000e4c9f00000)]
  0x000002297f793080 JavaThread "Unconstrained build operations Thread 40" [_thread_blocked, id=14656, stack(0x000000e4c9f00000,0x000000e4ca000000)]
  0x000002297e8a8870 JavaThread "build event listener" [_thread_blocked, id=15608, stack(0x000000e4ca000000,0x000000e4ca100000)]
  0x000002297daaee10 JavaThread "pool-6-thread-1" [_thread_blocked, id=9804, stack(0x000000e4ca200000,0x000000e4ca300000)]
  0x000002297daac790 JavaThread "build event listener" [_thread_blocked, id=6260, stack(0x000000e4ca300000,0x000000e4ca400000)]
  0x000002297daad130 JavaThread "included builds" [_thread_blocked, id=11212, stack(0x000000e4ca400000,0x000000e4ca500000)]
  0x000002297e8a61f0 JavaThread "Execution worker" [_thread_blocked, id=16348, stack(0x000000e4ca700000,0x000000e4ca800000)]
  0x000002297e8a7060 JavaThread "Execution worker Thread 2" [_thread_blocked, id=12116, stack(0x000000e4ca800000,0x000000e4ca900000)]
  0x000002297e8a7530 JavaThread "Execution worker Thread 3" [_thread_blocked, id=16316, stack(0x000000e4ca900000,0x000000e4caa00000)]
  0x000002297e8a83a0 JavaThread "Cache worker for execution history cache (C:\Users\ADMIN\AndroidStudioProjects\MyApplication\.gradle\8.0\executionHistory)" [_thread_blocked, id=8340, stack(0x000000e4caa00000,0x000000e4cab00000)]
  0x000002297f792bb0 JavaThread "WorkerExecutor Queue" [_thread_blocked, id=1196, stack(0x000000e4cab00000,0x000000e4cac00000)]
  0x000002297f790530 JavaThread "WorkerExecutor Queue Thread 2" [_thread_blocked, id=11616, stack(0x000000e4ca100000,0x000000e4ca200000)]
  0x000002297d151030 JavaThread "C2 CompilerThread1" daemon [_thread_in_native, id=8804, stack(0x000000e4cac00000,0x000000e4cad00000)]

Other Threads:
=>0x000002297b6ae770 VMThread "VM Thread" [stack: 0x000000e4c4e00000,0x000000e4c4f00000] [id=16188]
  0x000002297c2ae5d0 WatcherThread [stack: 0x000000e4c5a00000,0x000000e4c5b00000] [id=9264]
  0x000002296f224650 GCTaskThread "GC Thread#0" [stack: 0x000000e4c4900000,0x000000e4c4a00000] [id=2104]
  0x000002297c745810 GCTaskThread "GC Thread#1" [stack: 0x000000e4c5b00000,0x000000e4c5c00000] [id=16072]
  0x000002297c4c4450 GCTaskThread "GC Thread#2" [stack: 0x000000e4c5c00000,0x000000e4c5d00000] [id=11564]
  0x000002297c5182f0 GCTaskThread "GC Thread#3" [stack: 0x000000e4c5d00000,0x000000e4c5e00000] [id=7752]
  0x000002296f235590 ConcurrentGCThread "G1 Main Marker" [stack: 0x000000e4c4a00000,0x000000e4c4b00000] [id=13952]
  0x000002296f235fa0 ConcurrentGCThread "G1 Conc#0" [stack: 0x000000e4c4b00000,0x000000e4c4c00000] [id=3948]
  0x000002296f28eb00 ConcurrentGCThread "G1 Refine#0" [stack: 0x000000e4c4c00000,0x000000e4c4d00000] [id=9508]
  0x0000022910528060 ConcurrentGCThread "G1 Refine#1" [stack: 0x000000e4c7500000,0x000000e4c7600000] [id=11628]
  0x000002291583c420 ConcurrentGCThread "G1 Refine#2" [stack: 0x000000e4cad00000,0x000000e4cae00000] [id=12444]
  0x000002291583ad20 ConcurrentGCThread "G1 Refine#3" [stack: 0x000000e4cae00000,0x000000e4caf00000] [id=3264]
  0x000002297b5609f0 ConcurrentGCThread "G1 Service" [stack: 0x000000e4c4d00000,0x000000e4c4e00000] [id=6888]

Threads with active compile tasks:
C2 CompilerThread0   168907 15738       4       com.android.tools.r8.internal.lp::a (998 bytes)
C2 CompilerThread1   168907 15413 %     4       com.android.tools.r8.internal.Ia::a @ 1784 (6329 bytes)

VM state: at safepoint (normal execution)

VM Mutex/Monitor currently owned by a thread:  ([mutex/lock_event])
[0x000002296f1c5bb0] Threads_lock - owner thread: 0x000002297b6ae770
[0x000002296f1c4800] Heap_lock - owner thread: 0x000002297f0e35d0

Heap address: 0x0000000080000000, size: 2048 MB, Compressed Oops mode: 32-bit

CDS archive(s) not mapped
Compressed class space mapped at: 0x0000000100000000-0x0000000140000000, reserved size: 1073741824
Narrow klass base: 0x0000000000000000, Narrow klass shift: 3, Narrow klass range: 0x140000000

GC Precious Log:
 CPUs: 4 total, 4 available
 Memory: 7886M
 Large Page Support: Disabled
 NUMA Support: Disabled
 Compressed Oops: Enabled (32-bit)
 Heap Region Size: 1M
 Heap Min Capacity: 8M
 Heap Initial Capacity: 124M
 Heap Max Capacity: 2G
 Pre-touch: Disabled
 Parallel Workers: 4
 Concurrent Workers: 1
 Concurrent Refinement Workers: 4
 Periodic GC: Disabled

Heap:
 garbage-first heap   total 276480K, used 151993K [0x0000000080000000, 0x0000000100000000)
  region size 1024K, 2 young (2048K), 2 survivors (2048K)
 Metaspace       used 118604K, committed 119296K, reserved 1155072K
  class space    used 15800K, committed 16128K, reserved 1048576K

Heap Regions: E=young(eden), S=young(survivor), O=old, HS=humongous(starts), HC=humongous(continues), CS=collection set, F=free, OA=open archive, CA=closed archive, TAMS=top-at-mark-start (previous, next)
|   0|0x0000000080000000, 0x0000000080100000, 0x0000000080100000|100%| O|  |TAMS 0x0000000080100000, 0x0000000080000000| Untracked 
|   1|0x0000000080100000, 0x0000000080200000, 0x0000000080200000|100%| O|  |TAMS 0x0000000080200000, 0x0000000080100000| Untracked 
|   2|0x0000000080200000, 0x0000000080300000, 0x0000000080300000|100%|HS|  |TAMS 0x0000000080300000, 0x0000000080200000| Complete 
|   3|0x0000000080300000, 0x0000000080400000, 0x0000000080400000|100%|HC|  |TAMS 0x0000000080400000, 0x0000000080300000| Complete 
|   4|0x0000000080400000, 0x0000000080500000, 0x0000000080500000|100%|HC|  |TAMS 0x0000000080500000, 0x0000000080400000| Complete 
|   5|0x0000000080500000, 0x0000000080600000, 0x0000000080600000|100%|HC|  |TAMS 0x0000000080600000, 0x0000000080500000| Complete 
|   6|0x0000000080600000, 0x0000000080700000, 0x0000000080700000|100%| O|  |TAMS 0x0000000080700000, 0x0000000080600000| Untracked 
|   7|0x0000000080700000, 0x0000000080800000, 0x0000000080800000|100%| O|  |TAMS 0x0000000080800000, 0x0000000080700000| Untracked 
|   8|0x0000000080800000, 0x0000000080900000, 0x0000000080900000|100%| O|  |TAMS 0x0000000080900000, 0x0000000080800000| Untracked 
|   9|0x0000000080900000, 0x0000000080a00000, 0x0000000080a00000|100%| O|  |TAMS 0x0000000080a00000, 0x0000000080900000| Untracked 
|  10|0x0000000080a00000, 0x0000000080b00000, 0x0000000080b00000|100%| O|  |TAMS 0x0000000080b00000, 0x0000000080a00000| Untracked 
|  11|0x0000000080b00000, 0x0000000080c00000, 0x0000000080c00000|100%| O|  |TAMS 0x0000000080c00000, 0x0000000080b00000| Untracked 
|  12|0x0000000080c00000, 0x0000000080d00000, 0x0000000080d00000|100%| O|  |TAMS 0x0000000080d00000, 0x0000000080c00000| Untracked 
|  13|0x0000000080d00000, 0x0000000080e00000, 0x0000000080e00000|100%| O|  |TAMS 0x0000000080e00000, 0x0000000080d00000| Untracked 
|  14|0x0000000080e00000, 0x0000000080f00000, 0x0000000080f00000|100%| O|  |TAMS 0x0000000080f00000, 0x0000000080e00000| Untracked 
|  15|0x0000000080f00000, 0x0000000081000000, 0x0000000081000000|100%| O|  |TAMS 0x0000000081000000, 0x0000000080f00000| Untracked 
|  16|0x0000000081000000, 0x0000000081100000, 0x0000000081100000|100%| O|  |TAMS 0x0000000081100000, 0x0000000081000000| Untracked 
|  17|0x0000000081100000, 0x0000000081200000, 0x0000000081200000|100%| O|  |TAMS 0x0000000081200000, 0x0000000081100000| Untracked 
|  18|0x0000000081200000, 0x0000000081300000, 0x0000000081300000|100%| O|  |TAMS 0x0000000081300000, 0x0000000081200000| Untracked 
|  19|0x0000000081300000, 0x0000000081400000, 0x0000000081400000|100%| O|  |TAMS 0x0000000081400000, 0x0000000081300000| Untracked 
|  20|0x0000000081400000, 0x0000000081500000, 0x0000000081500000|100%| O|  |TAMS 0x0000000081500000, 0x0000000081400000| Untracked 
|  21|0x0000000081500000, 0x0000000081600000, 0x0000000081600000|100%| O|  |TAMS 0x0000000081600000, 0x0000000081500000| Untracked 
|  22|0x0000000081600000, 0x0000000081700000, 0x0000000081700000|100%| O|  |TAMS 0x0000000081700000, 0x0000000081600000| Untracked 
|  23|0x0000000081700000, 0x0000000081800000, 0x0000000081800000|100%| O|  |TAMS 0x0000000081800000, 0x0000000081700000| Untracked 
|  24|0x0000000081800000, 0x0000000081900000, 0x0000000081900000|100%| O|  |TAMS 0x0000000081900000, 0x0000000081800000| Untracked 
|  25|0x0000000081900000, 0x0000000081a00000, 0x0000000081a00000|100%| O|  |TAMS 0x0000000081a00000, 0x0000000081900000| Untracked 
|  26|0x0000000081a00000, 0x0000000081b00000, 0x0000000081b00000|100%| O|  |TAMS 0x0000000081b00000, 0x0000000081a00000| Untracked 
|  27|0x0000000081b00000, 0x0000000081c00000, 0x0000000081c00000|100%| O|  |TAMS 0x0000000081c00000, 0x0000000081b00000| Untracked 
|  28|0x0000000081c00000, 0x0000000081d00000, 0x0000000081d00000|100%| O|  |TAMS 0x0000000081d00000, 0x0000000081c00000| Untracked 
|  29|0x0000000081d00000, 0x0000000081e00000, 0x0000000081e00000|100%| O|  |TAMS 0x0000000081e00000, 0x0000000081d00000| Untracked 
|  30|0x0000000081e00000, 0x0000000081f00000, 0x0000000081f00000|100%| O|  |TAMS 0x0000000081f00000, 0x0000000081e00000| Untracked 
|  31|0x0000000081f00000, 0x0000000082000000, 0x0000000082000000|100%| O|  |TAMS 0x0000000082000000, 0x0000000081f00000| Untracked 
|  32|0x0000000082000000, 0x0000000082100000, 0x0000000082100000|100%|HS|  |TAMS 0x0000000082100000, 0x0000000082000000| Complete 
|  33|0x0000000082100000, 0x0000000082200000, 0x0000000082200000|100%|HS|  |TAMS 0x0000000082200000, 0x0000000082100000| Complete 
|  34|0x0000000082200000, 0x0000000082300000, 0x0000000082300000|100%| O|  |TAMS 0x0000000082300000, 0x0000000082200000| Untracked 
|  35|0x0000000082300000, 0x0000000082400000, 0x0000000082400000|100%| O|  |TAMS 0x0000000082300000, 0x0000000082300000| Untracked 
|  36|0x0000000082400000, 0x0000000082500000, 0x0000000082500000|100%| O|  |TAMS 0x0000000082500000, 0x0000000082400000| Untracked 
|  37|0x0000000082500000, 0x0000000082600000, 0x0000000082600000|100%|HS|  |TAMS 0x0000000082600000, 0x0000000082500000| Complete 
|  38|0x0000000082600000, 0x0000000082700000, 0x0000000082700000|100%| O|  |TAMS 0x0000000082700000, 0x0000000082600000| Untracked 
|  39|0x0000000082700000, 0x0000000082800000, 0x0000000082800000|100%| O|  |TAMS 0x0000000082800000, 0x0000000082700000| Untracked 
|  40|0x0000000082800000, 0x0000000082900000, 0x0000000082900000|100%| O|  |TAMS 0x0000000082800000, 0x0000000082800000| Untracked 
|  41|0x0000000082900000, 0x0000000082a00000, 0x0000000082a00000|100%| O|  |TAMS 0x0000000082a00000, 0x0000000082900000| Untracked 
|  42|0x0000000082a00000, 0x0000000082b00000, 0x0000000082b00000|100%| O|  |TAMS 0x0000000082b00000, 0x0000000082a00000| Untracked 
|  43|0x0000000082b00000, 0x0000000082c00000, 0x0000000082c00000|100%| O|  |TAMS 0x0000000082c00000, 0x0000000082b00000| Untracked 
|  44|0x0000000082c00000, 0x0000000082d00000, 0x0000000082d00000|100%| O|  |TAMS 0x0000000082d00000, 0x0000000082c00000| Untracked 
|  45|0x0000000082d00000, 0x0000000082e00000, 0x0000000082e00000|100%| O|  |TAMS 0x0000000082e00000, 0x0000000082d00000| Untracked 
|  46|0x0000000082e00000, 0x0000000082f00000, 0x0000000082f00000|100%| O|  |TAMS 0x0000000082f00000, 0x0000000082e00000| Untracked 
|  47|0x0000000082f00000, 0x0000000083000000, 0x0000000083000000|100%| O|  |TAMS 0x0000000083000000, 0x0000000082f00000| Untracked 
|  48|0x0000000083000000, 0x0000000083100000, 0x0000000083100000|100%| O|  |TAMS 0x0000000083100000, 0x0000000083000000| Untracked 
|  49|0x0000000083100000, 0x0000000083200000, 0x0000000083200000|100%| O|  |TAMS 0x0000000083200000, 0x0000000083100000| Untracked 
|  50|0x0000000083200000, 0x0000000083300000, 0x0000000083300000|100%| O|  |TAMS 0x0000000083300000, 0x0000000083200000| Untracked 
|  51|0x0000000083300000, 0x0000000083400000, 0x0000000083400000|100%| O|  |TAMS 0x0000000083400000, 0x0000000083300000| Untracked 
|  52|0x0000000083400000, 0x0000000083500000, 0x0000000083500000|100%| O|  |TAMS 0x0000000083400000, 0x0000000083400000| Untracked 
|  53|0x0000000083500000, 0x0000000083600000, 0x0000000083600000|100%| O|  |TAMS 0x0000000083600000, 0x0000000083500000| Untracked 
|  54|0x0000000083600000, 0x0000000083700000, 0x0000000083700000|100%| O|  |TAMS 0x0000000083700000, 0x0000000083600000| Untracked 
|  55|0x0000000083700000, 0x0000000083800000, 0x0000000083800000|100%| O|  |TAMS 0x0000000083800000, 0x0000000083700000| Untracked 
|  56|0x0000000083800000, 0x0000000083900000, 0x0000000083900000|100%| O|  |TAMS 0x0000000083900000, 0x0000000083800000| Untracked 
|  57|0x0000000083900000, 0x0000000083a00000, 0x0000000083a00000|100%| O|  |TAMS 0x0000000083a00000, 0x0000000083900000| Untracked 
|  58|0x0000000083a00000, 0x0000000083b00000, 0x0000000083b00000|100%| O|  |TAMS 0x0000000083a00000, 0x0000000083a00000| Untracked 
|  59|0x0000000083b00000, 0x0000000083c00000, 0x0000000083c00000|100%| O|  |TAMS 0x0000000083c00000, 0x0000000083b00000| Untracked 
|  60|0x0000000083c00000, 0x0000000083d00000, 0x0000000083d00000|100%| O|  |TAMS 0x0000000083d00000, 0x0000000083c00000| Untracked 
|  61|0x0000000083d00000, 0x0000000083e00000, 0x0000000083e00000|100%| O|  |TAMS 0x0000000083e00000, 0x0000000083d00000| Untracked 
|  62|0x0000000083e00000, 0x0000000083e00000, 0x0000000083f00000|  0%| F|  |TAMS 0x0000000083e00000, 0x0000000083e00000| Untracked 
|  63|0x0000000083f00000, 0x0000000084000000, 0x0000000084000000|100%| O|  |TAMS 0x0000000083f00000, 0x0000000083f00000| Untracked 
|  64|0x0000000084000000, 0x0000000084100000, 0x0000000084100000|100%| O|  |TAMS 0x0000000084000000, 0x0000000084000000| Untracked 
|  65|0x0000000084100000, 0x0000000084100000, 0x0000000084200000|  0%| F|  |TAMS 0x0000000084100000, 0x0000000084100000| Untracked 
|  66|0x0000000084200000, 0x0000000084300000, 0x0000000084300000|100%| O|  |TAMS 0x0000000084300000, 0x0000000084200000| Untracked 
|  67|0x0000000084300000, 0x0000000084400000, 0x0000000084400000|100%| O|  |TAMS 0x0000000084400000, 0x0000000084300000| Untracked 
|  68|0x0000000084400000, 0x0000000084500000, 0x0000000084500000|100%| O|  |TAMS 0x0000000084500000, 0x0000000084400000| Untracked 
|  69|0x0000000084500000, 0x0000000084600000, 0x0000000084600000|100%| O|  |TAMS 0x0000000084600000, 0x0000000084500000| Untracked 
|  70|0x0000000084600000, 0x0000000084700000, 0x0000000084700000|100%| O|  |TAMS 0x0000000084700000, 0x0000000084600000| Untracked 
|  71|0x0000000084700000, 0x0000000084800000, 0x0000000084800000|100%| O|  |TAMS 0x0000000084800000, 0x0000000084700000| Untracked 
|  72|0x0000000084800000, 0x0000000084900000, 0x0000000084900000|100%| O|  |TAMS 0x0000000084900000, 0x0000000084800000| Untracked 
|  73|0x0000000084900000, 0x0000000084a00000, 0x0000000084a00000|100%| O|  |TAMS 0x0000000084a00000, 0x0000000084900000| Untracked 
|  74|0x0000000084a00000, 0x0000000084b00000, 0x0000000084b00000|100%| O|  |TAMS 0x0000000084b00000, 0x0000000084a00000| Untracked 
|  75|0x0000000084b00000, 0x0000000084c00000, 0x0000000084c00000|100%| O|  |TAMS 0x0000000084c00000, 0x0000000084b00000| Untracked 
|  76|0x0000000084c00000, 0x0000000084d00000, 0x0000000084d00000|100%| O|  |TAMS 0x0000000084d00000, 0x0000000084c00000| Untracked 
|  77|0x0000000084d00000, 0x0000000084e00000, 0x0000000084e00000|100%| O|  |TAMS 0x0000000084e00000, 0x0000000084d00000| Untracked 
|  78|0x0000000084e00000, 0x0000000084f00000, 0x0000000084f00000|100%| O|  |TAMS 0x0000000084e00000, 0x0000000084e00000| Untracked 
|  79|0x0000000084f00000, 0x0000000085000000, 0x0000000085000000|100%| O|  |TAMS 0x0000000085000000, 0x0000000084f00000| Untracked 
|  80|0x0000000085000000, 0x0000000085100000, 0x0000000085100000|100%| O|  |TAMS 0x0000000085100000, 0x0000000085000000| Untracked 
|  81|0x0000000085100000, 0x0000000085200000, 0x0000000085200000|100%| O|  |TAMS 0x0000000085200000, 0x0000000085100000| Untracked 
|  82|0x0000000085200000, 0x0000000085300000, 0x0000000085300000|100%| O|  |TAMS 0x0000000085300000, 0x0000000085200000| Untracked 
|  83|0x0000000085300000, 0x0000000085400000, 0x0000000085400000|100%| O|  |TAMS 0x0000000085400000, 0x0000000085300000| Untracked 
|  84|0x0000000085400000, 0x0000000085500000, 0x0000000085500000|100%| O|  |TAMS 0x0000000085500000, 0x0000000085400000| Untracked 
|  85|0x0000000085500000, 0x0000000085600000, 0x0000000085600000|100%| O|  |TAMS 0x0000000085500000, 0x0000000085500000| Untracked 
|  86|0x0000000085600000, 0x0000000085700000, 0x0000000085700000|100%| O|  |TAMS 0x0000000085600000, 0x0000000085600000| Untracked 
|  87|0x0000000085700000, 0x0000000085800000, 0x0000000085800000|100%| O|  |TAMS 0x0000000085700000, 0x0000000085700000| Untracked 
|  88|0x0000000085800000, 0x0000000085900000, 0x0000000085900000|100%| O|  |TAMS 0x0000000085900000, 0x0000000085800000| Untracked 
|  89|0x0000000085900000, 0x0000000085a00000, 0x0000000085a00000|100%| O|  |TAMS 0x0000000085a00000, 0x0000000085900000| Untracked 
|  90|0x0000000085a00000, 0x0000000085b00000, 0x0000000085b00000|100%| O|  |TAMS 0x0000000085b00000, 0x0000000085a00000| Untracked 
|  91|0x0000000085b00000, 0x0000000085c00000, 0x0000000085c00000|100%| O|  |TAMS 0x0000000085c00000, 0x0000000085b00000| Untracked 
|  92|0x0000000085c00000, 0x0000000085d00000, 0x0000000085d00000|100%| O|  |TAMS 0x0000000085c00000, 0x0000000085c00000| Untracked 
|  93|0x0000000085d00000, 0x0000000085e00000, 0x0000000085e00000|100%| O|  |TAMS 0x0000000085e00000, 0x0000000085d00000| Untracked 
|  94|0x0000000085e00000, 0x0000000085f00000, 0x0000000085f00000|100%| O|  |TAMS 0x0000000085f00000, 0x0000000085e00000| Untracked 
|  95|0x0000000085f00000, 0x0000000086000000, 0x0000000086000000|100%| O|  |TAMS 0x0000000086000000, 0x0000000085f00000| Untracked 
|  96|0x0000000086000000, 0x0000000086100000, 0x0000000086100000|100%| O|  |TAMS 0x0000000086100000, 0x0000000086000000| Untracked 
|  97|0x0000000086100000, 0x0000000086200000, 0x0000000086200000|100%| O|  |TAMS 0x0000000086200000, 0x0000000086100000| Untracked 
|  98|0x0000000086200000, 0x0000000086300000, 0x0000000086300000|100%| O|  |TAMS 0x0000000086300000, 0x0000000086200000| Untracked 
|  99|0x0000000086300000, 0x0000000086400000, 0x0000000086400000|100%| O|  |TAMS 0x0000000086400000, 0x0000000086300000| Untracked 
| 100|0x0000000086400000, 0x0000000086500000, 0x0000000086500000|100%| O|  |TAMS 0x0000000086500000, 0x0000000086400000| Untracked 
| 101|0x0000000086500000, 0x0000000086600000, 0x0000000086600000|100%| O|  |TAMS 0x0000000086600000, 0x0000000086500000| Untracked 
| 102|0x0000000086600000, 0x0000000086700000, 0x0000000086700000|100%| O|  |TAMS 0x0000000086700000, 0x0000000086600000| Untracked 
| 103|0x0000000086700000, 0x0000000086800000, 0x0000000086800000|100%| O|  |TAMS 0x0000000086800000, 0x0000000086700000| Untracked 
| 104|0x0000000086800000, 0x0000000086900000, 0x0000000086900000|100%| O|  |TAMS 0x0000000086900000, 0x0000000086800000| Untracked 
| 105|0x0000000086900000, 0x0000000086a00000, 0x0000000086a00000|100%| O|  |TAMS 0x0000000086a00000, 0x0000000086900000| Untracked 
| 106|0x0000000086a00000, 0x0000000086b00000, 0x0000000086b00000|100%| O|  |TAMS 0x0000000086b00000, 0x0000000086a00000| Untracked 
| 107|0x0000000086b00000, 0x0000000086c00000, 0x0000000086c00000|100%| O|  |TAMS 0x0000000086c00000, 0x0000000086b00000| Untracked 
| 108|0x0000000086c00000, 0x0000000086d00000, 0x0000000086d00000|100%| O|  |TAMS 0x0000000086d00000, 0x0000000086c00000| Untracked 
| 109|0x0000000086d00000, 0x0000000086d00000, 0x0000000086e00000|  0%| F|  |TAMS 0x0000000086d00000, 0x0000000086d00000| Untracked 
| 110|0x0000000086e00000, 0x0000000086f00000, 0x0000000086f00000|100%| O|  |TAMS 0x0000000086f00000, 0x0000000086e00000| Untracked 
| 111|0x0000000086f00000, 0x0000000087000000, 0x0000000087000000|100%| O|  |TAMS 0x0000000087000000, 0x0000000086f00000| Untracked 
| 112|0x0000000087000000, 0x0000000087100000, 0x0000000087100000|100%| O|  |TAMS 0x0000000087100000, 0x0000000087000000| Untracked 
| 113|0x0000000087100000, 0x0000000087200000, 0x0000000087200000|100%| O|  |TAMS 0x0000000087200000, 0x0000000087100000| Untracked 
| 114|0x0000000087200000, 0x0000000087300000, 0x0000000087300000|100%| O|  |TAMS 0x0000000087300000, 0x0000000087200000| Untracked 
| 115|0x0000000087300000, 0x0000000087400000, 0x0000000087400000|100%| O|  |TAMS 0x0000000087400000, 0x0000000087300000| Untracked 
| 116|0x0000000087400000, 0x0000000087500000, 0x0000000087500000|100%| O|  |TAMS 0x0000000087500000, 0x0000000087400000| Untracked 
| 117|0x0000000087500000, 0x0000000087500000, 0x0000000087600000|  0%| F|  |TAMS 0x0000000087500000, 0x0000000087500000| Untracked 
| 118|0x0000000087600000, 0x0000000087700000, 0x0000000087700000|100%| O|  |TAMS 0x0000000087700000, 0x0000000087600000| Untracked 
| 119|0x0000000087700000, 0x0000000087800000, 0x0000000087800000|100%| O|  |TAMS 0x0000000087800000, 0x0000000087700000| Untracked 
| 120|0x0000000087800000, 0x0000000087900000, 0x0000000087900000|100%| O|  |TAMS 0x0000000087900000, 0x0000000087800000| Untracked 
| 121|0x0000000087900000, 0x0000000087a00000, 0x0000000087a00000|100%| O|  |TAMS 0x0000000087a00000, 0x0000000087900000| Untracked 
| 122|0x0000000087a00000, 0x0000000087b00000, 0x0000000087b00000|100%| O|  |TAMS 0x0000000087b00000, 0x0000000087a00000| Untracked 
| 123|0x0000000087b00000, 0x0000000087c00000, 0x0000000087c00000|100%| O|  |TAMS 0x0000000087c00000, 0x0000000087b00000| Untracked 
| 124|0x0000000087c00000, 0x0000000087d00000, 0x0000000087d00000|100%| O|  |TAMS 0x0000000087d00000, 0x0000000087c00000| Untracked 
| 125|0x0000000087d00000, 0x0000000087e00000, 0x0000000087e00000|100%| O|  |TAMS 0x0000000087e00000, 0x0000000087d00000| Untracked 
| 126|0x0000000087e00000, 0x0000000087f00000, 0x0000000087f00000|100%| O|  |TAMS 0x0000000087f00000, 0x0000000087e00000| Untracked 
| 127|0x0000000087f00000, 0x0000000088000000, 0x0000000088000000|100%| O|  |TAMS 0x0000000088000000, 0x0000000087f00000| Untracked 
| 128|0x0000000088000000, 0x0000000088100000, 0x0000000088100000|100%| O|  |TAMS 0x0000000088100000, 0x0000000088000000| Untracked 
| 129|0x0000000088100000, 0x0000000088200000, 0x0000000088200000|100%| O|  |TAMS 0x0000000088200000, 0x0000000088100000| Untracked 
| 130|0x0000000088200000, 0x0000000088300000, 0x0000000088300000|100%| O|  |TAMS 0x0000000088300000, 0x0000000088200000| Untracked 
| 131|0x0000000088300000, 0x0000000088400000, 0x0000000088400000|100%| O|  |TAMS 0x0000000088400000, 0x0000000088300000| Untracked 
| 132|0x0000000088400000, 0x0000000088400000, 0x0000000088500000|  0%| F|  |TAMS 0x0000000088400000, 0x0000000088400000| Untracked 
| 133|0x0000000088500000, 0x0000000088600000, 0x0000000088600000|100%| O|  |TAMS 0x0000000088500000, 0x0000000088500000| Untracked 
| 134|0x0000000088600000, 0x0000000088700000, 0x0000000088700000|100%| O|  |TAMS 0x0000000088600000, 0x0000000088600000| Untracked 
| 135|0x0000000088700000, 0x0000000088800000, 0x0000000088800000|100%| O|  |TAMS 0x0000000088700000, 0x0000000088700000| Untracked 
| 136|0x0000000088800000, 0x0000000088900000, 0x0000000088900000|100%| O|  |TAMS 0x0000000088800000, 0x0000000088800000| Untracked 
| 137|0x0000000088900000, 0x0000000088a00000, 0x0000000088a00000|100%| O|  |TAMS 0x0000000088900000, 0x0000000088900000| Untracked 
| 138|0x0000000088a00000, 0x0000000088b00000, 0x0000000088b00000|100%| O|  |TAMS 0x0000000088a00000, 0x0000000088a00000| Untracked 
| 139|0x0000000088b00000, 0x0000000088c00000, 0x0000000088c00000|100%| O|  |TAMS 0x0000000088b00000, 0x0000000088b00000| Untracked 
| 140|0x0000000088c00000, 0x0000000088d00000, 0x0000000088d00000|100%| O|  |TAMS 0x0000000088c00000, 0x0000000088c00000| Untracked 
| 141|0x0000000088d00000, 0x0000000088e00000, 0x0000000088e00000|100%| O|  |TAMS 0x0000000088d00000, 0x0000000088d00000| Untracked 
| 142|0x0000000088e00000, 0x0000000088f00000, 0x0000000088f00000|100%| O|  |TAMS 0x0000000088e00000, 0x0000000088e00000| Untracked 
| 143|0x0000000088f00000, 0x0000000089000000, 0x0000000089000000|100%| O|  |TAMS 0x0000000088f00000, 0x0000000088f00000| Untracked 
| 144|0x0000000089000000, 0x0000000089100000, 0x0000000089100000|100%| O|  |TAMS 0x0000000089000000, 0x0000000089000000| Untracked 
| 145|0x0000000089100000, 0x0000000089200000, 0x0000000089200000|100%| O|  |TAMS 0x0000000089100000, 0x0000000089100000| Untracked 
| 146|0x0000000089200000, 0x0000000089300000, 0x0000000089300000|100%| O|  |TAMS 0x0000000089200000, 0x0000000089200000| Untracked 
| 147|0x0000000089300000, 0x0000000089400000, 0x0000000089400000|100%| O|  |TAMS 0x0000000089300000, 0x0000000089300000| Untracked 
| 148|0x0000000089400000, 0x0000000089500000, 0x0000000089500000|100%| O|  |TAMS 0x0000000089400000, 0x0000000089400000| Untracked 
| 149|0x0000000089500000, 0x0000000089600000, 0x0000000089600000|100%| O|  |TAMS 0x0000000089500000, 0x0000000089500000| Untracked 
| 150|0x0000000089600000, 0x0000000089700000, 0x0000000089700000|100%| O|  |TAMS 0x0000000089600000, 0x0000000089600000| Untracked 
| 151|0x0000000089700000, 0x0000000089800000, 0x0000000089800000|100%| O|  |TAMS 0x0000000089700000, 0x0000000089700000| Untracked 
| 152|0x0000000089800000, 0x0000000089800000, 0x0000000089900000|  0%| F|  |TAMS 0x0000000089800000, 0x0000000089800000| Untracked 
| 153|0x0000000089900000, 0x0000000089900000, 0x0000000089a00000|  0%| F|  |TAMS 0x0000000089900000, 0x0000000089900000| Untracked 
| 154|0x0000000089a00000, 0x0000000089a00000, 0x0000000089b00000|  0%| F|  |TAMS 0x0000000089a00000, 0x0000000089a00000| Untracked 
| 155|0x0000000089b00000, 0x0000000089b00000, 0x0000000089c00000|  0%| F|  |TAMS 0x0000000089b00000, 0x0000000089b00000| Untracked 
| 156|0x0000000089c00000, 0x0000000089c00000, 0x0000000089d00000|  0%| F|  |TAMS 0x0000000089c00000, 0x0000000089c00000| Untracked 
| 157|0x0000000089d00000, 0x0000000089d00000, 0x0000000089e00000|  0%| F|  |TAMS 0x0000000089d00000, 0x0000000089d00000| Untracked 
| 158|0x0000000089e00000, 0x0000000089e00000, 0x0000000089f00000|  0%| F|  |TAMS 0x0000000089e00000, 0x0000000089e00000| Untracked 
| 159|0x0000000089f00000, 0x0000000089f00000, 0x000000008a000000|  0%| F|  |TAMS 0x0000000089f00000, 0x0000000089f00000| Untracked 
| 160|0x000000008a000000, 0x000000008a000000, 0x000000008a100000|  0%| F|  |TAMS 0x000000008a000000, 0x000000008a000000| Untracked 
| 161|0x000000008a100000, 0x000000008a100000, 0x000000008a200000|  0%| F|  |TAMS 0x000000008a100000, 0x000000008a100000| Untracked 
| 162|0x000000008a200000, 0x000000008a200000, 0x000000008a300000|  0%| F|  |TAMS 0x000000008a200000, 0x000000008a200000| Untracked 
| 163|0x000000008a300000, 0x000000008a300000, 0x000000008a400000|  0%| F|  |TAMS 0x000000008a300000, 0x000000008a300000| Untracked 
| 164|0x000000008a400000, 0x000000008a400000, 0x000000008a500000|  0%| F|  |TAMS 0x000000008a400000, 0x000000008a400000| Untracked 
| 165|0x000000008a500000, 0x000000008a500000, 0x000000008a600000|  0%| F|  |TAMS 0x000000008a500000, 0x000000008a500000| Untracked 
| 166|0x000000008a600000, 0x000000008a600000, 0x000000008a700000|  0%| F|  |TAMS 0x000000008a600000, 0x000000008a600000| Untracked 
| 167|0x000000008a700000, 0x000000008a700000, 0x000000008a800000|  0%| F|  |TAMS 0x000000008a700000, 0x000000008a700000| Untracked 
| 168|0x000000008a800000, 0x000000008a800000, 0x000000008a900000|  0%| F|  |TAMS 0x000000008a800000, 0x000000008a800000| Untracked 
| 169|0x000000008a900000, 0x000000008a900000, 0x000000008aa00000|  0%| F|  |TAMS 0x000000008a900000, 0x000000008a900000| Untracked 
| 170|0x000000008aa00000, 0x000000008aa00000, 0x000000008ab00000|  0%| F|  |TAMS 0x000000008aa00000, 0x000000008aa00000| Untracked 
| 171|0x000000008ab00000, 0x000000008ab00000, 0x000000008ac00000|  0%| F|  |TAMS 0x000000008ab00000, 0x000000008ab00000| Untracked 
| 172|0x000000008ac00000, 0x000000008ac00000, 0x000000008ad00000|  0%| F|  |TAMS 0x000000008ac00000, 0x000000008ac00000| Untracked 
| 173|0x000000008ad00000, 0x000000008ad00000, 0x000000008ae00000|  0%| F|  |TAMS 0x000000008ad00000, 0x000000008ad00000| Untracked 
| 174|0x000000008ae00000, 0x000000008ae00000, 0x000000008af00000|  0%| F|  |TAMS 0x000000008ae00000, 0x000000008ae00000| Untracked 
| 175|0x000000008af00000, 0x000000008af00000, 0x000000008b000000|  0%| F|  |TAMS 0x000000008af00000, 0x000000008af00000| Untracked 
| 176|0x000000008b000000, 0x000000008b000000, 0x000000008b100000|  0%| F|  |TAMS 0x000000008b000000, 0x000000008b000000| Untracked 
| 177|0x000000008b100000, 0x000000008b100000, 0x000000008b200000|  0%| F|  |TAMS 0x000000008b100000, 0x000000008b100000| Untracked 
| 178|0x000000008b200000, 0x000000008b200000, 0x000000008b300000|  0%| F|  |TAMS 0x000000008b200000, 0x000000008b200000| Untracked 
| 179|0x000000008b300000, 0x000000008b300000, 0x000000008b400000|  0%| F|  |TAMS 0x000000008b300000, 0x000000008b300000| Untracked 
| 180|0x000000008b400000, 0x000000008b400000, 0x000000008b500000|  0%| F|  |TAMS 0x000000008b400000, 0x000000008b400000| Untracked 
| 181|0x000000008b500000, 0x000000008b500000, 0x000000008b600000|  0%| F|  |TAMS 0x000000008b500000, 0x000000008b500000| Untracked 
| 182|0x000000008b600000, 0x000000008b600000, 0x000000008b700000|  0%| F|  |TAMS 0x000000008b600000, 0x000000008b600000| Untracked 
| 183|0x000000008b700000, 0x000000008b700000, 0x000000008b800000|  0%| F|  |TAMS 0x000000008b700000, 0x000000008b700000| Untracked 
| 184|0x000000008b800000, 0x000000008b800000, 0x000000008b900000|  0%| F|  |TAMS 0x000000008b800000, 0x000000008b800000| Untracked 
| 185|0x000000008b900000, 0x000000008b900000, 0x000000008ba00000|  0%| F|  |TAMS 0x000000008b900000, 0x000000008b900000| Untracked 
| 186|0x000000008ba00000, 0x000000008ba00000, 0x000000008bb00000|  0%| F|  |TAMS 0x000000008ba00000, 0x000000008ba00000| Untracked 
| 187|0x000000008bb00000, 0x000000008bb00000, 0x000000008bc00000|  0%| F|  |TAMS 0x000000008bb00000, 0x000000008bb00000| Untracked 
| 188|0x000000008bc00000, 0x000000008bc00000, 0x000000008bd00000|  0%| F|  |TAMS 0x000000008bc00000, 0x000000008bc00000| Untracked 
| 189|0x000000008bd00000, 0x000000008bd00000, 0x000000008be00000|  0%| F|  |TAMS 0x000000008bd00000, 0x000000008bd00000| Untracked 
| 190|0x000000008be00000, 0x000000008be00000, 0x000000008bf00000|  0%| F|  |TAMS 0x000000008be00000, 0x000000008be00000| Untracked 
| 191|0x000000008bf00000, 0x000000008bf00000, 0x000000008c000000|  0%| F|  |TAMS 0x000000008bf00000, 0x000000008bf00000| Untracked 
| 192|0x000000008c000000, 0x000000008c000000, 0x000000008c100000|  0%| F|  |TAMS 0x000000008c000000, 0x000000008c000000| Untracked 
| 193|0x000000008c100000, 0x000000008c100000, 0x000000008c200000|  0%| F|  |TAMS 0x000000008c100000, 0x000000008c100000| Untracked 
| 194|0x000000008c200000, 0x000000008c200000, 0x000000008c300000|  0%| F|  |TAMS 0x000000008c200000, 0x000000008c200000| Untracked 
| 195|0x000000008c300000, 0x000000008c300000, 0x000000008c400000|  0%| F|  |TAMS 0x000000008c300000, 0x000000008c300000| Untracked 
| 196|0x000000008c400000, 0x000000008c400000, 0x000000008c500000|  0%| F|  |TAMS 0x000000008c400000, 0x000000008c400000| Untracked 
| 197|0x000000008c500000, 0x000000008c500000, 0x000000008c600000|  0%| F|  |TAMS 0x000000008c500000, 0x000000008c500000| Untracked 
| 198|0x000000008c600000, 0x000000008c600000, 0x000000008c700000|  0%| F|  |TAMS 0x000000008c600000, 0x000000008c600000| Untracked 
| 199|0x000000008c700000, 0x000000008c700000, 0x000000008c800000|  0%| F|  |TAMS 0x000000008c700000, 0x000000008c700000| Untracked 
| 200|0x000000008c800000, 0x000000008c800000, 0x000000008c900000|  0%| F|  |TAMS 0x000000008c800000, 0x000000008c800000| Untracked 
| 201|0x000000008c900000, 0x000000008c900000, 0x000000008ca00000|  0%| F|  |TAMS 0x000000008c900000, 0x000000008c900000| Untracked 
| 202|0x000000008ca00000, 0x000000008ca00000, 0x000000008cb00000|  0%| F|  |TAMS 0x000000008ca00000, 0x000000008ca00000| Untracked 
| 203|0x000000008cb00000, 0x000000008cb00000, 0x000000008cc00000|  0%| F|  |TAMS 0x000000008cb00000, 0x000000008cb00000| Untracked 
| 204|0x000000008cc00000, 0x000000008cc00000, 0x000000008cd00000|  0%| F|  |TAMS 0x000000008cc00000, 0x000000008cc00000| Untracked 
| 205|0x000000008cd00000, 0x000000008cd00000, 0x000000008ce00000|  0%| F|  |TAMS 0x000000008cd00000, 0x000000008cd00000| Untracked 
| 206|0x000000008ce00000, 0x000000008ce00000, 0x000000008cf00000|  0%| F|  |TAMS 0x000000008ce00000, 0x000000008ce00000| Untracked 
| 207|0x000000008cf00000, 0x000000008cf00000, 0x000000008d000000|  0%| F|  |TAMS 0x000000008cf00000, 0x000000008cf00000| Untracked 
| 208|0x000000008d000000, 0x000000008d000000, 0x000000008d100000|  0%| F|  |TAMS 0x000000008d000000, 0x000000008d000000| Untracked 
| 209|0x000000008d100000, 0x000000008d100000, 0x000000008d200000|  0%| F|  |TAMS 0x000000008d100000, 0x000000008d100000| Untracked 
| 210|0x000000008d200000, 0x000000008d200000, 0x000000008d300000|  0%| F|  |TAMS 0x000000008d200000, 0x000000008d200000| Untracked 
| 211|0x000000008d300000, 0x000000008d300000, 0x000000008d400000|  0%| F|  |TAMS 0x000000008d300000, 0x000000008d300000| Untracked 
| 212|0x000000008d400000, 0x000000008d400000, 0x000000008d500000|  0%| F|  |TAMS 0x000000008d400000, 0x000000008d400000| Untracked 
| 213|0x000000008d500000, 0x000000008d500000, 0x000000008d600000|  0%| F|  |TAMS 0x000000008d500000, 0x000000008d500000| Untracked 
| 214|0x000000008d600000, 0x000000008d600000, 0x000000008d700000|  0%| F|  |TAMS 0x000000008d600000, 0x000000008d600000| Untracked 
| 215|0x000000008d700000, 0x000000008d700000, 0x000000008d800000|  0%| F|  |TAMS 0x000000008d700000, 0x000000008d700000| Untracked 
| 216|0x000000008d800000, 0x000000008d800000, 0x000000008d900000|  0%| F|  |TAMS 0x000000008d800000, 0x000000008d800000| Untracked 
| 217|0x000000008d900000, 0x000000008d900000, 0x000000008da00000|  0%| F|  |TAMS 0x000000008d900000, 0x000000008d900000| Untracked 
| 218|0x000000008da00000, 0x000000008da00000, 0x000000008db00000|  0%| F|  |TAMS 0x000000008da00000, 0x000000008da00000| Untracked 
| 219|0x000000008db00000, 0x000000008db00000, 0x000000008dc00000|  0%| F|  |TAMS 0x000000008db00000, 0x000000008db00000| Untracked 
| 220|0x000000008dc00000, 0x000000008dc00000, 0x000000008dd00000|  0%| F|  |TAMS 0x000000008dc00000, 0x000000008dc00000| Untracked 
| 221|0x000000008dd00000, 0x000000008dd00000, 0x000000008de00000|  0%| F|  |TAMS 0x000000008dd00000, 0x000000008dd00000| Untracked 
| 222|0x000000008de00000, 0x000000008de00000, 0x000000008df00000|  0%| F|  |TAMS 0x000000008de00000, 0x000000008de00000| Untracked 
| 223|0x000000008df00000, 0x000000008df00000, 0x000000008e000000|  0%| F|  |TAMS 0x000000008df00000, 0x000000008df00000| Untracked 
| 224|0x000000008e000000, 0x000000008e000000, 0x000000008e100000|  0%| F|  |TAMS 0x000000008e000000, 0x000000008e000000| Untracked 
| 225|0x000000008e100000, 0x000000008e100000, 0x000000008e200000|  0%| F|  |TAMS 0x000000008e100000, 0x000000008e100000| Untracked 
| 226|0x000000008e200000, 0x000000008e200000, 0x000000008e300000|  0%| F|  |TAMS 0x000000008e200000, 0x000000008e200000| Untracked 
| 227|0x000000008e300000, 0x000000008e300000, 0x000000008e400000|  0%| F|  |TAMS 0x000000008e300000, 0x000000008e300000| Untracked 
| 228|0x000000008e400000, 0x000000008e400000, 0x000000008e500000|  0%| F|  |TAMS 0x000000008e400000, 0x000000008e400000| Untracked 
| 229|0x000000008e500000, 0x000000008e500000, 0x000000008e600000|  0%| F|  |TAMS 0x000000008e500000, 0x000000008e500000| Untracked 
| 230|0x000000008e600000, 0x000000008e600000, 0x000000008e700000|  0%| F|  |TAMS 0x000000008e600000, 0x000000008e600000| Untracked 
| 231|0x000000008e700000, 0x000000008e700000, 0x000000008e800000|  0%| F|  |TAMS 0x000000008e700000, 0x000000008e700000| Untracked 
| 232|0x000000008e800000, 0x000000008e800000, 0x000000008e900000|  0%| F|  |TAMS 0x000000008e800000, 0x000000008e800000| Untracked 
| 233|0x000000008e900000, 0x000000008e900000, 0x000000008ea00000|  0%| F|  |TAMS 0x000000008e900000, 0x000000008e900000| Untracked 
| 234|0x000000008ea00000, 0x000000008ea00000, 0x000000008eb00000|  0%| F|  |TAMS 0x000000008ea00000, 0x000000008ea00000| Untracked 
| 235|0x000000008eb00000, 0x000000008eb00000, 0x000000008ec00000|  0%| F|  |TAMS 0x000000008eb00000, 0x000000008eb00000| Untracked 
| 236|0x000000008ec00000, 0x000000008ec00000, 0x000000008ed00000|  0%| F|  |TAMS 0x000000008ec00000, 0x000000008ec00000| Untracked 
| 237|0x000000008ed00000, 0x000000008ed00000, 0x000000008ee00000|  0%| F|  |TAMS 0x000000008ed00000, 0x000000008ed00000| Untracked 
| 238|0x000000008ee00000, 0x000000008ee00000, 0x000000008ef00000|  0%| F|  |TAMS 0x000000008ee00000, 0x000000008ee00000| Untracked 
| 239|0x000000008ef00000, 0x000000008ef00000, 0x000000008f000000|  0%| F|  |TAMS 0x000000008ef00000, 0x000000008ef00000| Untracked 
| 240|0x000000008f000000, 0x000000008f000000, 0x000000008f100000|  0%| F|  |TAMS 0x000000008f000000, 0x000000008f000000| Untracked 
| 241|0x000000008f100000, 0x000000008f100000, 0x000000008f200000|  0%| F|  |TAMS 0x000000008f100000, 0x000000008f100000| Untracked 
| 242|0x000000008f200000, 0x000000008f200000, 0x000000008f300000|  0%| F|  |TAMS 0x000000008f200000, 0x000000008f200000| Untracked 
| 243|0x000000008f300000, 0x000000008f300000, 0x000000008f400000|  0%| F|  |TAMS 0x000000008f300000, 0x000000008f300000| Untracked 
| 244|0x000000008f400000, 0x000000008f400000, 0x000000008f500000|  0%| F|  |TAMS 0x000000008f400000, 0x000000008f400000| Untracked 
| 245|0x000000008f500000, 0x000000008f500000, 0x000000008f600000|  0%| F|  |TAMS 0x000000008f500000, 0x000000008f500000| Untracked 
| 246|0x000000008f600000, 0x000000008f600000, 0x000000008f700000|  0%| F|  |TAMS 0x000000008f600000, 0x000000008f600000| Untracked 
| 247|0x000000008f700000, 0x000000008f700000, 0x000000008f800000|  0%| F|  |TAMS 0x000000008f700000, 0x000000008f700000| Untracked 
| 248|0x000000008f800000, 0x000000008f800000, 0x000000008f900000|  0%| F|  |TAMS 0x000000008f800000, 0x000000008f800000| Untracked 
| 249|0x000000008f900000, 0x000000008f900000, 0x000000008fa00000|  0%| F|  |TAMS 0x000000008f900000, 0x000000008f900000| Untracked 
| 250|0x000000008fa00000, 0x000000008fa00000, 0x000000008fb00000|  0%| F|  |TAMS 0x000000008fa00000, 0x000000008fa00000| Untracked 
| 251|0x000000008fb00000, 0x000000008fb00000, 0x000000008fc00000|  0%| F|  |TAMS 0x000000008fb00000, 0x000000008fb00000| Untracked 
| 252|0x000000008fc00000, 0x000000008fc00000, 0x000000008fd00000|  0%| F|  |TAMS 0x000000008fc00000, 0x000000008fc00000| Untracked 
| 253|0x000000008fd00000, 0x000000008fd00000, 0x000000008fe00000|  0%| F|  |TAMS 0x000000008fd00000, 0x000000008fd00000| Untracked 
| 254|0x000000008fe00000, 0x000000008fe00000, 0x000000008ff00000|  0%| F|  |TAMS 0x000000008fe00000, 0x000000008fe00000| Untracked 
| 255|0x000000008ff00000, 0x000000008ff00000, 0x0000000090000000|  0%| F|  |TAMS 0x000000008ff00000, 0x000000008ff00000| Untracked 
| 256|0x0000000090000000, 0x0000000090000000, 0x0000000090100000|  0%| F|  |TAMS 0x0000000090000000, 0x0000000090000000| Untracked 
| 257|0x0000000090100000, 0x0000000090100000, 0x0000000090200000|  0%| F|  |TAMS 0x0000000090100000, 0x0000000090100000| Untracked 
| 258|0x0000000090200000, 0x0000000090200000, 0x0000000090300000|  0%| F|  |TAMS 0x0000000090200000, 0x0000000090200000| Untracked 
| 259|0x0000000090300000, 0x0000000090300000, 0x0000000090400000|  0%| F|  |TAMS 0x0000000090300000, 0x0000000090300000| Untracked 
| 260|0x0000000090400000, 0x0000000090400000, 0x0000000090500000|  0%| F|  |TAMS 0x0000000090400000, 0x0000000090400000| Untracked 
| 261|0x0000000090500000, 0x0000000090500000, 0x0000000090600000|  0%| F|  |TAMS 0x0000000090500000, 0x0000000090500000| Untracked 
| 262|0x0000000090600000, 0x0000000090600000, 0x0000000090700000|  0%| F|  |TAMS 0x0000000090600000, 0x0000000090600000| Untracked 
| 263|0x0000000090700000, 0x0000000090700000, 0x0000000090800000|  0%| F|  |TAMS 0x0000000090700000, 0x0000000090700000| Untracked 
| 264|0x0000000090800000, 0x0000000090800000, 0x0000000090900000|  0%| F|  |TAMS 0x0000000090800000, 0x0000000090800000| Untracked 
| 265|0x0000000090900000, 0x000000009096e770, 0x0000000090a00000| 43%| S|CS|TAMS 0x0000000090900000, 0x0000000090900000| Complete 
| 266|0x0000000090a00000, 0x0000000090b00000, 0x0000000090b00000|100%| S|CS|TAMS 0x0000000090a00000, 0x0000000090a00000| Complete 
| 267|0x0000000090b00000, 0x0000000090b00000, 0x0000000090c00000|  0%| F|  |TAMS 0x0000000090b00000, 0x0000000090b00000| Untracked 
| 268|0x0000000090c00000, 0x0000000090c00000, 0x0000000090d00000|  0%| F|  |TAMS 0x0000000090c00000, 0x0000000090c00000| Untracked 
| 269|0x0000000090d00000, 0x0000000090d00000, 0x0000000090e00000|  0%| F|  |TAMS 0x0000000090d00000, 0x0000000090d00000| Untracked 

Card table byte_map: [0x0000022974890000,0x0000022974c90000] _byte_map_base: 0x0000022974490000

Marking Bits (Prev, Next): (CMBitMap*) 0x000002296f224c60, (CMBitMap*) 0x000002296f224ca0
 Prev Bits: [0x0000022975090000, 0x0000022977090000)
 Next Bits: [0x0000022977090000, 0x0000022979090000)

Polling page: 0x000002296f290000

Metaspace:

Usage:
  Non-class:    100.39 MB used.
      Class:     15.43 MB used.
       Both:    115.82 MB used.

Virtual space:
  Non-class space:      104.00 MB reserved,     100.75 MB ( 97%) committed,  13 nodes.
      Class space:        1.00 GB reserved,      15.75 MB (  2%) committed,  1 nodes.
             Both:        1.10 GB reserved,     116.50 MB ( 10%) committed. 

Chunk freelists:
   Non-Class:  2.66 MB
       Class:  272.00 KB
        Both:  2.92 MB

MaxMetaspaceSize: unlimited
CompressedClassSpaceSize: 1.00 GB
Initial GC threshold: 21.00 MB
Current GC threshold: 188.56 MB
CDS: off
MetaspaceReclaimPolicy: balanced
 - commit_granule_bytes: 65536.
 - commit_granule_words: 8192.
 - virtual_space_node_default_size: 1048576.
 - enlarge_chunks_in_place: 1.
 - new_chunks_are_fully_committed: 0.
 - uncommit_free_chunks: 1.
 - use_allocation_guard: 0.
 - handle_deallocations: 1.


Internal statistics:

num_allocs_failed_limit: 23.
num_arena_births: 1182.
num_arena_deaths: 22.
num_vsnodes_births: 14.
num_vsnodes_deaths: 0.
num_space_committed: 1862.
num_space_uncommitted: 0.
num_chunks_returned_to_freelist: 55.
num_chunks_taken_from_freelist: 5628.
num_chunk_merges: 32.
num_chunk_splits: 3808.
num_chunks_enlarged: 2649.
num_purges: 4.
num_inconsistent_stats: 0.

CodeHeap 'non-profiled nmethods': size=120000Kb used=8568Kb max_used=8568Kb free=111431Kb
 bounds [0x0000022907ad0000, 0x0000022908350000, 0x000002290f000000]
CodeHeap 'profiled nmethods': size=120000Kb used=26182Kb max_used=26182Kb free=93817Kb
 bounds [0x0000022900000000, 0x00000229019a0000, 0x0000022907530000]
CodeHeap 'non-nmethods': size=5760Kb used=2423Kb max_used=2481Kb free=3336Kb
 bounds [0x0000022907530000, 0x00000229077b0000, 0x0000022907ad0000]
 total_blobs=14237 nmethods=13284 adapters=865
 compilation: enabled
              stopped_count=0, restarted_count=0
 full_count=0

Compilation events (20 events):
Event: 168.819 Thread 0x000002297c1238a0 15763       3       com.android.tools.r8.internal.US::size (6 bytes)
Event: 168.820 Thread 0x000002297c1238a0 nmethod 15763 0x000002290198e890 code [0x000002290198ea20, 0x000002290198eb38]
Event: 168.820 Thread 0x000002297c1238a0 15764       3       java.util.LinkedList$ListItr::previous (70 bytes)
Event: 168.821 Thread 0x000002297c1238a0 nmethod 15764 0x000002290198ec10 code [0x000002290198ee00, 0x000002290198f378]
Event: 168.821 Thread 0x000002297c1238a0 15766       3       java.util.BitSet::get (69 bytes)
Event: 168.822 Thread 0x000002297c1238a0 nmethod 15766 0x000002290198f590 code [0x000002290198f7e0, 0x000002290198ffc8]
Event: 168.822 Thread 0x000002297c1238a0 15770       3       com.android.tools.r8.internal.fu::j0 (2 bytes)
Event: 168.822 Thread 0x000002297c1238a0 nmethod 15770 0x0000022901990310 code [0x00000229019904a0, 0x00000229019905b8]
Event: 168.822 Thread 0x000002297c1238a0 15767       1       com.android.tools.r8.ir.regalloc.c::r (5 bytes)
Event: 168.822 Thread 0x000002297c1238a0 nmethod 15767 0x00000229080a6590 code [0x00000229080a6720, 0x00000229080a67f8]
Event: 168.822 Thread 0x000002297c1238a0 15760       3       com.android.tools.r8.internal.U10::L (23 bytes)
Event: 168.822 Thread 0x000002297c1238a0 nmethod 15760 0x0000022901990690 code [0x0000022901990860, 0x0000022901990c88]
Event: 168.822 Thread 0x000002297c1238a0 15769       3       com.android.tools.r8.internal.B00::O (33 bytes)
Event: 168.822 Thread 0x000002297c1238a0 nmethod 15769 0x0000022901990e10 code [0x0000022901990fa0, 0x00000229019910b8]
Event: 168.822 Thread 0x000002297c1238a0 15768       1       com.android.tools.r8.internal.B00::I (2 bytes)
Event: 168.822 Thread 0x000002297c1238a0 nmethod 15768 0x00000229080a6290 code [0x00000229080a6420, 0x00000229080a64f8]
Event: 168.825 Thread 0x000002297c1238a0 15772       3       com.android.tools.r8.graph.m::c (9 bytes)
Event: 168.825 Thread 0x000002297c1238a0 nmethod 15772 0x0000022901991190 code [0x0000022901991340, 0x0000022901991538]
Event: 168.825 Thread 0x000002297c1238a0 15773       3       com.android.tools.r8.internal.jl::<init> (10 bytes)
Event: 168.825 Thread 0x000002297c1238a0 nmethod 15773 0x0000022901991610 code [0x00000229019917a0, 0x0000022901991958]

GC Heap History (20 events):
Event: 19.633 GC heap after
{Heap after GC invocations=35 (full 0):
 garbage-first heap   total 233472K, used 89931K [0x0000000080000000, 0x0000000100000000)
  region size 1024K, 9 young (9216K), 9 survivors (9216K)
 Metaspace       used 94551K, committed 95168K, reserved 1138688K
  class space    used 12717K, committed 12992K, reserved 1048576K
}
Event: 21.114 GC heap before
{Heap before GC invocations=35 (full 0):
 garbage-first heap   total 233472K, used 177995K [0x0000000080000000, 0x0000000100000000)
  region size 1024K, 96 young (98304K), 9 survivors (9216K)
 Metaspace       used 95378K, committed 96064K, reserved 1138688K
  class space    used 12803K, committed 13120K, reserved 1048576K
}
Event: 21.133 GC heap after
{Heap after GC invocations=36 (full 0):
 garbage-first heap   total 233472K, used 96256K [0x0000000080000000, 0x0000000100000000)
  region size 1024K, 8 young (8192K), 8 survivors (8192K)
 Metaspace       used 95378K, committed 96064K, reserved 1138688K
  class space    used 12803K, committed 13120K, reserved 1048576K
}
Event: 162.204 GC heap before
{Heap before GC invocations=36 (full 0):
 garbage-first heap   total 233472K, used 183296K [0x0000000080000000, 0x0000000100000000)
  region size 1024K, 94 young (96256K), 8 survivors (8192K)
 Metaspace       used 102209K, committed 102976K, reserved 1138688K
  class space    used 13439K, committed 13824K, reserved 1048576K
}
Event: 162.243 GC heap after
{Heap after GC invocations=37 (full 0):
 garbage-first heap   total 233472K, used 103530K [0x0000000080000000, 0x0000000100000000)
  region size 1024K, 8 young (8192K), 8 survivors (8192K)
 Metaspace       used 102209K, committed 102976K, reserved 1138688K
  class space    used 13439K, committed 13824K, reserved 1048576K
}
Event: 165.955 GC heap before
{Heap before GC invocations=37 (full 0):
 garbage-first heap   total 233472K, used 184426K [0x0000000080000000, 0x0000000100000000)
  region size 1024K, 88 young (90112K), 8 survivors (8192K)
 Metaspace       used 106729K, committed 107456K, reserved 1146880K
  class space    used 14024K, committed 14336K, reserved 1048576K
}
Event: 165.978 GC heap after
{Heap after GC invocations=38 (full 0):
 garbage-first heap   total 233472K, used 111986K [0x0000000080000000, 0x0000000100000000)
  region size 1024K, 9 young (9216K), 9 survivors (9216K)
 Metaspace       used 106729K, committed 107456K, reserved 1146880K
  class space    used 14024K, committed 14336K, reserved 1048576K
}
Event: 166.294 GC heap before
{Heap before GC invocations=38 (full 0):
 garbage-first heap   total 233472K, used 145778K [0x0000000080000000, 0x0000000100000000)
  region size 1024K, 44 young (45056K), 9 survivors (9216K)
 Metaspace       used 108984K, committed 109696K, reserved 1146880K
  class space    used 14335K, committed 14656K, reserved 1048576K
}
Event: 166.315 GC heap after
{Heap after GC invocations=39 (full 0):
 garbage-first heap   total 233472K, used 118494K [0x0000000080000000, 0x0000000100000000)
  region size 1024K, 7 young (7168K), 7 survivors (7168K)
 Metaspace       used 108984K, committed 109696K, reserved 1146880K
  class space    used 14335K, committed 14656K, reserved 1048576K
}
Event: 167.058 GC heap before
{Heap before GC invocations=40 (full 0):
 garbage-first heap   total 233472K, used 184030K [0x0000000080000000, 0x0000000100000000)
  region size 1024K, 71 young (72704K), 7 survivors (7168K)
 Metaspace       used 112144K, committed 112896K, reserved 1155072K
  class space    used 14794K, committed 15168K, reserved 1048576K
}
Event: 167.090 GC heap after
{Heap after GC invocations=41 (full 0):
 garbage-first heap   total 233472K, used 130048K [0x0000000080000000, 0x0000000100000000)
  region size 1024K, 9 young (9216K), 9 survivors (9216K)
 Metaspace       used 112144K, committed 112896K, reserved 1155072K
  class space    used 14794K, committed 15168K, reserved 1048576K
}
Event: 167.133 GC heap before
{Heap before GC invocations=41 (full 0):
 garbage-first heap   total 233472K, used 132096K [0x0000000080000000, 0x0000000100000000)
  region size 1024K, 11 young (11264K), 9 survivors (9216K)
 Metaspace       used 112241K, committed 112960K, reserved 1155072K
  class space    used 14809K, committed 15168K, reserved 1048576K
}
Event: 167.161 GC heap after
{Heap after GC invocations=42 (full 0):
 garbage-first heap   total 233472K, used 125732K [0x0000000080000000, 0x0000000100000000)
  region size 1024K, 2 young (2048K), 2 survivors (2048K)
 Metaspace       used 112241K, committed 112960K, reserved 1155072K
  class space    used 14809K, committed 15168K, reserved 1048576K
}
Event: 167.759 GC heap before
{Heap before GC invocations=42 (full 0):
 garbage-first heap   total 233472K, used 183076K [0x0000000080000000, 0x0000000100000000)
  region size 1024K, 59 young (60416K), 2 survivors (2048K)
 Metaspace       used 114875K, committed 115584K, reserved 1155072K
  class space    used 15159K, committed 15488K, reserved 1048576K
}
Event: 167.786 GC heap after
{Heap after GC invocations=43 (full 0):
 garbage-first heap   total 233472K, used 134144K [0x0000000080000000, 0x0000000100000000)
  region size 1024K, 8 young (8192K), 8 survivors (8192K)
 Metaspace       used 114875K, committed 115584K, reserved 1155072K
  class space    used 15159K, committed 15488K, reserved 1048576K
}
Event: 168.108 GC heap before
{Heap before GC invocations=43 (full 0):
 garbage-first heap   total 276480K, used 187392K [0x0000000080000000, 0x0000000100000000)
  region size 1024K, 60 young (61440K), 8 survivors (8192K)
 Metaspace       used 115093K, committed 115840K, reserved 1155072K
  class space    used 15189K, committed 15552K, reserved 1048576K
}
Event: 168.129 GC heap after
{Heap after GC invocations=44 (full 0):
 garbage-first heap   total 276480K, used 142868K [0x0000000080000000, 0x0000000100000000)
  region size 1024K, 8 young (8192K), 8 survivors (8192K)
 Metaspace       used 115093K, committed 115840K, reserved 1155072K
  class space    used 15189K, committed 15552K, reserved 1048576K
}
Event: 168.782 GC heap before
{Heap before GC invocations=45 (full 0):
 garbage-first heap   total 276480K, used 217620K [0x0000000080000000, 0x0000000100000000)
  region size 1024K, 81 young (82944K), 8 survivors (8192K)
 Metaspace       used 118566K, committed 119296K, reserved 1155072K
  class space    used 15793K, committed 16128K, reserved 1048576K
}
Event: 168.807 GC heap after
{Heap after GC invocations=46 (full 0):
 garbage-first heap   total 276480K, used 153342K [0x0000000080000000, 0x0000000100000000)
  region size 1024K, 10 young (10240K), 10 survivors (10240K)
 Metaspace       used 118566K, committed 119296K, reserved 1155072K
  class space    used 15793K, committed 16128K, reserved 1048576K
}
Event: 168.828 GC heap before
{Heap before GC invocations=46 (full 0):
 garbage-first heap   total 276480K, used 156414K [0x0000000080000000, 0x0000000100000000)
  region size 1024K, 13 young (13312K), 10 survivors (10240K)
 Metaspace       used 118604K, committed 119296K, reserved 1155072K
  class space    used 15800K, committed 16128K, reserved 1048576K
}

Dll operation events (2 events):
Event: 0.011 Loaded shared library C:\Program Files\Android\Android Studio1\jbr\bin\java.dll
Event: 0.646 Loaded shared library C:\Program Files\Android\Android Studio1\jbr\bin\verify.dll

Deoptimization events (20 events):
Event: 168.815 Thread 0x000002297f0e35d0 DEOPT PACKING pc=0x000002290193164f sp=0x000000e4c84f96c0
Event: 168.815 Thread 0x000002297f0e35d0 DEOPT UNPACKING pc=0x000002290758ace3 sp=0x000000e4c84f8e28 mode 0
Event: 168.816 Thread 0x000002297e8a7530 Uncommon trap: trap_request=0xffffffc6 fr.pc=0x0000022907ffde88 relative=0x0000000000000888
Event: 168.816 Thread 0x000002297e8a7530 Uncommon trap: reason=bimorphic_or_optimized_type_check action=maybe_recompile pc=0x0000022907ffde88 method=java.util.function.Predicate.lambda$or$2(Ljava/util/function/Predicate;Ljava/lang/Object;)Z @ 2 c2
Event: 168.816 Thread 0x000002297e8a7530 DEOPT PACKING pc=0x0000022907ffde88 sp=0x000000e4ca9f6f70
Event: 168.816 Thread 0x000002297e8a7530 DEOPT UNPACKING pc=0x000002290758a1a3 sp=0x000000e4ca9f6eb8 mode 2
Event: 168.817 Thread 0x000002297e8a7530 Uncommon trap: trap_request=0xffffffc6 fr.pc=0x0000022907ffde88 relative=0x0000000000000888
Event: 168.817 Thread 0x000002297e8a7530 Uncommon trap: reason=bimorphic_or_optimized_type_check action=maybe_recompile pc=0x0000022907ffde88 method=java.util.function.Predicate.lambda$or$2(Ljava/util/function/Predicate;Ljava/lang/Object;)Z @ 2 c2
Event: 168.817 Thread 0x000002297e8a7530 DEOPT PACKING pc=0x0000022907ffde88 sp=0x000000e4ca9f6f70
Event: 168.817 Thread 0x000002297e8a7530 DEOPT UNPACKING pc=0x000002290758a1a3 sp=0x000000e4ca9f6eb8 mode 2
Event: 168.819 Thread 0x000002297e8a7530 Uncommon trap: trap_request=0xffffffc6 fr.pc=0x0000022907ffde88 relative=0x0000000000000888
Event: 168.819 Thread 0x000002297e8a7530 Uncommon trap: reason=bimorphic_or_optimized_type_check action=maybe_recompile pc=0x0000022907ffde88 method=java.util.function.Predicate.lambda$or$2(Ljava/util/function/Predicate;Ljava/lang/Object;)Z @ 2 c2
Event: 168.819 Thread 0x000002297e8a7530 DEOPT PACKING pc=0x0000022907ffde88 sp=0x000000e4ca9f6f70
Event: 168.819 Thread 0x000002297e8a7530 DEOPT UNPACKING pc=0x000002290758a1a3 sp=0x000000e4ca9f6eb8 mode 2
Event: 168.820 Thread 0x000002297e8a7530 Uncommon trap: trap_request=0xffffffc6 fr.pc=0x0000022907ffde88 relative=0x0000000000000888
Event: 168.820 Thread 0x000002297e8a7530 Uncommon trap: reason=bimorphic_or_optimized_type_check action=maybe_recompile pc=0x0000022907ffde88 method=java.util.function.Predicate.lambda$or$2(Ljava/util/function/Predicate;Ljava/lang/Object;)Z @ 2 c2
Event: 168.820 Thread 0x000002297e8a7530 DEOPT PACKING pc=0x0000022907ffde88 sp=0x000000e4ca9f6ed0
Event: 168.820 Thread 0x000002297e8a7530 DEOPT UNPACKING pc=0x000002290758a1a3 sp=0x000000e4ca9f6e18 mode 2
Event: 168.821 Thread 0x000002297f0e35d0 DEOPT PACKING pc=0x00000229019315c6 sp=0x000000e4c84f96c0
Event: 168.821 Thread 0x000002297f0e35d0 DEOPT UNPACKING pc=0x000002290758ace3 sp=0x000000e4c84f8e28 mode 0

Classes unloaded (11 events):
Event: 166.528 Thread 0x000002297b6ae770 Unloading class 0x0000000100ca8c00 'java/lang/invoke/LambdaForm$DMH+0x0000000100ca8c00'
Event: 166.528 Thread 0x000002297b6ae770 Unloading class 0x0000000100ca8800 'java/lang/invoke/LambdaForm$DMH+0x0000000100ca8800'
Event: 166.528 Thread 0x000002297b6ae770 Unloading class 0x0000000100ca8400 'java/lang/invoke/LambdaForm$DMH+0x0000000100ca8400'
Event: 168.007 Thread 0x000002297b6ae770 Unloading class 0x0000000100eb0400 'java/lang/invoke/LambdaForm$DMH+0x0000000100eb0400'
Event: 168.007 Thread 0x000002297b6ae770 Unloading class 0x0000000100e75c00 'java/lang/invoke/LambdaForm$DMH+0x0000000100e75c00'
Event: 168.007 Thread 0x000002297b6ae770 Unloading class 0x0000000100e75800 'java/lang/invoke/LambdaForm$DMH+0x0000000100e75800'
Event: 168.007 Thread 0x000002297b6ae770 Unloading class 0x0000000100e75400 'java/lang/invoke/LambdaForm$DMH+0x0000000100e75400'
Event: 168.007 Thread 0x000002297b6ae770 Unloading class 0x0000000100e74c00 'java/lang/invoke/LambdaForm$DMH+0x0000000100e74c00'
Event: 168.007 Thread 0x000002297b6ae770 Unloading class 0x0000000100e74800 'java/lang/invoke/LambdaForm$DMH+0x0000000100e74800'
Event: 168.007 Thread 0x000002297b6ae770 Unloading class 0x0000000100e74000 'java/lang/invoke/LambdaForm$DMH+0x0000000100e74000'
Event: 168.007 Thread 0x000002297b6ae770 Unloading class 0x0000000100e64400 'java/lang/invoke/LambdaForm$DMH+0x0000000100e64400'

Classes redefined (0 events):
No events

Internal exceptions (20 events):
Event: 166.974 Thread 0x000002297f792210 Exception <a 'java/lang/NoSuchMethodError'{0x000000008a801940}: 'void java.lang.invoke.DirectMethodHandle$Holder.invokeStatic(java.lang.Object, java.lang.Object, java.lang.Object, int)'> (0x000000008a801940) 
thrown [s\src\hotspot\share\interpreter\linkResolver.cpp, line 771]
Event: 166.976 Thread 0x000002297f0e3f70 Exception <a 'java/lang/IncompatibleClassChangeError'{0x000000008a83e9a8}: Found class java.lang.Object, but interface was expected> (0x000000008a83e9a8) 
thrown [s\src\hotspot\share\interpreter\linkResolver.cpp, line 838]
Event: 166.977 Thread 0x000002297f0e3f70 Exception <a 'java/lang/NoSuchMethodError'{0x000000008a86e898}: 'void java.lang.invoke.DirectMethodHandle$Holder.invokeInterface(java.lang.Object, java.lang.Object, java.lang.Object, int)'> (0x000000008a86e898) 
thrown [s\src\hotspot\share\interpreter\linkResolver.cpp, line 771]
Event: 167.523 Thread 0x000002297e8a7530 Exception <a 'java/lang/NoSuchMethodError'{0x000000008bd436c0}: 'java.lang.Object java.lang.invoke.DirectMethodHandle$Holder.invokeStatic(java.lang.Object, int, java.lang.Object, java.lang.Object)'> (0x000000008bd436c0) 
thrown [s\src\hotspot\share\interpreter\linkResolver.cpp, line 771]
Event: 167.580 Thread 0x000002297f0e3f70 Exception <a 'java/lang/NoSuchMethodError'{0x000000008ba2b608}: 'java.lang.Object java.lang.invoke.DirectMethodHandle$Holder.invokeStatic(java.lang.Object, int, java.lang.Object, java.lang.Object)'> (0x000000008ba2b608) 
thrown [s\src\hotspot\share\interpreter\linkResolver.cpp, line 771]
Event: 167.581 Thread 0x000002297f0e3f70 Exception <a 'java/lang/NoSuchMethodError'{0x000000008ba40f50}: 'java.lang.Object java.lang.invoke.DirectMethodHandle$Holder.invokeStatic(java.lang.Object, java.lang.Object, int, java.lang.Object, java.lang.Object)'> (0x000000008ba40f50) 
thrown [s\src\hotspot\share\interpreter\linkResolver.cpp, line 771]
Event: 167.602 Thread 0x000002297f792210 Exception <a 'java/lang/NoSuchMethodError'{0x000000008bd9edd0}: 'java.lang.Object java.lang.invoke.DirectMethodHandle$Holder.invokeStatic(java.lang.Object, int, java.lang.Object, java.lang.Object)'> (0x000000008bd9edd0) 
thrown [s\src\hotspot\share\interpreter\linkResolver.cpp, line 771]
Event: 168.187 Thread 0x000002297e8a7530 Exception <a 'java/lang/IncompatibleClassChangeError'{0x0000000090025020}: Found class java.lang.Object, but interface was expected> (0x0000000090025020) 
thrown [s\src\hotspot\share\interpreter\linkResolver.cpp, line 838]
Event: 168.187 Thread 0x000002297e8a7530 Exception <a 'java/lang/IncompatibleClassChangeError'{0x0000000090031600}: Found class java.lang.Object, but interface was expected> (0x0000000090031600) 
thrown [s\src\hotspot\share\interpreter\linkResolver.cpp, line 838]
Event: 168.323 Thread 0x000002297f792210 Exception <a 'java/lang/NoSuchMethodError'{0x000000008eb7afb0}: 'void java.lang.invoke.DirectMethodHandle$Holder.invokeSpecial(java.lang.Object, java.lang.Object, int, java.lang.Object)'> (0x000000008eb7afb0) 
thrown [s\src\hotspot\share\interpreter\linkResolver.cpp, line 771]
Event: 168.359 Thread 0x000002297f792210 Exception <a 'java/lang/NoSuchMethodError'{0x000000008ddb3fc0}: 'void java.lang.invoke.DirectMethodHandle$Holder.invokeSpecialIFC(java.lang.Object, java.lang.Object, java.lang.Object, java.lang.Object)'> (0x000000008ddb3fc0) 
thrown [s\src\hotspot\share\interpreter\linkResolver.cpp, line 771]
Event: 168.359 Thread 0x000002297f0e3f70 Exception <a 'java/lang/NoSuchMethodError'{0x000000008ddb5b98}: 'void java.lang.invoke.DirectMethodHandle$Holder.invokeSpecialIFC(java.lang.Object, java.lang.Object, java.lang.Object, java.lang.Object)'> (0x000000008ddb5b98) 
thrown [s\src\hotspot\share\interpreter\linkResolver.cpp, line 771]
Event: 168.359 Thread 0x000002297e8a7530 Exception <a 'java/lang/NoSuchMethodError'{0x000000008de38ab0}: 'void java.lang.invoke.DirectMethodHandle$Holder.invokeSpecialIFC(java.lang.Object, java.lang.Object, java.lang.Object, java.lang.Object)'> (0x000000008de38ab0) 
thrown [s\src\hotspot\share\interpreter\linkResolver.cpp, line 771]
Event: 168.361 Thread 0x000002297f792210 Exception <a 'java/lang/NoSuchMethodError'{0x000000008dc5c418}: 'java.lang.Object java.lang.invoke.DirectMethodHandle$Holder.invokeSpecial(java.lang.Object, java.lang.Object, int, java.lang.Object, java.lang.Object, java.lang.Object)'> (0x000000008dc5c418) 
thrown [s\src\hotspot\share\interpreter\linkResolver.cpp, line 771]
Event: 168.361 Thread 0x000002297e8a7530 Exception <a 'java/lang/NoSuchMethodError'{0x000000008dc2c8f8}: 'java.lang.Object java.lang.invoke.DirectMethodHandle$Holder.invokeSpecial(java.lang.Object, java.lang.Object, int, java.lang.Object, java.lang.Object, java.lang.Object)'> (0x000000008dc2c8f8) 
thrown [s\src\hotspot\share\interpreter\linkResolver.cpp, line 771]
Event: 168.376 Thread 0x000002297e8a7530 Exception <a 'java/lang/NoSuchMethodError'{0x000000008db0fd20}: 'void java.lang.invoke.DirectMethodHandle$Holder.invokeStatic(java.lang.Object, java.lang.Object, java.lang.Object, java.lang.Object, java.lang.Object, java.lang.Object, java.lang.Object, java.lang.Object, java.lang.Object, java.lang.Object)'> (0x000000008db0fd20) 
thrown [s\src\hotspot\share\interpreter\linkResolver.cpp, line 771]
Event: 168.376 Thread 0x000002297f792210 Exception <a 'java/lang/NoSuchMethodError'{0x000000008db4bc48}: 'void java.lang.invoke.DirectMethodHandle$Holder.invokeStatic(java.lang.Object, java.lang.Object, java.lang.Object, java.lang.Object, java.lang.Object, java.lang.Object, java.lang.Object, java.lang.Object, java.lang.Object, java.lang.Object)'> (0x000000008db4bc48) 
thrown [s\src\hotspot\share\interpreter\linkResolver.cpp, line 771]
Event: 168.429 Thread 0x000002297f0e3f70 Exception <a 'java/lang/NoSuchMethodError'{0x000000008d51eb40}: 'int java.lang.invoke.DirectMethodHandle$Holder.invokeSpecial(java.lang.Object, java.lang.Object, java.lang.Object, int, java.lang.Object)'> (0x000000008d51eb40) 
thrown [s\src\hotspot\share\interpreter\linkResolver.cpp, line 771]
Event: 168.429 Thread 0x000002297f792210 Exception <a 'java/lang/NoSuchMethodError'{0x000000008d6f9350}: 'int java.lang.invoke.DirectMethodHandle$Holder.invokeSpecial(java.lang.Object, java.lang.Object, java.lang.Object, int, java.lang.Object)'> (0x000000008d6f9350) 
thrown [s\src\hotspot\share\interpreter\linkResolver.cpp, line 771]
Event: 168.481 Thread 0x000002297e8a7530 Exception <a 'java/lang/NoSuchMethodError'{0x000000008d643a68}: 'int java.lang.invoke.DirectMethodHandle$Holder.invokeSpecial(java.lang.Object, java.lang.Object, java.lang.Object, int)'> (0x000000008d643a68) 
thrown [s\src\hotspot\share\interpreter\linkResolver.cpp, line 771]

VM Operations (20 events):
Event: 168.137 Executing VM operation: HandshakeAllThreads done
Event: 168.144 Executing VM operation: G1Concurrent
Event: 168.147 Executing VM operation: G1Concurrent done
Event: 168.163 Executing VM operation: HandshakeAllThreads
Event: 168.163 Executing VM operation: HandshakeAllThreads done
Event: 168.179 Executing VM operation: HandshakeAllThreads
Event: 168.182 Executing VM operation: HandshakeAllThreads done
Event: 168.206 Executing VM operation: HandshakeAllThreads
Event: 168.210 Executing VM operation: HandshakeAllThreads done
Event: 168.242 Executing VM operation: HandshakeAllThreads
Event: 168.243 Executing VM operation: HandshakeAllThreads done
Event: 168.408 Executing VM operation: HandshakeAllThreads
Event: 168.408 Executing VM operation: HandshakeAllThreads done
Event: 168.415 Executing VM operation: HandshakeAllThreads
Event: 168.415 Executing VM operation: HandshakeAllThreads done
Event: 168.759 Executing VM operation: ICBufferFull
Event: 168.767 Executing VM operation: ICBufferFull done
Event: 168.781 Executing VM operation: G1CollectForAllocation
Event: 168.814 Executing VM operation: G1CollectForAllocation done
Event: 168.828 Executing VM operation: G1CollectForAllocation

Events (20 events):
Event: 167.101 Thread 0x000002297c124a30 flushing nmethod 0x000002290066f090
Event: 167.101 Thread 0x000002297c124a30 flushing nmethod 0x000002290068c410
Event: 167.105 Thread 0x000002297c124a30 flushing nmethod 0x0000022900cf1510
Event: 167.106 Thread 0x000002297c124a30 flushing nmethod 0x0000022900e70390
Event: 167.106 Thread 0x000002297c124a30 flushing nmethod 0x0000022900ef4410
Event: 167.106 Thread 0x000002297c124a30 flushing nmethod 0x0000022900f2fd90
Event: 167.109 Thread 0x000002297c124a30 flushing nmethod 0x0000022901252410
Event: 167.112 Thread 0x000002297c124a30 flushing nmethod 0x00000229017e9810
Event: 168.404 loading class java/util/SortedSet$1
Event: 168.406 loading class java/util/SortedSet$1 done
Event: 168.409 loading class java/util/stream/SliceOps
Event: 168.411 loading class java/util/stream/SliceOps done
Event: 168.411 loading class java/util/stream/SliceOps$1
Event: 168.413 loading class java/util/stream/SliceOps$1 done
Event: 168.413 loading class java/util/PriorityQueue
Event: 168.414 loading class java/util/PriorityQueue done
Event: 168.415 loading class java/util/stream/SliceOps$1$1
Event: 168.416 loading class java/util/stream/SliceOps$1$1 done
Event: 168.422 loading class java/util/IdentityHashMap$ValueIterator
Event: 168.423 loading class java/util/IdentityHashMap$ValueIterator done


Dynamic libraries:
0x00007ff6e1390000 - 0x00007ff6e139a000 	C:\Program Files\Android\Android Studio1\jbr\bin\java.exe
0x00007ffb8be90000 - 0x00007ffb8c0a7000 	C:\WINDOWS\SYSTEM32\ntdll.dll
0x00007ffb8aed0000 - 0x00007ffb8af94000 	C:\WINDOWS\System32\KERNEL32.DLL
0x00007ffb89630000 - 0x00007ffb899d7000 	C:\WINDOWS\System32\KERNELBASE.dll
0x00007ffb6ad40000 - 0x00007ffb6ad5b000 	C:\Program Files\Android\Android Studio1\jbr\bin\VCRUNTIME140.dll
0x00007ffb894a0000 - 0x00007ffb895b1000 	C:\WINDOWS\System32\ucrtbase.dll
0x00007ffb4e990000 - 0x00007ffb4e9a7000 	C:\Program Files\Android\Android Studio1\jbr\bin\jli.dll
0x00007ffb8b070000 - 0x00007ffb8b21e000 	C:\WINDOWS\System32\USER32.dll
0x00007ffb71bb0000 - 0x00007ffb71e43000 	C:\WINDOWS\WinSxS\amd64_microsoft.windows.common-controls_6595b64144ccf1df_6.0.22621.2506_none_270c5ae97388e100\COMCTL32.dll
0x00007ffb893b0000 - 0x00007ffb893d6000 	C:\WINDOWS\System32\win32u.dll
0x00007ffb8a450000 - 0x00007ffb8a4f7000 	C:\WINDOWS\System32\msvcrt.dll
0x00007ffb8bab0000 - 0x00007ffb8bad9000 	C:\WINDOWS\System32\GDI32.dll
0x00007ffb89210000 - 0x00007ffb89329000 	C:\WINDOWS\System32\gdi32full.dll
0x00007ffb899e0000 - 0x00007ffb89a7a000 	C:\WINDOWS\System32\msvcp_win.dll
0x00007ffb8ad80000 - 0x00007ffb8adb1000 	C:\WINDOWS\System32\IMM32.DLL
0x00007ffb6ad30000 - 0x00007ffb6ad3c000 	C:\Program Files\Android\Android Studio1\jbr\bin\vcruntime140_1.dll
0x00007ffaf4520000 - 0x00007ffaf45ad000 	C:\Program Files\Android\Android Studio1\jbr\bin\msvcp140.dll
0x00007ffb4ea00000 - 0x00007ffb4f66e000 	C:\Program Files\Android\Android Studio1\jbr\bin\server\jvm.dll
0x00007ffb8bae0000 - 0x00007ffb8bb90000 	C:\WINDOWS\System32\ADVAPI32.dll
0x00007ffb8a980000 - 0x00007ffb8aa26000 	C:\WINDOWS\System32\sechost.dll
0x00007ffb8ac60000 - 0x00007ffb8ad77000 	C:\WINDOWS\System32\RPCRT4.dll
0x00007ffb6aa70000 - 0x00007ffb6aa79000 	C:\WINDOWS\SYSTEM32\WSOCK32.dll
0x00007ffb8adc0000 - 0x00007ffb8ae31000 	C:\WINDOWS\System32\WS2_32.dll
0x00007ffb7d310000 - 0x00007ffb7d344000 	C:\WINDOWS\SYSTEM32\WINMM.dll
0x00007ffb7cac0000 - 0x00007ffb7caca000 	C:\WINDOWS\SYSTEM32\VERSION.dll
0x00007ffb88170000 - 0x00007ffb88188000 	C:\WINDOWS\SYSTEM32\kernel.appcore.dll
0x00007ffb71160000 - 0x00007ffb7116a000 	C:\Program Files\Android\Android Studio1\jbr\bin\jimage.dll
0x00007ffb86be0000 - 0x00007ffb86e13000 	C:\WINDOWS\SYSTEM32\DBGHELP.DLL
0x00007ffb8b220000 - 0x00007ffb8b5a9000 	C:\WINDOWS\System32\combase.dll
0x00007ffb8aa30000 - 0x00007ffb8ab07000 	C:\WINDOWS\System32\OLEAUT32.dll
0x00007ffb7c330000 - 0x00007ffb7c362000 	C:\WINDOWS\SYSTEM32\dbgcore.DLL
0x00007ffb89330000 - 0x00007ffb893aa000 	C:\WINDOWS\System32\bcryptPrimitives.dll
0x00007ffb4e9d0000 - 0x00007ffb4e9f5000 	C:\Program Files\Android\Android Studio1\jbr\bin\java.dll
0x00007ffb4e9b0000 - 0x00007ffb4e9c8000 	C:\Program Files\Android\Android Studio1\jbr\bin\zip.dll
0x00007ffb89bf0000 - 0x00007ffb8a449000 	C:\WINDOWS\System32\SHELL32.dll
0x00007ffb870e0000 - 0x00007ffb879d4000 	C:\WINDOWS\SYSTEM32\windows.storage.dll
0x00007ffb86fa0000 - 0x00007ffb870de000 	C:\WINDOWS\SYSTEM32\wintypes.dll
0x00007ffb8bd50000 - 0x00007ffb8be43000 	C:\WINDOWS\System32\SHCORE.dll
0x00007ffb8b010000 - 0x00007ffb8b06e000 	C:\WINDOWS\System32\shlwapi.dll
0x00007ffb89140000 - 0x00007ffb89166000 	C:\WINDOWS\SYSTEM32\profapi.dll
0x00007ffb4e910000 - 0x00007ffb4e929000 	C:\Program Files\Android\Android Studio1\jbr\bin\net.dll
0x00007ffb7fb20000 - 0x00007ffb7fc57000 	C:\WINDOWS\SYSTEM32\WINHTTP.dll
0x00007ffb88640000 - 0x00007ffb886a9000 	C:\WINDOWS\system32\mswsock.dll
0x00007ffb4e960000 - 0x00007ffb4e976000 	C:\Program Files\Android\Android Studio1\jbr\bin\nio.dll
0x00007ffb50ce0000 - 0x00007ffb50cf0000 	C:\Program Files\Android\Android Studio1\jbr\bin\verify.dll
0x00007ffb3dcf0000 - 0x00007ffb3dd17000 	C:\Users\ADMIN\.gradle\native\68d5fa5c4cc2d200863cafc0d521ce42e7d3e7ee720ec0a83991735586a16f82\windows-amd64\native-platform.dll
0x00007ffaf0930000 - 0x00007ffaf0a74000 	C:\Users\ADMIN\.gradle\native\e376f236ea51e6404a007f0833ffe2c6e607c4080706a723a18a27aeea778392\windows-amd64\native-platform-file-events.dll
0x00007ffb56190000 - 0x00007ffb56199000 	C:\Program Files\Android\Android Studio1\jbr\bin\management.dll
0x00007ffb50d00000 - 0x00007ffb50d0b000 	C:\Program Files\Android\Android Studio1\jbr\bin\management_ext.dll
0x00007ffb8bce0000 - 0x00007ffb8bce8000 	C:\WINDOWS\System32\PSAPI.DLL
0x00007ffb88a00000 - 0x00007ffb88a1b000 	C:\WINDOWS\SYSTEM32\CRYPTSP.dll
0x00007ffb88130000 - 0x00007ffb88165000 	C:\WINDOWS\system32\rsaenh.dll
0x00007ffb886e0000 - 0x00007ffb8870c000 	C:\WINDOWS\SYSTEM32\USERENV.dll
0x00007ffb88ba0000 - 0x00007ffb88bc8000 	C:\WINDOWS\SYSTEM32\bcrypt.dll
0x00007ffb88970000 - 0x00007ffb8897c000 	C:\WINDOWS\SYSTEM32\CRYPTBASE.dll
0x00007ffb87c40000 - 0x00007ffb87c6d000 	C:\WINDOWS\SYSTEM32\IPHLPAPI.DLL
0x00007ffb8ac50000 - 0x00007ffb8ac59000 	C:\WINDOWS\System32\NSI.dll
0x00007ffb7ec50000 - 0x00007ffb7ec69000 	C:\WINDOWS\SYSTEM32\dhcpcsvc6.DLL
0x00007ffb7ebf0000 - 0x00007ffb7ec0f000 	C:\WINDOWS\SYSTEM32\dhcpcsvc.DLL
0x00007ffb87c70000 - 0x00007ffb87d69000 	C:\WINDOWS\SYSTEM32\DNSAPI.dll
0x00007ffb4e980000 - 0x00007ffb4e988000 	C:\WINDOWS\system32\wshunix.dll

dbghelp: loaded successfully - version: 4.0.5 - missing functions: none
symbol engine: initialized successfully - sym options: 0x614 - pdb path: .;C:\Program Files\Android\Android Studio1\jbr\bin;C:\WINDOWS\SYSTEM32;C:\WINDOWS\WinSxS\amd64_microsoft.windows.common-controls_6595b64144ccf1df_6.0.22621.2506_none_270c5ae97388e100;C:\Program Files\Android\Android Studio1\jbr\bin\server;C:\Users\ADMIN\.gradle\native\68d5fa5c4cc2d200863cafc0d521ce42e7d3e7ee720ec0a83991735586a16f82\windows-amd64;C:\Users\ADMIN\.gradle\native\e376f236ea51e6404a007f0833ffe2c6e607c4080706a723a18a27aeea778392\windows-amd64

VM Arguments:
jvm_args: --add-opens=java.base/java.util=ALL-UNNAMED --add-opens=java.base/java.lang=ALL-UNNAMED --add-opens=java.base/java.lang.invoke=ALL-UNNAMED --add-opens=java.prefs/java.util.prefs=ALL-UNNAMED --add-opens=java.base/java.nio.charset=ALL-UNNAMED --add-opens=java.base/java.net=ALL-UNNAMED --add-opens=java.base/java.util.concurrent.atomic=ALL-UNNAMED -Xmx2048m -Dfile.encoding=UTF-8 -Duser.country=US -Duser.language=en -Duser.variant 
java_command: org.gradle.launcher.daemon.bootstrap.GradleDaemon 8.0
java_class_path (initial): C:\Users\ADMIN\.gradle\wrapper\dists\gradle-8.0-bin\ca5e32bp14vu59qr306oxotwh\gradle-8.0\lib\gradle-launcher-8.0.jar
Launcher Type: SUN_STANDARD

[Global flags]
     intx CICompilerCount                          = 3                                         {product} {ergonomic}
     uint ConcGCThreads                            = 1                                         {product} {ergonomic}
     uint G1ConcRefinementThreads                  = 4                                         {product} {ergonomic}
   size_t G1HeapRegionSize                         = 1048576                                   {product} {ergonomic}
    uintx GCDrainStackTargetSize                   = 64                                        {product} {ergonomic}
   size_t InitialHeapSize                          = 130023424                                 {product} {ergonomic}
   size_t MarkStackSize                            = 4194304                                   {product} {ergonomic}
   size_t MaxHeapSize                              = 2147483648                                {product} {command line}
   size_t MaxNewSize                               = 1287651328                                {product} {ergonomic}
   size_t MinHeapDeltaBytes                        = 1048576                                   {product} {ergonomic}
   size_t MinHeapSize                              = 8388608                                   {product} {ergonomic}
    uintx NonNMethodCodeHeapSize                   = 5832780                                {pd product} {ergonomic}
    uintx NonProfiledCodeHeapSize                  = 122912730                              {pd product} {ergonomic}
    uintx ProfiledCodeHeapSize                     = 122912730                              {pd product} {ergonomic}
    uintx ReservedCodeCacheSize                    = 251658240                              {pd product} {ergonomic}
     bool SegmentedCodeCache                       = true                                      {product} {ergonomic}
   size_t SoftMaxHeapSize                          = 2147483648                             {manageable} {ergonomic}
     bool UseCompressedClassPointers               = true                           {product lp64_product} {ergonomic}
     bool UseCompressedOops                        = true                           {product lp64_product} {ergonomic}
     bool UseG1GC                                  = true                                      {product} {ergonomic}
     bool UseLargePagesIndividualAllocation        = false                                  {pd product} {ergonomic}

Logging:
Log output configuration:
 #0: stdout all=warning uptime,level,tags
 #1: stderr all=off uptime,level,tags

Environment Variables:
PATH=C:\Program Files\Common Files\Oracle\Java\javapath;C:\Python311\Scripts\;C:\Python311\;C:\Windows\system32;C:\Windows;C:\Windows\System32\Wbem;C:\Windows\System32\WindowsPowerShell\v1.0\;C:\Windows\System32\OpenSSH\;C:\Program Files\Microsoft SQL Server\Client SDK\ODBC\170\Tools\Binn\;C:\Program Files (x86)\Microsoft SQL Server\150\Tools\Binn\;C:\Program Files\Microsoft SQL Server\150\Tools\Binn\;C:\Program Files\Microsoft SQL Server\150\DTS\Binn\;C:\Program Files (x86)\Microsoft SQL Server\150\DTS\Binn\;C:\Program Files\Azure Data Studio\bin;C:\xampp\php;C:\ProgramData\ComposerSetup\bin;C:\ProgramData\chocolatey\bin;C:\Program Files\Git\cmd;C:\Program Files\dotnet\;%SystemRoot%\system32;%SystemRoot%;%SystemRoot%\System32\Wbem;%SYSTEMROOT%\System32\WindowsPowerShell\v1.0\;%SYSTEMROOT%\System32\OpenSSH\;C:\Users\ADMIN\scoop\shims;C:\Users\ADMIN\AppData\Local\Microsoft\WindowsApps;C:\Users\ADMIN\.dotnet\tools;C:\Program Files\Azure Data Studio\bin;C:\Program Files\JetBrains\PhpStorm 2019.3.4\bin;;C:\Users\ADMIN\AppData\Roaming\Composer\vendor\bin;C:\Users\ADMIN\AppData\Local\GitHubDesktop\bin;C:\Users\ADMIN\AppData\Local\Programs\Microsoft VS Code\bin;C:\Users\ADMIN\.dotnet\tools;C:\Users\ADMIN\AppData\Local\Microsoft\WindowsApps;
USERNAME=ADMIN
OS=Windows_NT
PROCESSOR_IDENTIFIER=Intel64 Family 6 Model 140 Stepping 1, GenuineIntel
TMP=C:\Users\ADMIN\AppData\Local\Temp
TEMP=C:\Users\ADMIN\AppData\Local\Temp


JNI global refs:
JNI global refs: 26, weak refs: 10

JNI global refs memory usage: 843, weak refs: 841


---------------  S Y S T E M  ---------------

OS:
 Windows 11 , 64 bit Build 22621 (10.0.22621.2506)
OS uptime: 0 days 2:37 hours
Hyper-V role detected

CPU: total 4 (initial active 4) (2 cores per cpu, 2 threads per core) family 6 model 140 stepping 1 microcode 0xa6, cx8, cmov, fxsr, ht, mmx, 3dnowpref, sse, sse2, sse3, ssse3, sse4.1, sse4.2, popcnt, lzcnt, tsc, tscinvbit, avx, avx2, aes, erms, clmul, bmi1, bmi2, adx, avx512f, avx512dq, avx512cd, avx512bw, avx512vl, sha, fma, vzeroupper, avx512_vpopcntdq, avx512_vpclmulqdq, avx512_vaes, avx512_vnni, clflush, clflushopt, clwb, avx512_vbmi2, avx512_vbmi, hv

Memory: 4k page, system-wide physical 7886M (463M free)
TotalPageFile size 15054M (AvailPageFile size 156M)
current process WorkingSet (physical memory assigned to process): 490M, peak: 500M
current process commit charge ("private bytes"): 609M, peak: 911M

vm_info: OpenJDK 64-Bit Server VM (17.0.6+0-b2043.56-10027231) for windows-amd64 JRE (17.0.6+0-b2043.56-10027231), built on Apr 28 2023 00:43:19 by "androidbuild" with MS VC++ 16.10 / 16.11 (VS2019)

END.
