#
# There is insufficient memory for the Java Runtime Environment to continue.
# Native memory allocation (mmap) failed to map 444596224 bytes for G1 virtual space
# Possible reasons:
#   The system is out of physical RAM or swap space
#   The process is running with CompressedOops enabled, and the Java Heap may be blocking the growth of the native heap
# Possible solutions:
#   Reduce memory load on the system
#   Increase physical memory or swap space
#   Check if swap backing store is full
#   Decrease Java heap size (-Xmx/-Xms)
#   Decrease number of Java threads
#   Decrease Java thread stack sizes (-Xss)
#   Set larger code cache with -XX:ReservedCodeCacheSize=
#   JVM is running with Unscaled Compressed Oops mode in which the Java heap is
#     placed in the first 4GB address space. The Java Heap base address is the
#     maximum limit for the native heap growth. Please use -XX:HeapBaseMinAddress
#     to set the Java Heap base and to place the Java Heap above 4GB virtual address.
# This output file may be truncated or incomplete.
#
#  Out of Memory Error (os_windows.cpp:3769), pid=4452, tid=14284
#
# JRE version: OpenJDK Runtime Environment (17.0.6) (build 17.0.6+0-b2043.56-10027231)
# Java VM: OpenJDK 64-Bit Server VM (17.0.6+0-b2043.56-10027231, mixed mode, tiered, compressed oops, compressed class ptrs, g1 gc, windows-amd64)
# No core dump will be written. Minidumps are not enabled by default on client versions of Windows
#

---------------  S U M M A R Y ------------

Command Line: --add-opens=java.base/java.util=ALL-UNNAMED --add-opens=java.base/java.lang=ALL-UNNAMED --add-opens=java.base/java.lang.invoke=ALL-UNNAMED --add-opens=java.prefs/java.util.prefs=ALL-UNNAMED --add-opens=java.base/java.nio.charset=ALL-UNNAMED --add-opens=java.base/java.net=ALL-UNNAMED --add-opens=java.base/java.util.concurrent.atomic=ALL-UNNAMED -Xmx2048m -Dfile.encoding=UTF-8 -Duser.country=US -Duser.language=en -Duser.variant org.gradle.launcher.daemon.bootstrap.GradleDaemon 8.0

Host: 11th Gen Intel(R) Core(TM) i3-1115G4 @ 3.00GHz, 4 cores, 7G,  Windows 11 , 64 bit Build 22621 (10.0.22621.2506)
Time: Fri Nov 17 08:47:35 2023 SE Asia Standard Time elapsed time: 3185.858616 seconds (0d 0h 53m 5s)

---------------  T H R E A D  ---------------

Current thread (0x000001add41c7f30):  VMThread "VM Thread" [stack: 0x00000061a2100000,0x00000061a2200000] [id=14284]

Stack: [0x00000061a2100000,0x00000061a2200000]
Native frames: (J=compiled Java code, j=interpreted, Vv=VM code, C=native code)
V  [jvm.dll+0x683c9a]
V  [jvm.dll+0x8427a4]
V  [jvm.dll+0x843f9e]
V  [jvm.dll+0x844603]
V  [jvm.dll+0x249b75]
V  [jvm.dll+0x680b69]
V  [jvm.dll+0x67505a]
V  [jvm.dll+0x309acb]
V  [jvm.dll+0x310f86]
V  [jvm.dll+0x3608ee]
V  [jvm.dll+0x360b1f]
V  [jvm.dll+0x2dfbf8]
V  [jvm.dll+0x2ddec4]
V  [jvm.dll+0x2dd4cc]
V  [jvm.dll+0x321f3b]
V  [jvm.dll+0x848ccb]
V  [jvm.dll+0x849a04]
V  [jvm.dll+0x849f1d]
V  [jvm.dll+0x84a2f4]
V  [jvm.dll+0x84a3c0]
V  [jvm.dll+0x7f274a]
V  [jvm.dll+0x682ad5]
C  [ucrtbase.dll+0x29363]
C  [KERNEL32.DLL+0x1257d]
C  [ntdll.dll+0x5aa58]

VM_Operation (0x00000061a8bfd8f0): G1CollectForAllocation, mode: safepoint, requested by thread 0x000001add7ebb740


---------------  P R O C E S S  ---------------

Threads class SMR info:
_java_thread_list=0x000001add76dc680, length=105, elements={
0x000001adb8cf9560, 0x000001add421ee40, 0x000001add4221a00, 0x000001add4c138d0,
0x000001add4c14480, 0x000001add4c16f40, 0x000001add4c17b00, 0x000001add4c18bf0,
0x000001add4c1b060, 0x000001add4c47380, 0x000001add4dc2c30, 0x000001add4dc5520,
0x000001add5dce370, 0x000001add641e290, 0x000001add669a830, 0x000001add6674300,
0x000001add6676980, 0x000001add6677320, 0x000001add6677cc0, 0x000001add66747d0,
0x000001add6675640, 0x000001add7eb6a40, 0x000001add7eb9f30, 0x000001add7ebc0e0,
0x000001add7ebca80, 0x000001add7eb60a0, 0x000001add7ebcf50, 0x000001add9893210,
0x000001add9894080, 0x000001add9c4ae20, 0x000001add9c4b7c0, 0x000001add9c4f180,
0x000001add9897a40, 0x000001add98970a0, 0x000001add9893bb0, 0x000001add9892870,
0x000001add9891a00, 0x000001add98923a0, 0x000001add9894550, 0x000001add9897f10,
0x000001add9895890, 0x000001add9897570, 0x000001add98988b0, 0x000001add58a5980,
0x000001add58a4640, 0x000001add58a07b0, 0x000001add589ead0, 0x000001add58a3300,
0x000001add589efa0, 0x000001add58a4b10, 0x000001add58a02e0, 0x000001add58a37d0,
0x000001add58a6320, 0x000001add58a1af0, 0x000001add58a2e30, 0x000001add58a3ca0,
0x000001add58a54b0, 0x000001add58a4fe0, 0x000001add58a2490, 0x000001add58a2960,
0x000001add58a4170, 0x000001add58a1fc0, 0x000001add589f470, 0x000001add58a5e50,
0x000001add58a0c80, 0x000001add58a1150, 0x000001add58a1620, 0x000001addd978390,
0x000001addd97aee0, 0x000001addd97df00, 0x000001addd97b3b0, 0x000001addd97aa10,
0x000001addd978d30, 0x000001addd97a070, 0x000001addd97a540, 0x000001addd97b880,
0x000001addd9779f0, 0x000001addd97bd50, 0x000001addd97d090, 0x000001addd979200,
0x000001addd97e3d0, 0x000001addd977ec0, 0x000001addd97d560, 0x000001addd979ba0,
0x000001addd97e8a0, 0x000001addd977520, 0x000001addd978860, 0x000001add9c49ae0,
0x000001add9c4e7e0, 0x000001add9c4b2f0, 0x000001add9c4cb00, 0x000001add9c4cfd0,
0x000001add9c4d4a0, 0x000001add9c4d970, 0x000001add9c4de40, 0x000001add9c4ecb0,
0x000001add9c504c0, 0x000001add9c49fb0, 0x000001add7eb8720, 0x000001add7eb9a60,
0x000001add7a11300, 0x000001add7ebb740, 0x000001add7eb73e0, 0x000001add7ebbc10,
0x000001add7ebd420
}

Java Threads: ( => current thread )
  0x000001adb8cf9560 JavaThread "main" [_thread_blocked, id=14756, stack(0x00000061a1b00000,0x00000061a1c00000)]
  0x000001add421ee40 JavaThread "Reference Handler" daemon [_thread_blocked, id=1912, stack(0x00000061a2200000,0x00000061a2300000)]
  0x000001add4221a00 JavaThread "Finalizer" daemon [_thread_blocked, id=14824, stack(0x00000061a2300000,0x00000061a2400000)]
  0x000001add4c138d0 JavaThread "Signal Dispatcher" daemon [_thread_blocked, id=13308, stack(0x00000061a2400000,0x00000061a2500000)]
  0x000001add4c14480 JavaThread "Attach Listener" daemon [_thread_blocked, id=13300, stack(0x00000061a2500000,0x00000061a2600000)]
  0x000001add4c16f40 JavaThread "Service Thread" daemon [_thread_blocked, id=1980, stack(0x00000061a2600000,0x00000061a2700000)]
  0x000001add4c17b00 JavaThread "Monitor Deflation Thread" daemon [_thread_blocked, id=9776, stack(0x00000061a2700000,0x00000061a2800000)]
  0x000001add4c18bf0 JavaThread "C2 CompilerThread0" daemon [_thread_in_native, id=7776, stack(0x00000061a2800000,0x00000061a2900000)]
  0x000001add4c1b060 JavaThread "C1 CompilerThread0" daemon [_thread_blocked, id=6936, stack(0x00000061a2900000,0x00000061a2a00000)]
  0x000001add4c47380 JavaThread "Sweeper thread" daemon [_thread_blocked, id=10372, stack(0x00000061a2a00000,0x00000061a2b00000)]
  0x000001add4dc2c30 JavaThread "Common-Cleaner" daemon [_thread_blocked, id=11164, stack(0x00000061a2b00000,0x00000061a2c00000)]
  0x000001add4dc5520 JavaThread "Notification Thread" daemon [_thread_blocked, id=6876, stack(0x00000061a2c00000,0x00000061a2d00000)]
  0x000001add5dce370 JavaThread "Daemon health stats" [_thread_blocked, id=14156, stack(0x00000061a3100000,0x00000061a3200000)]
  0x000001add641e290 JavaThread "Incoming local TCP Connector on port 50637" [_thread_in_native, id=12468, stack(0x00000061a3200000,0x00000061a3300000)]
  0x000001add669a830 JavaThread "Daemon periodic checks" [_thread_blocked, id=13388, stack(0x00000061a3300000,0x00000061a3400000)]
  0x000001add6674300 JavaThread "Cache worker for journal cache (C:\Users\ADMIN\.gradle\caches\journal-1)" [_thread_blocked, id=7400, stack(0x00000061a3b00000,0x00000061a3c00000)]
  0x000001add6676980 JavaThread "File lock request listener" [_thread_in_native, id=7424, stack(0x00000061a3c00000,0x00000061a3d00000)]
  0x000001add6677320 JavaThread "Cache worker for file hash cache (C:\Users\ADMIN\.gradle\caches\8.0\fileHashes)" [_thread_blocked, id=1708, stack(0x00000061a3d00000,0x00000061a3e00000)]
  0x000001add6677cc0 JavaThread "File watcher server" daemon [_thread_blocked, id=5224, stack(0x00000061a3e00000,0x00000061a3f00000)]
  0x000001add66747d0 JavaThread "File watcher consumer" daemon [_thread_blocked, id=4284, stack(0x00000061a3f00000,0x00000061a4000000)]
  0x000001add6675640 JavaThread "Cache worker for file content cache (C:\Users\ADMIN\.gradle\caches\8.0\fileContent)" [_thread_blocked, id=6900, stack(0x00000061a4200000,0x00000061a4300000)]
  0x000001add7eb6a40 JavaThread "Cache worker for execution history cache (C:\Users\ADMIN\.gradle\caches\8.0\executionHistory)" [_thread_blocked, id=8620, stack(0x00000061a4500000,0x00000061a4600000)]
  0x000001add7eb9f30 JavaThread "jar transforms" [_thread_blocked, id=8344, stack(0x00000061a4600000,0x00000061a4700000)]
  0x000001add7ebc0e0 JavaThread "jar transforms Thread 2" [_thread_blocked, id=12068, stack(0x00000061a4700000,0x00000061a4800000)]
  0x000001add7ebca80 JavaThread "Cache worker for kotlin-dsl (C:\Users\ADMIN\.gradle\caches\8.0\kotlin-dsl)" [_thread_blocked, id=10496, stack(0x00000061a4900000,0x00000061a4a00000)]
  0x000001add7eb60a0 JavaThread "jar transforms Thread 3" [_thread_blocked, id=7084, stack(0x00000061a4a00000,0x00000061a4b00000)]
  0x000001add7ebcf50 JavaThread "jar transforms Thread 4" [_thread_blocked, id=13572, stack(0x00000061a4b00000,0x00000061a4c00000)]
  0x000001add9893210 JavaThread "Memory manager" [_thread_blocked, id=14668, stack(0x00000061a7800000,0x00000061a7900000)]
  0x000001add9894080 JavaThread "pool-3-thread-1" [_thread_blocked, id=5344, stack(0x00000061a7900000,0x00000061a7a00000)]
  0x000001add9c4ae20 JavaThread "pool-6-thread-1" [_thread_blocked, id=6288, stack(0x00000061a7400000,0x00000061a7500000)]
  0x000001add9c4b7c0 JavaThread "Cache worker for Java compile cache (C:\Users\ADMIN\.gradle\caches\8.0\javaCompile)" [_thread_blocked, id=10692, stack(0x00000061a7d00000,0x00000061a7e00000)]
  0x000001add9c4f180 JavaThread "pool-10-thread-1" [_thread_blocked, id=12144, stack(0x00000061a7500000,0x00000061a7600000)]
  0x000001add9897a40 JavaThread "Daemon Thread 4" [_thread_blocked, id=9016, stack(0x00000061a1900000,0x00000061a1a00000)]
  0x000001add98970a0 JavaThread "Handler for socket connection from /127.0.0.1:50637 to /127.0.0.1:52436" [_thread_in_native, id=5308, stack(0x00000061a1a00000,0x00000061a1b00000)]
  0x000001add9893bb0 JavaThread "Cancel handler" [_thread_blocked, id=652, stack(0x00000061a3400000,0x00000061a3500000)]
  0x000001add9892870 JavaThread "Daemon worker Thread 4" [_thread_blocked, id=10152, stack(0x00000061a3500000,0x00000061a3600000)]
  0x000001add9891a00 JavaThread "Asynchronous log dispatcher for DefaultDaemonConnection: socket connection from /127.0.0.1:50637 to /127.0.0.1:52436" [_thread_blocked, id=1696, stack(0x00000061a3600000,0x00000061a3700000)]
  0x000001add98923a0 JavaThread "Stdin handler" [_thread_blocked, id=12200, stack(0x00000061a3700000,0x00000061a3800000)]
  0x000001add9894550 JavaThread "Daemon client event forwarder" [_thread_blocked, id=16256, stack(0x00000061a3800000,0x00000061a3900000)]
  0x000001add9897f10 JavaThread "Cache worker for checksums cache (C:\Users\ADMIN\AndroidStudioProjects\MyApplication\.gradle\8.0\checksums)" [_thread_blocked, id=14928, stack(0x00000061a3a00000,0x00000061a3b00000)]
  0x000001add9895890 JavaThread "Cache worker for cache directory md-rule (C:\Users\ADMIN\.gradle\caches\8.0\md-rule)" [_thread_blocked, id=14000, stack(0x00000061a4000000,0x00000061a4100000)]
  0x000001add9897570 JavaThread "Cache worker for file hash cache (C:\Users\ADMIN\AndroidStudioProjects\MyApplication\.gradle\8.0\fileHashes)" [_thread_blocked, id=7836, stack(0x00000061a4100000,0x00000061a4200000)]
  0x000001add98988b0 JavaThread "Cache worker for cache directory md-supplier (C:\Users\ADMIN\.gradle\caches\8.0\md-supplier)" [_thread_blocked, id=12364, stack(0x00000061a4300000,0x00000061a4400000)]
  0x000001add58a5980 JavaThread "Cache worker for dependencies-accessors (C:\Users\ADMIN\AndroidStudioProjects\MyApplication\.gradle\8.0\dependencies-accessors)" [_thread_blocked, id=7720, stack(0x00000061a3900000,0x00000061a3a00000)]
  0x000001add58a4640 JavaThread "Cache worker for Build Output Cleanup Cache (C:\Users\ADMIN\AndroidStudioProjects\MyApplication\.gradle\buildOutputCleanup)" [_thread_blocked, id=11928, stack(0x00000061a4400000,0x00000061a4500000)]
  0x000001add58a07b0 JavaThread "Unconstrained build operations" [_thread_blocked, id=10584, stack(0x00000061a4d00000,0x00000061a4e00000)]
  0x000001add589ead0 JavaThread "Unconstrained build operations Thread 2" [_thread_blocked, id=13144, stack(0x00000061a4e00000,0x00000061a4f00000)]
  0x000001add58a3300 JavaThread "Unconstrained build operations Thread 3" [_thread_blocked, id=10468, stack(0x00000061a4f00000,0x00000061a5000000)]
  0x000001add589efa0 JavaThread "Unconstrained build operations Thread 4" [_thread_blocked, id=9916, stack(0x00000061a5000000,0x00000061a5100000)]
  0x000001add58a4b10 JavaThread "Unconstrained build operations Thread 5" [_thread_blocked, id=5536, stack(0x00000061a5100000,0x00000061a5200000)]
  0x000001add58a02e0 JavaThread "Unconstrained build operations Thread 6" [_thread_blocked, id=10544, stack(0x00000061a5200000,0x00000061a5300000)]
  0x000001add58a37d0 JavaThread "Unconstrained build operations Thread 7" [_thread_blocked, id=15104, stack(0x00000061a5300000,0x00000061a5400000)]
  0x000001add58a6320 JavaThread "Unconstrained build operations Thread 8" [_thread_blocked, id=6224, stack(0x00000061a5400000,0x00000061a5500000)]
  0x000001add58a1af0 JavaThread "Unconstrained build operations Thread 9" [_thread_blocked, id=14428, stack(0x00000061a5500000,0x00000061a5600000)]
  0x000001add58a2e30 JavaThread "Unconstrained build operations Thread 10" [_thread_blocked, id=2716, stack(0x00000061a5600000,0x00000061a5700000)]
  0x000001add58a3ca0 JavaThread "Unconstrained build operations Thread 11" [_thread_blocked, id=10324, stack(0x00000061a5700000,0x00000061a5800000)]
  0x000001add58a54b0 JavaThread "Unconstrained build operations Thread 12" [_thread_blocked, id=15152, stack(0x00000061a5800000,0x00000061a5900000)]
  0x000001add58a4fe0 JavaThread "Unconstrained build operations Thread 13" [_thread_blocked, id=10680, stack(0x00000061a5900000,0x00000061a5a00000)]
  0x000001add58a2490 JavaThread "Unconstrained build operations Thread 14" [_thread_blocked, id=14688, stack(0x00000061a5a00000,0x00000061a5b00000)]
  0x000001add58a2960 JavaThread "Unconstrained build operations Thread 15" [_thread_blocked, id=2172, stack(0x00000061a5b00000,0x00000061a5c00000)]
  0x000001add58a4170 JavaThread "Unconstrained build operations Thread 16" [_thread_blocked, id=6628, stack(0x00000061a5c00000,0x00000061a5d00000)]
  0x000001add58a1fc0 JavaThread "Unconstrained build operations Thread 17" [_thread_blocked, id=12812, stack(0x00000061a5d00000,0x00000061a5e00000)]
  0x000001add589f470 JavaThread "Unconstrained build operations Thread 18" [_thread_blocked, id=5560, stack(0x00000061a5e00000,0x00000061a5f00000)]
  0x000001add58a5e50 JavaThread "Unconstrained build operations Thread 19" [_thread_blocked, id=14408, stack(0x00000061a5f00000,0x00000061a6000000)]
  0x000001add58a0c80 JavaThread "Unconstrained build operations Thread 20" [_thread_blocked, id=13652, stack(0x00000061a6000000,0x00000061a6100000)]
  0x000001add58a1150 JavaThread "Unconstrained build operations Thread 21" [_thread_blocked, id=11536, stack(0x00000061a6100000,0x00000061a6200000)]
  0x000001add58a1620 JavaThread "Unconstrained build operations Thread 22" [_thread_blocked, id=3212, stack(0x00000061a6200000,0x00000061a6300000)]
  0x000001addd978390 JavaThread "Unconstrained build operations Thread 23" [_thread_blocked, id=12016, stack(0x00000061a6300000,0x00000061a6400000)]
  0x000001addd97aee0 JavaThread "Unconstrained build operations Thread 24" [_thread_blocked, id=15148, stack(0x00000061a6400000,0x00000061a6500000)]
  0x000001addd97df00 JavaThread "Unconstrained build operations Thread 25" [_thread_blocked, id=13016, stack(0x00000061a6500000,0x00000061a6600000)]
  0x000001addd97b3b0 JavaThread "Unconstrained build operations Thread 26" [_thread_blocked, id=10676, stack(0x00000061a6600000,0x00000061a6700000)]
  0x000001addd97aa10 JavaThread "Unconstrained build operations Thread 27" [_thread_blocked, id=1984, stack(0x00000061a6700000,0x00000061a6800000)]
  0x000001addd978d30 JavaThread "Unconstrained build operations Thread 28" [_thread_blocked, id=14148, stack(0x00000061a6800000,0x00000061a6900000)]
  0x000001addd97a070 JavaThread "Unconstrained build operations Thread 29" [_thread_blocked, id=4820, stack(0x00000061a6900000,0x00000061a6a00000)]
  0x000001addd97a540 JavaThread "Unconstrained build operations Thread 30" [_thread_blocked, id=8160, stack(0x00000061a6a00000,0x00000061a6b00000)]
  0x000001addd97b880 JavaThread "Unconstrained build operations Thread 31" [_thread_blocked, id=3120, stack(0x00000061a6b00000,0x00000061a6c00000)]
  0x000001addd9779f0 JavaThread "Unconstrained build operations Thread 32" [_thread_blocked, id=15588, stack(0x00000061a6c00000,0x00000061a6d00000)]
  0x000001addd97bd50 JavaThread "Unconstrained build operations Thread 33" [_thread_blocked, id=12604, stack(0x00000061a6d00000,0x00000061a6e00000)]
  0x000001addd97d090 JavaThread "Unconstrained build operations Thread 34" [_thread_blocked, id=9952, stack(0x00000061a6e00000,0x00000061a6f00000)]
  0x000001addd979200 JavaThread "Unconstrained build operations Thread 35" [_thread_blocked, id=1232, stack(0x00000061a6f00000,0x00000061a7000000)]
  0x000001addd97e3d0 JavaThread "Unconstrained build operations Thread 36" [_thread_blocked, id=15276, stack(0x00000061a7000000,0x00000061a7100000)]
  0x000001addd977ec0 JavaThread "Unconstrained build operations Thread 37" [_thread_blocked, id=9000, stack(0x00000061a7100000,0x00000061a7200000)]
  0x000001addd97d560 JavaThread "Unconstrained build operations Thread 38" [_thread_blocked, id=15536, stack(0x00000061a7200000,0x00000061a7300000)]
  0x000001addd979ba0 JavaThread "Unconstrained build operations Thread 39" [_thread_blocked, id=15732, stack(0x00000061a7300000,0x00000061a7400000)]
  0x000001addd97e8a0 JavaThread "Unconstrained build operations Thread 40" [_thread_blocked, id=604, stack(0x00000061a7600000,0x00000061a7700000)]
  0x000001addd977520 JavaThread "build event listener" [_thread_blocked, id=5276, stack(0x00000061a7700000,0x00000061a7800000)]
  0x000001addd978860 JavaThread "pool-13-thread-1" [_thread_blocked, id=3052, stack(0x00000061a4c00000,0x00000061a4d00000)]
  0x000001add9c49ae0 JavaThread "build event listener" [_thread_blocked, id=8668, stack(0x00000061a7a00000,0x00000061a7b00000)]
  0x000001add9c4e7e0 JavaThread "included builds" [_thread_blocked, id=9596, stack(0x00000061a7b00000,0x00000061a7c00000)]
  0x000001add9c4b2f0 JavaThread "Execution worker" [_thread_blocked, id=12760, stack(0x00000061a7c00000,0x00000061a7d00000)]
  0x000001add9c4cb00 JavaThread "Execution worker Thread 2" [_thread_blocked, id=5904, stack(0x00000061a7e00000,0x00000061a7f00000)]
  0x000001add9c4cfd0 JavaThread "Execution worker Thread 3" [_thread_blocked, id=14592, stack(0x00000061a7f00000,0x00000061a8000000)]
  0x000001add9c4d4a0 JavaThread "Cache worker for execution history cache (C:\Users\ADMIN\AndroidStudioProjects\MyApplication\.gradle\8.0\executionHistory)" [_thread_blocked, id=6620, stack(0x00000061a8000000,0x00000061a8100000)]
  0x000001add9c4d970 JavaThread "WorkerExecutor Queue" [_thread_blocked, id=14752, stack(0x00000061a8300000,0x00000061a8400000)]
  0x000001add9c4de40 JavaThread "WorkerExecutor Queue Thread 2" [_thread_blocked, id=12532, stack(0x00000061a8400000,0x00000061a8500000)]
  0x000001add9c4ecb0 JavaThread "WorkerExecutor Queue Thread 3" [_thread_blocked, id=15004, stack(0x00000061a8600000,0x00000061a8700000)]
  0x000001add9c504c0 JavaThread "WorkerExecutor Queue Thread 4" [_thread_blocked, id=14580, stack(0x00000061a8700000,0x00000061a8800000)]
  0x000001add9c49fb0 JavaThread "pool-14-thread-1" [_thread_blocked, id=16204, stack(0x00000061a8800000,0x00000061a8900000)]
  0x000001add7eb8720 JavaThread "stderr" [_thread_in_native, id=12320, stack(0x00000061a8900000,0x00000061a8a00000)]
  0x000001add7eb9a60 JavaThread "stdout" [_thread_in_native, id=15836, stack(0x00000061a8a00000,0x00000061a8b00000)]
  0x000001add7a11300 JavaThread "C2 CompilerThread1" daemon [_thread_blocked, id=11044, stack(0x00000061a8100000,0x00000061a8200000)]
  0x000001add7ebb740 JavaThread "Build operations" [_thread_blocked, id=1728, stack(0x00000061a8b00000,0x00000061a8c00000)]
  0x000001add7eb73e0 JavaThread "Build operations Thread 2" [_thread_blocked, id=8740, stack(0x00000061a8c00000,0x00000061a8d00000)]
  0x000001add7ebbc10 JavaThread "Build operations Thread 3" [_thread_blocked, id=9660, stack(0x00000061a8d00000,0x00000061a8e00000)]
  0x000001add7ebd420 JavaThread "Build operations Thread 4" [_thread_blocked, id=11128, stack(0x00000061a8e00000,0x00000061a8f00000)]

Other Threads:
=>0x000001add41c7f30 VMThread "VM Thread" [stack: 0x00000061a2100000,0x00000061a2200000] [id=14284]
  0x000001add4dc59f0 WatcherThread [stack: 0x00000061a2d00000,0x00000061a2e00000] [id=5708]
  0x000001adb8d57b50 GCTaskThread "GC Thread#0" [stack: 0x00000061a1c00000,0x00000061a1d00000] [id=2144]
  0x000001add52bbcb0 GCTaskThread "GC Thread#1" [stack: 0x00000061a2e00000,0x00000061a2f00000] [id=9296]
  0x000001add5135800 GCTaskThread "GC Thread#2" [stack: 0x00000061a2f00000,0x00000061a3000000] [id=10092]
  0x000001add5766450 GCTaskThread "GC Thread#3" [stack: 0x00000061a3000000,0x00000061a3100000] [id=4024]
  0x000001adb8d68a90 ConcurrentGCThread "G1 Main Marker" [stack: 0x00000061a1d00000,0x00000061a1e00000] [id=14728]
  0x000001adb8d694a0 ConcurrentGCThread "G1 Conc#0" [stack: 0x00000061a1e00000,0x00000061a1f00000] [id=11676]
  0x000001add40724b0 ConcurrentGCThread "G1 Refine#0" [stack: 0x00000061a1f00000,0x00000061a2000000] [id=3792]
  0x000001add74630f0 ConcurrentGCThread "G1 Refine#1" [stack: 0x00000061a4800000,0x00000061a4900000] [id=14088]
  0x000001addc17e300 ConcurrentGCThread "G1 Refine#2" [stack: 0x00000061a1800000,0x00000061a1900000] [id=10136]
  0x000001addc17f720 ConcurrentGCThread "G1 Refine#3" [stack: 0x00000061a8200000,0x00000061a8300000] [id=16272]
  0x000001add4073b90 ConcurrentGCThread "G1 Service" [stack: 0x00000061a2000000,0x00000061a2100000] [id=7012]

Threads with active compile tasks:
C2 CompilerThread0  3185898 18998       4       org.gradle.api.internal.tasks.compile.incremental.serialization.HierarchicalNameSerializer::readFirstOccurrenceOfName (60 bytes)
C2 CompilerThread1  3185898 18943       4       org.objectweb.asm.MethodVisitor::visitVarInsn (17 bytes)

VM state: at safepoint (normal execution)

VM Mutex/Monitor currently owned by a thread:  ([mutex/lock_event])
[0x000001adb8cf4650] Threads_lock - owner thread: 0x000001add41c7f30
[0x000001adb8cf3f00] Heap_lock - owner thread: 0x000001add7ebb740

Heap address: 0x0000000080000000, size: 2048 MB, Compressed Oops mode: 32-bit

CDS archive(s) not mapped
Compressed class space mapped at: 0x0000000100000000-0x0000000140000000, reserved size: 1073741824
Narrow klass base: 0x0000000000000000, Narrow klass shift: 3, Narrow klass range: 0x140000000

GC Precious Log:
 CPUs: 4 total, 4 available
 Memory: 7886M
 Large Page Support: Disabled
 NUMA Support: Disabled
 Compressed Oops: Enabled (32-bit)
 Heap Region Size: 1M
 Heap Min Capacity: 8M
 Heap Initial Capacity: 124M
 Heap Max Capacity: 2G
 Pre-touch: Disabled
 Parallel Workers: 4
 Concurrent Workers: 1
 Concurrent Refinement Workers: 4
 Periodic GC: Disabled

Heap:
 garbage-first heap   total 252928K, used 136122K [0x0000000080000000, 0x0000000100000000)
  region size 1024K, 5 young (5120K), 5 survivors (5120K)
 Metaspace       used 138439K, committed 139392K, reserved 1171456K
  class space    used 18398K, committed 18880K, reserved 1048576K

Heap Regions: E=young(eden), S=young(survivor), O=old, HS=humongous(starts), HC=humongous(continues), CS=collection set, F=free, OA=open archive, CA=closed archive, TAMS=top-at-mark-start (previous, next)
|   0|0x0000000080000000, 0x0000000080100000, 0x0000000080100000|100%| O|  |TAMS 0x0000000080100000, 0x0000000080100000| Untracked 
|   1|0x0000000080100000, 0x0000000080200000, 0x0000000080200000|100%| O|  |TAMS 0x0000000080200000, 0x0000000080200000| Untracked 
|   2|0x0000000080200000, 0x0000000080300000, 0x0000000080300000|100%|HS|  |TAMS 0x0000000080300000, 0x0000000080300000| Complete 
|   3|0x0000000080300000, 0x0000000080400000, 0x0000000080400000|100%|HC|  |TAMS 0x0000000080400000, 0x0000000080400000| Complete 
|   4|0x0000000080400000, 0x0000000080500000, 0x0000000080500000|100%|HC|  |TAMS 0x0000000080500000, 0x0000000080500000| Complete 
|   5|0x0000000080500000, 0x0000000080600000, 0x0000000080600000|100%|HC|  |TAMS 0x0000000080600000, 0x0000000080600000| Complete 
|   6|0x0000000080600000, 0x0000000080700000, 0x0000000080700000|100%| O|  |TAMS 0x0000000080700000, 0x0000000080700000| Untracked 
|   7|0x0000000080700000, 0x0000000080800000, 0x0000000080800000|100%| O|  |TAMS 0x0000000080800000, 0x0000000080800000| Untracked 
|   8|0x0000000080800000, 0x0000000080900000, 0x0000000080900000|100%| O|  |TAMS 0x0000000080900000, 0x0000000080900000| Untracked 
|   9|0x0000000080900000, 0x0000000080a00000, 0x0000000080a00000|100%| O|  |TAMS 0x0000000080a00000, 0x0000000080a00000| Untracked 
|  10|0x0000000080a00000, 0x0000000080b00000, 0x0000000080b00000|100%| O|  |TAMS 0x0000000080b00000, 0x0000000080b00000| Untracked 
|  11|0x0000000080b00000, 0x0000000080c00000, 0x0000000080c00000|100%| O|  |TAMS 0x0000000080c00000, 0x0000000080c00000| Untracked 
|  12|0x0000000080c00000, 0x0000000080d00000, 0x0000000080d00000|100%| O|  |TAMS 0x0000000080d00000, 0x0000000080d00000| Untracked 
|  13|0x0000000080d00000, 0x0000000080e00000, 0x0000000080e00000|100%| O|  |TAMS 0x0000000080e00000, 0x0000000080e00000| Untracked 
|  14|0x0000000080e00000, 0x0000000080f00000, 0x0000000080f00000|100%| O|  |TAMS 0x0000000080f00000, 0x0000000080f00000| Untracked 
|  15|0x0000000080f00000, 0x0000000081000000, 0x0000000081000000|100%| O|  |TAMS 0x0000000081000000, 0x0000000081000000| Untracked 
|  16|0x0000000081000000, 0x0000000081100000, 0x0000000081100000|100%| O|  |TAMS 0x0000000081100000, 0x0000000081100000| Untracked 
|  17|0x0000000081100000, 0x0000000081200000, 0x0000000081200000|100%| O|  |TAMS 0x0000000081200000, 0x0000000081200000| Untracked 
|  18|0x0000000081200000, 0x0000000081300000, 0x0000000081300000|100%| O|  |TAMS 0x0000000081300000, 0x0000000081300000| Untracked 
|  19|0x0000000081300000, 0x0000000081400000, 0x0000000081400000|100%| O|  |TAMS 0x0000000081400000, 0x0000000081400000| Untracked 
|  20|0x0000000081400000, 0x0000000081500000, 0x0000000081500000|100%| O|  |TAMS 0x0000000081500000, 0x0000000081500000| Untracked 
|  21|0x0000000081500000, 0x0000000081600000, 0x0000000081600000|100%| O|  |TAMS 0x0000000081600000, 0x0000000081600000| Untracked 
|  22|0x0000000081600000, 0x0000000081700000, 0x0000000081700000|100%| O|  |TAMS 0x0000000081700000, 0x0000000081700000| Untracked 
|  23|0x0000000081700000, 0x0000000081800000, 0x0000000081800000|100%| O|  |TAMS 0x0000000081800000, 0x0000000081800000| Untracked 
|  24|0x0000000081800000, 0x0000000081800000, 0x0000000081900000|  0%| F|  |TAMS 0x0000000081800000, 0x0000000081800000| Untracked 
|  25|0x0000000081900000, 0x0000000081a00000, 0x0000000081a00000|100%| O|  |TAMS 0x0000000081a00000, 0x0000000081a00000| Untracked 
|  26|0x0000000081a00000, 0x0000000081b00000, 0x0000000081b00000|100%| O|  |TAMS 0x0000000081b00000, 0x0000000081b00000| Untracked 
|  27|0x0000000081b00000, 0x0000000081c00000, 0x0000000081c00000|100%| O|  |TAMS 0x0000000081c00000, 0x0000000081c00000| Untracked 
|  28|0x0000000081c00000, 0x0000000081d00000, 0x0000000081d00000|100%| O|  |TAMS 0x0000000081d00000, 0x0000000081d00000| Untracked 
|  29|0x0000000081d00000, 0x0000000081e00000, 0x0000000081e00000|100%| O|  |TAMS 0x0000000081e00000, 0x0000000081e00000| Untracked 
|  30|0x0000000081e00000, 0x0000000081f00000, 0x0000000081f00000|100%| O|  |TAMS 0x0000000081f00000, 0x0000000081f00000| Untracked 
|  31|0x0000000081f00000, 0x0000000082000000, 0x0000000082000000|100%| O|  |TAMS 0x0000000082000000, 0x0000000082000000| Untracked 
|  32|0x0000000082000000, 0x0000000082100000, 0x0000000082100000|100%| O|  |TAMS 0x0000000082100000, 0x0000000082100000| Untracked 
|  33|0x0000000082100000, 0x0000000082200000, 0x0000000082200000|100%| O|  |TAMS 0x0000000082200000, 0x0000000082200000| Untracked 
|  34|0x0000000082200000, 0x0000000082300000, 0x0000000082300000|100%| O|  |TAMS 0x0000000082300000, 0x0000000082300000| Untracked 
|  35|0x0000000082300000, 0x0000000082400000, 0x0000000082400000|100%| O|  |TAMS 0x0000000082400000, 0x0000000082400000| Untracked 
|  36|0x0000000082400000, 0x0000000082500000, 0x0000000082500000|100%| O|  |TAMS 0x0000000082500000, 0x0000000082500000| Untracked 
|  37|0x0000000082500000, 0x0000000082600000, 0x0000000082600000|100%| O|  |TAMS 0x0000000082600000, 0x0000000082600000| Untracked 
|  38|0x0000000082600000, 0x0000000082700000, 0x0000000082700000|100%|HS|  |TAMS 0x0000000082700000, 0x0000000082700000| Complete 
|  39|0x0000000082700000, 0x0000000082800000, 0x0000000082800000|100%|HS|  |TAMS 0x0000000082800000, 0x0000000082800000| Complete 
|  40|0x0000000082800000, 0x0000000082900000, 0x0000000082900000|100%|HS|  |TAMS 0x0000000082900000, 0x0000000082900000| Complete 
|  41|0x0000000082900000, 0x0000000082900000, 0x0000000082a00000|  0%| F|  |TAMS 0x0000000082900000, 0x0000000082900000| Untracked 
|  42|0x0000000082a00000, 0x0000000082a00000, 0x0000000082b00000|  0%| F|  |TAMS 0x0000000082a00000, 0x0000000082a00000| Untracked 
|  43|0x0000000082b00000, 0x0000000082c00000, 0x0000000082c00000|100%| O|  |TAMS 0x0000000082b00000, 0x0000000082c00000| Untracked 
|  44|0x0000000082c00000, 0x0000000082d00000, 0x0000000082d00000|100%| O|  |TAMS 0x0000000082d00000, 0x0000000082d00000| Untracked 
|  45|0x0000000082d00000, 0x0000000082e00000, 0x0000000082e00000|100%| O|  |TAMS 0x0000000082e00000, 0x0000000082e00000| Untracked 
|  46|0x0000000082e00000, 0x0000000082f00000, 0x0000000082f00000|100%| O|  |TAMS 0x0000000082f00000, 0x0000000082f00000| Untracked 
|  47|0x0000000082f00000, 0x0000000083000000, 0x0000000083000000|100%| O|  |TAMS 0x0000000083000000, 0x0000000083000000| Untracked 
|  48|0x0000000083000000, 0x0000000083100000, 0x0000000083100000|100%| O|  |TAMS 0x0000000083100000, 0x0000000083100000| Untracked 
|  49|0x0000000083100000, 0x0000000083100000, 0x0000000083200000|  0%| F|  |TAMS 0x0000000083100000, 0x0000000083100000| Untracked 
|  50|0x0000000083200000, 0x0000000083300000, 0x0000000083300000|100%| O|  |TAMS 0x0000000083300000, 0x0000000083300000| Untracked 
|  51|0x0000000083300000, 0x0000000083400000, 0x0000000083400000|100%| O|  |TAMS 0x0000000083300000, 0x0000000083400000| Untracked 
|  52|0x0000000083400000, 0x0000000083500000, 0x0000000083500000|100%| O|  |TAMS 0x0000000083400000, 0x0000000083500000| Untracked 
|  53|0x0000000083500000, 0x0000000083600000, 0x0000000083600000|100%| O|  |TAMS 0x0000000083600000, 0x0000000083600000| Untracked 
|  54|0x0000000083600000, 0x0000000083700000, 0x0000000083700000|100%| O|  |TAMS 0x0000000083700000, 0x0000000083700000| Untracked 
|  55|0x0000000083700000, 0x0000000083800000, 0x0000000083800000|100%| O|  |TAMS 0x0000000083700000, 0x0000000083800000| Untracked 
|  56|0x0000000083800000, 0x0000000083900000, 0x0000000083900000|100%| O|  |TAMS 0x0000000083800000, 0x0000000083900000| Untracked 
|  57|0x0000000083900000, 0x0000000083a00000, 0x0000000083a00000|100%| O|  |TAMS 0x0000000083900000, 0x0000000083a00000| Untracked 
|  58|0x0000000083a00000, 0x0000000083b00000, 0x0000000083b00000|100%| O|  |TAMS 0x0000000083b00000, 0x0000000083b00000| Untracked 
|  59|0x0000000083b00000, 0x0000000083c00000, 0x0000000083c00000|100%| O|  |TAMS 0x0000000083b00000, 0x0000000083c00000| Untracked 
|  60|0x0000000083c00000, 0x0000000083c00000, 0x0000000083d00000|  0%| F|  |TAMS 0x0000000083c00000, 0x0000000083c00000| Untracked 
|  61|0x0000000083d00000, 0x0000000083e00000, 0x0000000083e00000|100%| O|  |TAMS 0x0000000083e00000, 0x0000000083e00000| Untracked 
|  62|0x0000000083e00000, 0x0000000083f00000, 0x0000000083f00000|100%| O|  |TAMS 0x0000000083e00000, 0x0000000083f00000| Untracked 
|  63|0x0000000083f00000, 0x0000000084000000, 0x0000000084000000|100%| O|  |TAMS 0x0000000084000000, 0x0000000084000000| Untracked 
|  64|0x0000000084000000, 0x0000000084100000, 0x0000000084100000|100%| O|  |TAMS 0x0000000084100000, 0x0000000084100000| Untracked 
|  65|0x0000000084100000, 0x0000000084200000, 0x0000000084200000|100%| O|  |TAMS 0x0000000084200000, 0x0000000084200000| Untracked 
|  66|0x0000000084200000, 0x0000000084300000, 0x0000000084300000|100%| O|  |TAMS 0x0000000084200000, 0x0000000084300000| Untracked 
|  67|0x0000000084300000, 0x0000000084300000, 0x0000000084400000|  0%| F|  |TAMS 0x0000000084300000, 0x0000000084300000| Untracked 
|  68|0x0000000084400000, 0x0000000084500000, 0x0000000084500000|100%| O|  |TAMS 0x0000000084500000, 0x0000000084500000| Untracked 
|  69|0x0000000084500000, 0x0000000084600000, 0x0000000084600000|100%| O|  |TAMS 0x0000000084500000, 0x0000000084600000| Untracked 
|  70|0x0000000084600000, 0x0000000084700000, 0x0000000084700000|100%| O|  |TAMS 0x0000000084700000, 0x0000000084700000| Untracked 
|  71|0x0000000084700000, 0x0000000084800000, 0x0000000084800000|100%| O|  |TAMS 0x0000000084800000, 0x0000000084800000| Untracked 
|  72|0x0000000084800000, 0x0000000084900000, 0x0000000084900000|100%| O|  |TAMS 0x0000000084900000, 0x0000000084900000| Untracked 
|  73|0x0000000084900000, 0x0000000084a00000, 0x0000000084a00000|100%| O|  |TAMS 0x0000000084a00000, 0x0000000084a00000| Untracked 
|  74|0x0000000084a00000, 0x0000000084b00000, 0x0000000084b00000|100%| O|  |TAMS 0x0000000084b00000, 0x0000000084b00000| Untracked 
|  75|0x0000000084b00000, 0x0000000084c00000, 0x0000000084c00000|100%| O|  |TAMS 0x0000000084c00000, 0x0000000084c00000| Untracked 
|  76|0x0000000084c00000, 0x0000000084d00000, 0x0000000084d00000|100%| O|  |TAMS 0x0000000084d00000, 0x0000000084d00000| Untracked 
|  77|0x0000000084d00000, 0x0000000084e00000, 0x0000000084e00000|100%| O|  |TAMS 0x0000000084d00000, 0x0000000084e00000| Untracked 
|  78|0x0000000084e00000, 0x0000000084f00000, 0x0000000084f00000|100%| O|  |TAMS 0x0000000084f00000, 0x0000000084f00000| Untracked 
|  79|0x0000000084f00000, 0x0000000085000000, 0x0000000085000000|100%| O|  |TAMS 0x0000000085000000, 0x0000000085000000| Untracked 
|  80|0x0000000085000000, 0x0000000085100000, 0x0000000085100000|100%| O|  |TAMS 0x0000000085100000, 0x0000000085100000| Untracked 
|  81|0x0000000085100000, 0x0000000085200000, 0x0000000085200000|100%| O|  |TAMS 0x0000000085200000, 0x0000000085200000| Untracked 
|  82|0x0000000085200000, 0x0000000085300000, 0x0000000085300000|100%| O|  |TAMS 0x0000000085300000, 0x0000000085300000| Untracked 
|  83|0x0000000085300000, 0x0000000085400000, 0x0000000085400000|100%| O|  |TAMS 0x0000000085400000, 0x0000000085400000| Untracked 
|  84|0x0000000085400000, 0x0000000085500000, 0x0000000085500000|100%| O|  |TAMS 0x0000000085500000, 0x0000000085500000| Untracked 
|  85|0x0000000085500000, 0x0000000085600000, 0x0000000085600000|100%| O|  |TAMS 0x0000000085600000, 0x0000000085600000| Untracked 
|  86|0x0000000085600000, 0x0000000085700000, 0x0000000085700000|100%| O|  |TAMS 0x0000000085700000, 0x0000000085700000| Untracked 
|  87|0x0000000085700000, 0x0000000085800000, 0x0000000085800000|100%| O|  |TAMS 0x0000000085800000, 0x0000000085800000| Untracked 
|  88|0x0000000085800000, 0x0000000085900000, 0x0000000085900000|100%| O|  |TAMS 0x0000000085800000, 0x0000000085900000| Untracked 
|  89|0x0000000085900000, 0x0000000085a00000, 0x0000000085a00000|100%| O|  |TAMS 0x0000000085a00000, 0x0000000085a00000| Untracked 
|  90|0x0000000085a00000, 0x0000000085b00000, 0x0000000085b00000|100%| O|  |TAMS 0x0000000085b00000, 0x0000000085b00000| Untracked 
|  91|0x0000000085b00000, 0x0000000085c00000, 0x0000000085c00000|100%| O|  |TAMS 0x0000000085c00000, 0x0000000085c00000| Untracked 
|  92|0x0000000085c00000, 0x0000000085d00000, 0x0000000085d00000|100%| O|  |TAMS 0x0000000085d00000, 0x0000000085d00000| Untracked 
|  93|0x0000000085d00000, 0x0000000085e00000, 0x0000000085e00000|100%| O|  |TAMS 0x0000000085d00000, 0x0000000085e00000| Untracked 
|  94|0x0000000085e00000, 0x0000000085f00000, 0x0000000085f00000|100%| O|  |TAMS 0x0000000085f00000, 0x0000000085f00000| Untracked 
|  95|0x0000000085f00000, 0x0000000086000000, 0x0000000086000000|100%| O|  |TAMS 0x0000000086000000, 0x0000000086000000| Untracked 
|  96|0x0000000086000000, 0x0000000086100000, 0x0000000086100000|100%| O|  |TAMS 0x0000000086100000, 0x0000000086100000| Untracked 
|  97|0x0000000086100000, 0x0000000086200000, 0x0000000086200000|100%| O|  |TAMS 0x0000000086100000, 0x0000000086200000| Untracked 
|  98|0x0000000086200000, 0x0000000086300000, 0x0000000086300000|100%| O|  |TAMS 0x0000000086200000, 0x0000000086300000| Untracked 
|  99|0x0000000086300000, 0x0000000086400000, 0x0000000086400000|100%| O|  |TAMS 0x0000000086400000, 0x0000000086400000| Untracked 
| 100|0x0000000086400000, 0x0000000086500000, 0x0000000086500000|100%| O|  |TAMS 0x0000000086500000, 0x0000000086500000| Untracked 
| 101|0x0000000086500000, 0x0000000086600000, 0x0000000086600000|100%| O|  |TAMS 0x0000000086600000, 0x0000000086600000| Untracked 
| 102|0x0000000086600000, 0x0000000086700000, 0x0000000086700000|100%| O|  |TAMS 0x0000000086600000, 0x0000000086700000| Untracked 
| 103|0x0000000086700000, 0x0000000086800000, 0x0000000086800000|100%| O|  |TAMS 0x0000000086700000, 0x0000000086800000| Untracked 
| 104|0x0000000086800000, 0x0000000086900000, 0x0000000086900000|100%| O|  |TAMS 0x0000000086800000, 0x0000000086900000| Untracked 
| 105|0x0000000086900000, 0x0000000086a00000, 0x0000000086a00000|100%| O|  |TAMS 0x0000000086900000, 0x0000000086a00000| Untracked 
| 106|0x0000000086a00000, 0x0000000086b00000, 0x0000000086b00000|100%| O|  |TAMS 0x0000000086a00000, 0x0000000086b00000| Untracked 
| 107|0x0000000086b00000, 0x0000000086c00000, 0x0000000086c00000|100%| O|  |TAMS 0x0000000086b00000, 0x0000000086c00000| Untracked 
| 108|0x0000000086c00000, 0x0000000086d00000, 0x0000000086d00000|100%| O|  |TAMS 0x0000000086d00000, 0x0000000086d00000| Untracked 
| 109|0x0000000086d00000, 0x0000000086e00000, 0x0000000086e00000|100%| O|  |TAMS 0x0000000086e00000, 0x0000000086e00000| Untracked 
| 110|0x0000000086e00000, 0x0000000086f00000, 0x0000000086f00000|100%| O|  |TAMS 0x0000000086f00000, 0x0000000086f00000| Untracked 
| 111|0x0000000086f00000, 0x0000000087000000, 0x0000000087000000|100%| O|  |TAMS 0x0000000087000000, 0x0000000087000000| Untracked 
| 112|0x0000000087000000, 0x0000000087000000, 0x0000000087100000|  0%| F|  |TAMS 0x0000000087000000, 0x0000000087000000| Untracked 
| 113|0x0000000087100000, 0x0000000087200000, 0x0000000087200000|100%| O|  |TAMS 0x0000000087100000, 0x0000000087200000| Untracked 
| 114|0x0000000087200000, 0x0000000087300000, 0x0000000087300000|100%| O|  |TAMS 0x0000000087200000, 0x0000000087300000| Untracked 
| 115|0x0000000087300000, 0x0000000087400000, 0x0000000087400000|100%| O|  |TAMS 0x0000000087300000, 0x0000000087400000| Untracked 
| 116|0x0000000087400000, 0x00000000874eea00, 0x0000000087500000| 93%| O|  |TAMS 0x0000000087400000, 0x00000000874eea00| Untracked 
| 117|0x0000000087500000, 0x0000000087600000, 0x0000000087600000|100%| O|  |TAMS 0x0000000087500000, 0x0000000087600000| Untracked 
| 118|0x0000000087600000, 0x0000000087600000, 0x0000000087700000|  0%| F|  |TAMS 0x0000000087600000, 0x0000000087600000| Untracked 
| 119|0x0000000087700000, 0x0000000087800000, 0x0000000087800000|100%| O|  |TAMS 0x0000000087800000, 0x0000000087800000| Untracked 
| 120|0x0000000087800000, 0x0000000087900000, 0x0000000087900000|100%| O|  |TAMS 0x0000000087900000, 0x0000000087900000| Untracked 
| 121|0x0000000087900000, 0x0000000087a00000, 0x0000000087a00000|100%| O|  |TAMS 0x0000000087a00000, 0x0000000087a00000| Untracked 
| 122|0x0000000087a00000, 0x0000000087b00000, 0x0000000087b00000|100%| O|  |TAMS 0x0000000087b00000, 0x0000000087b00000| Untracked 
| 123|0x0000000087b00000, 0x0000000087c00000, 0x0000000087c00000|100%| O|  |TAMS 0x0000000087c00000, 0x0000000087c00000| Untracked 
| 124|0x0000000087c00000, 0x0000000087d00000, 0x0000000087d00000|100%| O|  |TAMS 0x0000000087d00000, 0x0000000087d00000| Untracked 
| 125|0x0000000087d00000, 0x0000000087e00000, 0x0000000087e00000|100%| O|  |TAMS 0x0000000087e00000, 0x0000000087e00000| Untracked 
| 126|0x0000000087e00000, 0x0000000087f00000, 0x0000000087f00000|100%| O|  |TAMS 0x0000000087f00000, 0x0000000087f00000| Untracked 
| 127|0x0000000087f00000, 0x0000000088000000, 0x0000000088000000|100%| O|  |TAMS 0x0000000088000000, 0x0000000088000000| Untracked 
| 128|0x0000000088000000, 0x0000000088100000, 0x0000000088100000|100%| O|  |TAMS 0x0000000088000000, 0x0000000088100000| Untracked 
| 129|0x0000000088100000, 0x0000000088200000, 0x0000000088200000|100%| O|  |TAMS 0x0000000088200000, 0x0000000088200000| Untracked 
| 130|0x0000000088200000, 0x0000000088300000, 0x0000000088300000|100%| O|  |TAMS 0x0000000088300000, 0x0000000088300000| Untracked 
| 131|0x0000000088300000, 0x0000000088300000, 0x0000000088400000|  0%| F|  |TAMS 0x0000000088300000, 0x0000000088300000| Untracked 
| 132|0x0000000088400000, 0x0000000088400000, 0x0000000088500000|  0%| F|  |TAMS 0x0000000088400000, 0x0000000088400000| Untracked 
| 133|0x0000000088500000, 0x0000000088500000, 0x0000000088600000|  0%| F|  |TAMS 0x0000000088500000, 0x0000000088500000| Untracked 
| 134|0x0000000088600000, 0x0000000088600000, 0x0000000088700000|  0%| F|  |TAMS 0x0000000088600000, 0x0000000088600000| Untracked 
| 135|0x0000000088700000, 0x0000000088700000, 0x0000000088800000|  0%| F|  |TAMS 0x0000000088700000, 0x0000000088700000| Untracked 
| 136|0x0000000088800000, 0x0000000088800000, 0x0000000088900000|  0%| F|  |TAMS 0x0000000088800000, 0x0000000088800000| Untracked 
| 137|0x0000000088900000, 0x0000000088900000, 0x0000000088a00000|  0%| F|  |TAMS 0x0000000088900000, 0x0000000088900000| Untracked 
| 138|0x0000000088a00000, 0x0000000088a00000, 0x0000000088b00000|  0%| F|  |TAMS 0x0000000088a00000, 0x0000000088a00000| Untracked 
| 139|0x0000000088b00000, 0x0000000088b00000, 0x0000000088c00000|  0%| F|  |TAMS 0x0000000088b00000, 0x0000000088b00000| Untracked 
| 140|0x0000000088c00000, 0x0000000088c00000, 0x0000000088d00000|  0%| F|  |TAMS 0x0000000088c00000, 0x0000000088c00000| Untracked 
| 141|0x0000000088d00000, 0x0000000088d00000, 0x0000000088e00000|  0%| F|  |TAMS 0x0000000088d00000, 0x0000000088d00000| Untracked 
| 142|0x0000000088e00000, 0x0000000088f00000, 0x0000000088f00000|100%| O|  |TAMS 0x0000000088e00000, 0x0000000088f00000| Untracked 
| 143|0x0000000088f00000, 0x0000000089000000, 0x0000000089000000|100%| O|  |TAMS 0x0000000088f00000, 0x0000000089000000| Untracked 
| 144|0x0000000089000000, 0x0000000089100000, 0x0000000089100000|100%| O|  |TAMS 0x0000000089000000, 0x0000000089100000| Untracked 
| 145|0x0000000089100000, 0x0000000089200000, 0x0000000089200000|100%| O|  |TAMS 0x0000000089100000, 0x0000000089200000| Untracked 
| 146|0x0000000089200000, 0x0000000089300000, 0x0000000089300000|100%| O|  |TAMS 0x0000000089200000, 0x0000000089300000| Untracked 
| 147|0x0000000089300000, 0x0000000089300000, 0x0000000089400000|  0%| F|  |TAMS 0x0000000089300000, 0x0000000089300000| Untracked 
| 148|0x0000000089400000, 0x0000000089400000, 0x0000000089500000|  0%| F|  |TAMS 0x0000000089400000, 0x0000000089400000| Untracked 
| 149|0x0000000089500000, 0x0000000089500000, 0x0000000089600000|  0%| F|  |TAMS 0x0000000089500000, 0x0000000089500000| Untracked 
| 150|0x0000000089600000, 0x0000000089600000, 0x0000000089700000|  0%| F|  |TAMS 0x0000000089600000, 0x0000000089600000| Untracked 
| 151|0x0000000089700000, 0x0000000089700000, 0x0000000089800000|  0%| F|  |TAMS 0x0000000089700000, 0x0000000089700000| Untracked 
| 152|0x0000000089800000, 0x0000000089800000, 0x0000000089900000|  0%| F|  |TAMS 0x0000000089800000, 0x0000000089800000| Untracked 
| 153|0x0000000089900000, 0x0000000089900000, 0x0000000089a00000|  0%| F|  |TAMS 0x0000000089900000, 0x0000000089900000| Untracked 
| 154|0x0000000089a00000, 0x0000000089a00000, 0x0000000089b00000|  0%| F|  |TAMS 0x0000000089a00000, 0x0000000089a00000| Untracked 
| 155|0x0000000089b00000, 0x0000000089b00000, 0x0000000089c00000|  0%| F|  |TAMS 0x0000000089b00000, 0x0000000089b00000| Untracked 
| 156|0x0000000089c00000, 0x0000000089c00000, 0x0000000089d00000|  0%| F|  |TAMS 0x0000000089c00000, 0x0000000089c00000| Untracked 
| 157|0x0000000089d00000, 0x0000000089d00000, 0x0000000089e00000|  0%| F|  |TAMS 0x0000000089d00000, 0x0000000089d00000| Untracked 
| 158|0x0000000089e00000, 0x0000000089e00000, 0x0000000089f00000|  0%| F|  |TAMS 0x0000000089e00000, 0x0000000089e00000| Untracked 
| 159|0x0000000089f00000, 0x0000000089f00000, 0x000000008a000000|  0%| F|  |TAMS 0x0000000089f00000, 0x0000000089f00000| Untracked 
| 160|0x000000008a000000, 0x000000008a000000, 0x000000008a100000|  0%| F|  |TAMS 0x000000008a000000, 0x000000008a000000| Untracked 
| 161|0x000000008a100000, 0x000000008a100000, 0x000000008a200000|  0%| F|  |TAMS 0x000000008a100000, 0x000000008a100000| Untracked 
| 162|0x000000008a200000, 0x000000008a200000, 0x000000008a300000|  0%| F|  |TAMS 0x000000008a200000, 0x000000008a200000| Untracked 
| 163|0x000000008a300000, 0x000000008a300000, 0x000000008a400000|  0%| F|  |TAMS 0x000000008a300000, 0x000000008a300000| Untracked 
| 164|0x000000008a400000, 0x000000008a400000, 0x000000008a500000|  0%| F|  |TAMS 0x000000008a400000, 0x000000008a400000| Untracked 
| 165|0x000000008a500000, 0x000000008a500000, 0x000000008a600000|  0%| F|  |TAMS 0x000000008a500000, 0x000000008a500000| Untracked 
| 166|0x000000008a600000, 0x000000008a600000, 0x000000008a700000|  0%| F|  |TAMS 0x000000008a600000, 0x000000008a600000| Untracked 
| 167|0x000000008a700000, 0x000000008a700000, 0x000000008a800000|  0%| F|  |TAMS 0x000000008a700000, 0x000000008a700000| Untracked 
| 168|0x000000008a800000, 0x000000008a800000, 0x000000008a900000|  0%| F|  |TAMS 0x000000008a800000, 0x000000008a800000| Untracked 
| 169|0x000000008a900000, 0x000000008a900000, 0x000000008aa00000|  0%| F|  |TAMS 0x000000008a900000, 0x000000008a900000| Untracked 
| 170|0x000000008aa00000, 0x000000008aa00000, 0x000000008ab00000|  0%| F|  |TAMS 0x000000008aa00000, 0x000000008aa00000| Untracked 
| 171|0x000000008ab00000, 0x000000008ab00000, 0x000000008ac00000|  0%| F|  |TAMS 0x000000008ab00000, 0x000000008ab00000| Untracked 
| 172|0x000000008ac00000, 0x000000008ac00000, 0x000000008ad00000|  0%| F|  |TAMS 0x000000008ac00000, 0x000000008ac00000| Untracked 
| 173|0x000000008ad00000, 0x000000008ad00000, 0x000000008ae00000|  0%| F|  |TAMS 0x000000008ad00000, 0x000000008ad00000| Untracked 
| 174|0x000000008ae00000, 0x000000008ae00000, 0x000000008af00000|  0%| F|  |TAMS 0x000000008ae00000, 0x000000008ae00000| Untracked 
| 175|0x000000008af00000, 0x000000008af00000, 0x000000008b000000|  0%| F|  |TAMS 0x000000008af00000, 0x000000008af00000| Untracked 
| 176|0x000000008b000000, 0x000000008b000000, 0x000000008b100000|  0%| F|  |TAMS 0x000000008b000000, 0x000000008b000000| Untracked 
| 177|0x000000008b100000, 0x000000008b100000, 0x000000008b200000|  0%| F|  |TAMS 0x000000008b100000, 0x000000008b100000| Untracked 
| 178|0x000000008b200000, 0x000000008b200000, 0x000000008b300000|  0%| F|  |TAMS 0x000000008b200000, 0x000000008b200000| Untracked 
| 179|0x000000008b300000, 0x000000008b300000, 0x000000008b400000|  0%| F|  |TAMS 0x000000008b300000, 0x000000008b300000| Untracked 
| 180|0x000000008b400000, 0x000000008b400000, 0x000000008b500000|  0%| F|  |TAMS 0x000000008b400000, 0x000000008b400000| Untracked 
| 181|0x000000008b500000, 0x000000008b500000, 0x000000008b600000|  0%| F|  |TAMS 0x000000008b500000, 0x000000008b500000| Untracked 
| 182|0x000000008b600000, 0x000000008b600000, 0x000000008b700000|  0%| F|  |TAMS 0x000000008b600000, 0x000000008b600000| Untracked 
| 183|0x000000008b700000, 0x000000008b700000, 0x000000008b800000|  0%| F|  |TAMS 0x000000008b700000, 0x000000008b700000| Untracked 
| 184|0x000000008b800000, 0x000000008b800000, 0x000000008b900000|  0%| F|  |TAMS 0x000000008b800000, 0x000000008b800000| Untracked 
| 185|0x000000008b900000, 0x000000008b900000, 0x000000008ba00000|  0%| F|  |TAMS 0x000000008b900000, 0x000000008b900000| Untracked 
| 186|0x000000008ba00000, 0x000000008bb00000, 0x000000008bb00000|100%| S|CS|TAMS 0x000000008ba00000, 0x000000008ba00000| Complete 
| 187|0x000000008bb00000, 0x000000008bc00000, 0x000000008bc00000|100%| S|CS|TAMS 0x000000008bb00000, 0x000000008bb00000| Complete 
| 188|0x000000008bc00000, 0x000000008bd00000, 0x000000008bd00000|100%| S|CS|TAMS 0x000000008bc00000, 0x000000008bc00000| Complete 
| 189|0x000000008bd00000, 0x000000008be00000, 0x000000008be00000|100%| S|CS|TAMS 0x000000008bd00000, 0x000000008bd00000| Complete 
| 190|0x000000008be00000, 0x000000008bf00000, 0x000000008bf00000|100%| S|CS|TAMS 0x000000008be00000, 0x000000008be00000| Complete 
| 191|0x000000008bf00000, 0x000000008bf00000, 0x000000008c000000|  0%| F|  |TAMS 0x000000008bf00000, 0x000000008bf00000| Untracked 
| 192|0x000000008c000000, 0x000000008c000000, 0x000000008c100000|  0%| F|  |TAMS 0x000000008c000000, 0x000000008c000000| Untracked 
| 193|0x000000008c100000, 0x000000008c100000, 0x000000008c200000|  0%| F|  |TAMS 0x000000008c100000, 0x000000008c100000| Untracked 
| 194|0x000000008c200000, 0x000000008c200000, 0x000000008c300000|  0%| F|  |TAMS 0x000000008c200000, 0x000000008c200000| Untracked 
| 195|0x000000008c300000, 0x000000008c300000, 0x000000008c400000|  0%| F|  |TAMS 0x000000008c300000, 0x000000008c300000| Untracked 
| 196|0x000000008c400000, 0x000000008c400000, 0x000000008c500000|  0%| F|  |TAMS 0x000000008c400000, 0x000000008c400000| Untracked 
| 197|0x000000008c500000, 0x000000008c500000, 0x000000008c600000|  0%| F|  |TAMS 0x000000008c500000, 0x000000008c500000| Untracked 
| 198|0x000000008c600000, 0x000000008c600000, 0x000000008c700000|  0%| F|  |TAMS 0x000000008c600000, 0x000000008c600000| Untracked 
| 199|0x000000008c700000, 0x000000008c700000, 0x000000008c800000|  0%| F|  |TAMS 0x000000008c700000, 0x000000008c700000| Untracked 
| 200|0x000000008c800000, 0x000000008c800000, 0x000000008c900000|  0%| F|  |TAMS 0x000000008c800000, 0x000000008c800000| Untracked 
| 201|0x000000008c900000, 0x000000008c900000, 0x000000008ca00000|  0%| F|  |TAMS 0x000000008c900000, 0x000000008c900000| Untracked 
| 202|0x000000008ca00000, 0x000000008ca00000, 0x000000008cb00000|  0%| F|  |TAMS 0x000000008ca00000, 0x000000008ca00000| Untracked 
| 203|0x000000008cb00000, 0x000000008cb00000, 0x000000008cc00000|  0%| F|  |TAMS 0x000000008cb00000, 0x000000008cb00000| Untracked 
| 204|0x000000008cc00000, 0x000000008cc00000, 0x000000008cd00000|  0%| F|  |TAMS 0x000000008cc00000, 0x000000008cc00000| Untracked 
| 205|0x000000008cd00000, 0x000000008cd00000, 0x000000008ce00000|  0%| F|  |TAMS 0x000000008cd00000, 0x000000008cd00000| Untracked 
| 206|0x000000008ce00000, 0x000000008ce00000, 0x000000008cf00000|  0%| F|  |TAMS 0x000000008ce00000, 0x000000008ce00000| Untracked 
| 207|0x000000008cf00000, 0x000000008cf00000, 0x000000008d000000|  0%| F|  |TAMS 0x000000008cf00000, 0x000000008cf00000| Untracked 
| 208|0x000000008d000000, 0x000000008d000000, 0x000000008d100000|  0%| F|  |TAMS 0x000000008d000000, 0x000000008d000000| Untracked 
| 209|0x000000008d100000, 0x000000008d100000, 0x000000008d200000|  0%| F|  |TAMS 0x000000008d100000, 0x000000008d100000| Untracked 
| 210|0x000000008d200000, 0x000000008d200000, 0x000000008d300000|  0%| F|  |TAMS 0x000000008d200000, 0x000000008d200000| Untracked 
| 211|0x000000008d300000, 0x000000008d300000, 0x000000008d400000|  0%| F|  |TAMS 0x000000008d300000, 0x000000008d300000| Untracked 
| 212|0x000000008d400000, 0x000000008d400000, 0x000000008d500000|  0%| F|  |TAMS 0x000000008d400000, 0x000000008d400000| Untracked 
| 213|0x000000008d500000, 0x000000008d500000, 0x000000008d600000|  0%| F|  |TAMS 0x000000008d500000, 0x000000008d500000| Untracked 
| 214|0x000000008d600000, 0x000000008d600000, 0x000000008d700000|  0%| F|  |TAMS 0x000000008d600000, 0x000000008d600000| Untracked 
| 215|0x000000008d700000, 0x000000008d700000, 0x000000008d800000|  0%| F|  |TAMS 0x000000008d700000, 0x000000008d700000| Untracked 
| 216|0x000000008d800000, 0x000000008d800000, 0x000000008d900000|  0%| F|  |TAMS 0x000000008d800000, 0x000000008d800000| Untracked 
| 217|0x000000008d900000, 0x000000008d900000, 0x000000008da00000|  0%| F|  |TAMS 0x000000008d900000, 0x000000008d900000| Untracked 
| 218|0x000000008da00000, 0x000000008da00000, 0x000000008db00000|  0%| F|  |TAMS 0x000000008da00000, 0x000000008da00000| Untracked 
| 219|0x000000008db00000, 0x000000008db00000, 0x000000008dc00000|  0%| F|  |TAMS 0x000000008db00000, 0x000000008db00000| Untracked 
| 220|0x000000008dc00000, 0x000000008dc00000, 0x000000008dd00000|  0%| F|  |TAMS 0x000000008dc00000, 0x000000008dc00000| Untracked 
| 221|0x000000008dd00000, 0x000000008dd00000, 0x000000008de00000|  0%| F|  |TAMS 0x000000008dd00000, 0x000000008dd00000| Untracked 
| 222|0x000000008de00000, 0x000000008de00000, 0x000000008df00000|  0%| F|  |TAMS 0x000000008de00000, 0x000000008de00000| Untracked 
| 223|0x000000008df00000, 0x000000008df00000, 0x000000008e000000|  0%| F|  |TAMS 0x000000008df00000, 0x000000008df00000| Untracked 
| 224|0x000000008e000000, 0x000000008e000000, 0x000000008e100000|  0%| F|  |TAMS 0x000000008e000000, 0x000000008e000000| Untracked 
| 225|0x000000008e100000, 0x000000008e100000, 0x000000008e200000|  0%| F|  |TAMS 0x000000008e100000, 0x000000008e100000| Untracked 
| 226|0x000000008e200000, 0x000000008e200000, 0x000000008e300000|  0%| F|  |TAMS 0x000000008e200000, 0x000000008e200000| Untracked 
| 227|0x000000008e300000, 0x000000008e300000, 0x000000008e400000|  0%| F|  |TAMS 0x000000008e300000, 0x000000008e300000| Untracked 
| 228|0x000000008e400000, 0x000000008e400000, 0x000000008e500000|  0%| F|  |TAMS 0x000000008e400000, 0x000000008e400000| Untracked 
| 229|0x000000008e500000, 0x000000008e500000, 0x000000008e600000|  0%| F|  |TAMS 0x000000008e500000, 0x000000008e500000| Untracked 
| 230|0x000000008e600000, 0x000000008e600000, 0x000000008e700000|  0%| F|  |TAMS 0x000000008e600000, 0x000000008e600000| Untracked 
| 231|0x000000008e700000, 0x000000008e700000, 0x000000008e800000|  0%| F|  |TAMS 0x000000008e700000, 0x000000008e700000| Untracked 
| 232|0x000000008e800000, 0x000000008e800000, 0x000000008e900000|  0%| F|  |TAMS 0x000000008e800000, 0x000000008e800000| Untracked 
| 233|0x000000008e900000, 0x000000008e900000, 0x000000008ea00000|  0%| F|  |TAMS 0x000000008e900000, 0x000000008e900000| Untracked 
| 234|0x000000008ea00000, 0x000000008ea00000, 0x000000008eb00000|  0%| F|  |TAMS 0x000000008ea00000, 0x000000008ea00000| Untracked 
| 235|0x000000008eb00000, 0x000000008eb00000, 0x000000008ec00000|  0%| F|  |TAMS 0x000000008eb00000, 0x000000008eb00000| Untracked 
| 236|0x000000008ec00000, 0x000000008ec00000, 0x000000008ed00000|  0%| F|  |TAMS 0x000000008ec00000, 0x000000008ec00000| Untracked 
| 237|0x000000008ed00000, 0x000000008ed00000, 0x000000008ee00000|  0%| F|  |TAMS 0x000000008ed00000, 0x000000008ed00000| Untracked 
| 238|0x000000008ee00000, 0x000000008ee00000, 0x000000008ef00000|  0%| F|  |TAMS 0x000000008ee00000, 0x000000008ee00000| Untracked 
| 239|0x000000008ef00000, 0x000000008ef00000, 0x000000008f000000|  0%| F|  |TAMS 0x000000008ef00000, 0x000000008ef00000| Untracked 
| 240|0x000000008f000000, 0x000000008f000000, 0x000000008f100000|  0%| F|  |TAMS 0x000000008f000000, 0x000000008f000000| Untracked 
| 241|0x000000008f100000, 0x000000008f100000, 0x000000008f200000|  0%| F|  |TAMS 0x000000008f100000, 0x000000008f100000| Untracked 
| 242|0x000000008f200000, 0x000000008f200000, 0x000000008f300000|  0%| F|  |TAMS 0x000000008f200000, 0x000000008f200000| Untracked 
| 243|0x000000008f300000, 0x000000008f300000, 0x000000008f400000|  0%| F|  |TAMS 0x000000008f300000, 0x000000008f300000| Untracked 
| 244|0x000000008f400000, 0x000000008f400000, 0x000000008f500000|  0%| F|  |TAMS 0x000000008f400000, 0x000000008f400000| Untracked 
| 245|0x000000008f500000, 0x000000008f500000, 0x000000008f600000|  0%| F|  |TAMS 0x000000008f500000, 0x000000008f500000| Untracked 
| 246|0x000000008f600000, 0x000000008f600000, 0x000000008f700000|  0%| F|  |TAMS 0x000000008f600000, 0x000000008f600000| Untracked 

Card table byte_map: [0x000001adcd3c0000,0x000001adcd7c0000] _byte_map_base: 0x000001adccfc0000

Marking Bits (Prev, Next): (CMBitMap*) 0x000001adb8d58160, (CMBitMap*) 0x000001adb8d581a0
 Prev Bits: [0x000001adcdbc0000, 0x000001adcfbc0000)
 Next Bits: [0x000001adcfbc0000, 0x000001add1bc0000)

Polling page: 0x000001adb8dc0000

Metaspace:

Usage:
  Non-class:    117.23 MB used.
      Class:     17.97 MB used.
       Both:    135.20 MB used.

Virtual space:
  Non-class space:      120.00 MB reserved,     117.69 MB ( 98%) committed,  15 nodes.
      Class space:        1.00 GB reserved,      18.44 MB (  2%) committed,  1 nodes.
             Both:        1.12 GB reserved,     136.12 MB ( 12%) committed. 

Chunk freelists:
   Non-Class:  1.91 MB
       Class:  1.42 MB
        Both:  3.33 MB

MaxMetaspaceSize: unlimited
CompressedClassSpaceSize: 1.00 GB
Initial GC threshold: 21.00 MB
Current GC threshold: 220.88 MB
CDS: off
MetaspaceReclaimPolicy: balanced
 - commit_granule_bytes: 65536.
 - commit_granule_words: 8192.
 - virtual_space_node_default_size: 1048576.
 - enlarge_chunks_in_place: 1.
 - new_chunks_are_fully_committed: 0.
 - uncommit_free_chunks: 1.
 - use_allocation_guard: 0.
 - handle_deallocations: 1.


Internal statistics:

num_allocs_failed_limit: 27.
num_arena_births: 1600.
num_arena_deaths: 102.
num_vsnodes_births: 16.
num_vsnodes_deaths: 0.
num_space_committed: 2176.
num_space_uncommitted: 0.
num_chunks_returned_to_freelist: 145.
num_chunks_taken_from_freelist: 6749.
num_chunk_merges: 67.
num_chunk_splits: 4521.
num_chunks_enlarged: 3054.
num_purges: 4.
num_inconsistent_stats: 0.

CodeHeap 'non-profiled nmethods': size=120000Kb used=10665Kb max_used=10665Kb free=109334Kb
 bounds [0x000001adc5470000, 0x000001adc5ee0000, 0x000001adcc9a0000]
CodeHeap 'profiled nmethods': size=120000Kb used=29390Kb max_used=30464Kb free=90610Kb
 bounds [0x000001adbd9a0000, 0x000001adbf770000, 0x000001adc4ed0000]
CodeHeap 'non-nmethods': size=5760Kb used=2491Kb max_used=2547Kb free=3268Kb
 bounds [0x000001adc4ed0000, 0x000001adc5160000, 0x000001adc5470000]
 total_blobs=16737 nmethods=15709 adapters=940
 compilation: enabled
              stopped_count=0, restarted_count=0
 full_count=0

Compilation events (20 events):
Event: 3185.772 Thread 0x000001add4c1b060 19131       1       org.apache.commons.compress.archivers.zip.GeneralPurposeBit::usesEncryption (5 bytes)
Event: 3185.772 Thread 0x000001add4c1b060 nmethod 19131 0x000001adc5ecff90 code [0x000001adc5ed0120, 0x000001adc5ed01f8]
Event: 3185.772 Thread 0x000001add4c1b060 19132       1       org.apache.commons.compress.archivers.zip.ZipFile::access$300 (5 bytes)
Event: 3185.772 Thread 0x000001add4c1b060 nmethod 19132 0x000001adc5ed0290 code [0x000001adc5ed0420, 0x000001adc5ed04d8]
Event: 3185.790 Thread 0x000001add4c1b060 19133       1       org.gradle.api.internal.tasks.compile.incremental.classpath.DefaultClassSetAnalyzer::access$200 (5 bytes)
Event: 3185.790 Thread 0x000001add4c1b060 nmethod 19133 0x000001adc5ed0590 code [0x000001adc5ed0720, 0x000001adc5ed07d8]
Event: 3185.816 Thread 0x000001add4c1b060 19134       2       org.apache.commons.compress.utils.CountingInputStream::read (33 bytes)
Event: 3185.816 Thread 0x000001add4c1b060 nmethod 19134 0x000001adbede6c90 code [0x000001adbede6e40, 0x000001adbede6fd8]
Event: 3185.826 Thread 0x000001add4c1b060 19135       2       org.gradle.api.internal.file.AbstractFileTreeElement::<init> (10 bytes)
Event: 3185.826 Thread 0x000001add4c1b060 nmethod 19135 0x000001adbf54ae10 code [0x000001adbf54afa0, 0x000001adbf54b0f8]
Event: 3185.828 Thread 0x000001add4c1b060 19136   !   2       org.gradle.internal.hash.DefaultStreamHasher::hash (21 bytes)
Event: 3185.829 Thread 0x000001add4c1b060 nmethod 19136 0x000001adbf54a710 code [0x000001adbf54a8c0, 0x000001adbf54aad8]
Event: 3185.829 Thread 0x000001add4c1b060 19137   !   2       java.util.concurrent.ArrayBlockingQueue::poll (38 bytes)
Event: 3185.829 Thread 0x000001add4c1b060 nmethod 19137 0x000001adbf55bc90 code [0x000001adbf55be80, 0x000001adbf55c168]
Event: 3185.841 Thread 0x000001add7a11300 nmethod 18995 0x000001adc5ed0890 code [0x000001adc5ed0e80, 0x000001adc5ed7298]
Event: 3185.841 Thread 0x000001add7a11300 18943       4       org.objectweb.asm.MethodVisitor::visitVarInsn (17 bytes)
Event: 3185.842 Thread 0x000001add4c1b060 19139       3       java.io.InputStream::close (1 bytes)
Event: 3185.843 Thread 0x000001add4c1b060 nmethod 19139 0x000001adbf55b910 code [0x000001adbf55baa0, 0x000001adbf55bbb8]
Event: 3185.843 Thread 0x000001add4c1b060 19140       3       org.apache.commons.compress.archivers.zip.ZipFile$BoundedFileChannelInputStream::read (19 bytes)
Event: 3185.843 Thread 0x000001add4c1b060 nmethod 19140 0x000001adbf5dd790 code [0x000001adbf5dd940, 0x000001adbf5ddb58]

GC Heap History (20 events):
Event: 1344.348 GC heap after
{Heap after GC invocations=56 (full 0):
 garbage-first heap   total 229376K, used 121973K [0x0000000080000000, 0x0000000100000000)
  region size 1024K, 2 young (2048K), 2 survivors (2048K)
 Metaspace       used 125935K, committed 126656K, reserved 1163264K
  class space    used 16682K, committed 17024K, reserved 1048576K
}
Event: 1425.955 GC heap before
{Heap before GC invocations=57 (full 0):
 garbage-first heap   total 229376K, used 209013K [0x0000000080000000, 0x0000000100000000)
  region size 1024K, 65 young (66560K), 2 survivors (2048K)
 Metaspace       used 131268K, committed 132096K, reserved 1163264K
  class space    used 17629K, committed 18048K, reserved 1048576K
}
Event: 1426.046 GC heap after
{Heap after GC invocations=58 (full 0):
 garbage-first heap   total 229376K, used 127316K [0x0000000080000000, 0x0000000100000000)
  region size 1024K, 7 young (7168K), 7 survivors (7168K)
 Metaspace       used 131268K, committed 132096K, reserved 1163264K
  class space    used 17629K, committed 18048K, reserved 1048576K
}
Event: 1426.173 GC heap before
{Heap before GC invocations=58 (full 0):
 garbage-first heap   total 229376K, used 130388K [0x0000000080000000, 0x0000000100000000)
  region size 1024K, 11 young (11264K), 7 survivors (7168K)
 Metaspace       used 131277K, committed 132096K, reserved 1163264K
  class space    used 17629K, committed 18048K, reserved 1048576K
}
Event: 1426.271 GC heap after
{Heap after GC invocations=59 (full 0):
 garbage-first heap   total 229376K, used 111850K [0x0000000080000000, 0x0000000100000000)
  region size 1024K, 1 young (1024K), 1 survivors (1024K)
 Metaspace       used 131277K, committed 132096K, reserved 1163264K
  class space    used 17629K, committed 18048K, reserved 1048576K
}
Event: 2535.189 GC heap before
{Heap before GC invocations=59 (full 0):
 garbage-first heap   total 229376K, used 186602K [0x0000000080000000, 0x0000000100000000)
  region size 1024K, 74 young (75776K), 1 survivors (1024K)
 Metaspace       used 131685K, committed 132608K, reserved 1171456K
  class space    used 17648K, committed 18112K, reserved 1048576K
}
Event: 2535.367 GC heap after
{Heap after GC invocations=60 (full 0):
 garbage-first heap   total 229376K, used 117462K [0x0000000080000000, 0x0000000100000000)
  region size 1024K, 7 young (7168K), 7 survivors (7168K)
 Metaspace       used 131685K, committed 132608K, reserved 1171456K
  class space    used 17648K, committed 18112K, reserved 1048576K
}
Event: 3178.944 GC heap before
{Heap before GC invocations=61 (full 0):
 garbage-first heap   total 229376K, used 182998K [0x0000000080000000, 0x0000000100000000)
  region size 1024K, 72 young (73728K), 7 survivors (7168K)
 Metaspace       used 131906K, committed 132800K, reserved 1171456K
  class space    used 17650K, committed 18112K, reserved 1048576K
}
Event: 3179.023 GC heap after
{Heap after GC invocations=62 (full 0):
 garbage-first heap   total 229376K, used 122612K [0x0000000080000000, 0x0000000100000000)
  region size 1024K, 7 young (7168K), 7 survivors (7168K)
 Metaspace       used 131906K, committed 132800K, reserved 1171456K
  class space    used 17650K, committed 18112K, reserved 1048576K
}
Event: 3179.226 GC heap before
{Heap before GC invocations=62 (full 0):
 garbage-first heap   total 229376K, used 126708K [0x0000000080000000, 0x0000000100000000)
  region size 1024K, 11 young (11264K), 7 survivors (7168K)
 Metaspace       used 131984K, committed 132864K, reserved 1171456K
  class space    used 17665K, committed 18112K, reserved 1048576K
}
Event: 3179.314 GC heap after
{Heap after GC invocations=63 (full 0):
 garbage-first heap   total 229376K, used 109656K [0x0000000080000000, 0x0000000100000000)
  region size 1024K, 2 young (2048K), 2 survivors (2048K)
 Metaspace       used 131984K, committed 132864K, reserved 1171456K
  class space    used 17665K, committed 18112K, reserved 1048576K
}
Event: 3179.616 GC heap before
{Heap before GC invocations=63 (full 0):
 garbage-first heap   total 229376K, used 119896K [0x0000000080000000, 0x0000000100000000)
  region size 1024K, 11 young (11264K), 2 survivors (2048K)
 Metaspace       used 133393K, committed 134272K, reserved 1171456K
  class space    used 17857K, committed 18304K, reserved 1048576K
}
Event: 3179.637 GC heap after
{Heap after GC invocations=64 (full 0):
 garbage-first heap   total 229376K, used 113152K [0x0000000080000000, 0x0000000100000000)
  region size 1024K, 2 young (2048K), 2 survivors (2048K)
 Metaspace       used 133393K, committed 134272K, reserved 1171456K
  class space    used 17857K, committed 18304K, reserved 1048576K
}
Event: 3181.073 GC heap before
{Heap before GC invocations=64 (full 0):
 garbage-first heap   total 229376K, used 156160K [0x0000000080000000, 0x0000000100000000)
  region size 1024K, 46 young (47104K), 2 survivors (2048K)
 Metaspace       used 134750K, committed 135616K, reserved 1171456K
  class space    used 17999K, committed 18432K, reserved 1048576K
}
Event: 3181.114 GC heap after
{Heap after GC invocations=65 (full 0):
 garbage-first heap   total 229376K, used 133881K [0x0000000080000000, 0x0000000100000000)
  region size 1024K, 9 young (9216K), 9 survivors (9216K)
 Metaspace       used 134750K, committed 135616K, reserved 1171456K
  class space    used 17999K, committed 18432K, reserved 1048576K
}
Event: 3184.933 GC heap before
{Heap before GC invocations=66 (full 0):
 garbage-first heap   total 252928K, used 187129K [0x0000000080000000, 0x0000000100000000)
  region size 1024K, 47 young (48128K), 9 survivors (9216K)
 Metaspace       used 137503K, committed 138368K, reserved 1171456K
  class space    used 18305K, committed 18752K, reserved 1048576K
}
Event: 3184.952 GC heap after
{Heap after GC invocations=67 (full 0):
 garbage-first heap   total 252928K, used 136704K [0x0000000080000000, 0x0000000100000000)
  region size 1024K, 4 young (4096K), 4 survivors (4096K)
 Metaspace       used 137503K, committed 138368K, reserved 1171456K
  class space    used 18305K, committed 18752K, reserved 1048576K
}
Event: 3185.012 GC heap before
{Heap before GC invocations=67 (full 0):
 garbage-first heap   total 252928K, used 143872K [0x0000000080000000, 0x0000000100000000)
  region size 1024K, 12 young (12288K), 4 survivors (4096K)
 Metaspace       used 137563K, committed 138432K, reserved 1171456K
  class space    used 18310K, committed 18752K, reserved 1048576K
}
Event: 3185.026 GC heap after
{Heap after GC invocations=68 (full 0):
 garbage-first heap   total 252928K, used 133050K [0x0000000080000000, 0x0000000100000000)
  region size 1024K, 2 young (2048K), 2 survivors (2048K)
 Metaspace       used 137563K, committed 138432K, reserved 1171456K
  class space    used 18310K, committed 18752K, reserved 1048576K
}
Event: 3185.844 GC heap before
{Heap before GC invocations=68 (full 0):
 garbage-first heap   total 252928K, used 187322K [0x0000000080000000, 0x0000000100000000)
  region size 1024K, 56 young (57344K), 2 survivors (2048K)
 Metaspace       used 138439K, committed 139392K, reserved 1171456K
  class space    used 18398K, committed 18880K, reserved 1048576K
}

Dll operation events (2 events):
Event: 0.010 Loaded shared library C:\Program Files\Android\Android Studio1\jbr\bin\java.dll
Event: 0.369 Loaded shared library C:\Program Files\Android\Android Studio1\jbr\bin\verify.dll

Deoptimization events (20 events):
Event: 3185.646 Thread 0x000001add7ebb740 Uncommon trap: trap_request=0xffffff45 fr.pc=0x000001adc59918c0 relative=0x0000000000000180
Event: 3185.646 Thread 0x000001add7ebb740 Uncommon trap: reason=unstable_if action=reinterpret pc=0x000001adc59918c0 method=sun.invoke.util.VerifyAccess.isMemberAccessible(Ljava/lang/Class;Ljava/lang/Class;ILjava/lang/Class;Ljava/lang/Class;I)Z @ 61 c2
Event: 3185.646 Thread 0x000001add7ebb740 DEOPT PACKING pc=0x000001adc59918c0 sp=0x00000061a8bfcc10
Event: 3185.646 Thread 0x000001add7ebb740 DEOPT UNPACKING pc=0x000001adc4f2a1a3 sp=0x00000061a8bfcb98 mode 2
Event: 3185.830 Thread 0x000001add7ebb740 Uncommon trap: trap_request=0xffffffde fr.pc=0x000001adc5eb56c8 relative=0x00000000000012a8
Event: 3185.830 Thread 0x000001add7ebb740 Uncommon trap: reason=class_check action=maybe_recompile pc=0x000001adc5eb56c8 method=org.objectweb.asm.ClassReader.readField(Lorg/objectweb/asm/ClassVisitor;Lorg/objectweb/asm/Context;I)I @ 336 c2
Event: 3185.830 Thread 0x000001add7ebb740 DEOPT PACKING pc=0x000001adc5eb56c8 sp=0x00000061a8bfd9f0
Event: 3185.830 Thread 0x000001add7ebb740 DEOPT UNPACKING pc=0x000001adc4f2a1a3 sp=0x00000061a8bfd970 mode 2
Event: 3185.831 Thread 0x000001add7ebb740 Uncommon trap: trap_request=0xffffffde fr.pc=0x000001adc5eb56c8 relative=0x00000000000012a8
Event: 3185.831 Thread 0x000001add7ebb740 Uncommon trap: reason=class_check action=maybe_recompile pc=0x000001adc5eb56c8 method=org.objectweb.asm.ClassReader.readField(Lorg/objectweb/asm/ClassVisitor;Lorg/objectweb/asm/Context;I)I @ 336 c2
Event: 3185.831 Thread 0x000001add7ebb740 DEOPT PACKING pc=0x000001adc5eb56c8 sp=0x00000061a8bfd9f0
Event: 3185.831 Thread 0x000001add7ebb740 DEOPT UNPACKING pc=0x000001adc4f2a1a3 sp=0x00000061a8bfd970 mode 2
Event: 3185.831 Thread 0x000001add7ebb740 Uncommon trap: trap_request=0xffffffde fr.pc=0x000001adc5eb56c8 relative=0x00000000000012a8
Event: 3185.831 Thread 0x000001add7ebb740 Uncommon trap: reason=class_check action=maybe_recompile pc=0x000001adc5eb56c8 method=org.objectweb.asm.ClassReader.readField(Lorg/objectweb/asm/ClassVisitor;Lorg/objectweb/asm/Context;I)I @ 336 c2
Event: 3185.831 Thread 0x000001add7ebb740 DEOPT PACKING pc=0x000001adc5eb56c8 sp=0x00000061a8bfd9f0
Event: 3185.831 Thread 0x000001add7ebb740 DEOPT UNPACKING pc=0x000001adc4f2a1a3 sp=0x00000061a8bfd970 mode 2
Event: 3185.831 Thread 0x000001add7ebb740 Uncommon trap: trap_request=0xffffffde fr.pc=0x000001adc5eb56c8 relative=0x00000000000012a8
Event: 3185.831 Thread 0x000001add7ebb740 Uncommon trap: reason=class_check action=maybe_recompile pc=0x000001adc5eb56c8 method=org.objectweb.asm.ClassReader.readField(Lorg/objectweb/asm/ClassVisitor;Lorg/objectweb/asm/Context;I)I @ 336 c2
Event: 3185.831 Thread 0x000001add7ebb740 DEOPT PACKING pc=0x000001adc5eb56c8 sp=0x00000061a8bfd9f0
Event: 3185.831 Thread 0x000001add7ebb740 DEOPT UNPACKING pc=0x000001adc4f2a1a3 sp=0x00000061a8bfd970 mode 2

Classes unloaded (20 events):
Event: 2535.916 Thread 0x000001add41c7f30 Unloading class 0x000000010028fc00 'java/lang/invoke/LambdaForm$MH+0x000000010028fc00'
Event: 2535.916 Thread 0x000001add41c7f30 Unloading class 0x000000010028f800 'java/lang/invoke/LambdaForm$MH+0x000000010028f800'
Event: 2535.916 Thread 0x000001add41c7f30 Unloading class 0x000000010028f400 'java/lang/invoke/LambdaForm$MH+0x000000010028f400'
Event: 2535.916 Thread 0x000001add41c7f30 Unloading class 0x000000010028f000 'java/lang/invoke/LambdaForm$MH+0x000000010028f000'
Event: 2535.916 Thread 0x000001add41c7f30 Unloading class 0x000000010028ec00 'java/lang/invoke/LambdaForm$MH+0x000000010028ec00'
Event: 2535.916 Thread 0x000001add41c7f30 Unloading class 0x000000010028e800 'java/lang/invoke/LambdaForm$MH+0x000000010028e800'
Event: 2535.916 Thread 0x000001add41c7f30 Unloading class 0x000000010028e400 'java/lang/invoke/LambdaForm$MH+0x000000010028e400'
Event: 2535.916 Thread 0x000001add41c7f30 Unloading class 0x000000010028e000 'java/lang/invoke/LambdaForm$MH+0x000000010028e000'
Event: 2535.916 Thread 0x000001add41c7f30 Unloading class 0x000000010028dc00 'java/lang/invoke/LambdaForm$MH+0x000000010028dc00'
Event: 2535.916 Thread 0x000001add41c7f30 Unloading class 0x000000010028d800 'java/lang/invoke/LambdaForm$MH+0x000000010028d800'
Event: 2535.916 Thread 0x000001add41c7f30 Unloading class 0x000000010028c800 'java/lang/invoke/LambdaForm$MH+0x000000010028c800'
Event: 2535.916 Thread 0x000001add41c7f30 Unloading class 0x000000010028c400 'java/lang/invoke/LambdaForm$BMH+0x000000010028c400'
Event: 2535.916 Thread 0x000001add41c7f30 Unloading class 0x0000000100200400 'java/lang/invoke/LambdaForm$DMH+0x0000000100200400'
Event: 2535.916 Thread 0x000001add41c7f30 Unloading class 0x00000001001bdc00 'java/lang/invoke/LambdaForm$DMH+0x00000001001bdc00'
Event: 2535.916 Thread 0x000001add41c7f30 Unloading class 0x00000001001bd800 'java/lang/invoke/LambdaForm$MH+0x00000001001bd800'
Event: 2535.916 Thread 0x000001add41c7f30 Unloading class 0x00000001001bd400 'java/lang/invoke/LambdaForm$MH+0x00000001001bd400'
Event: 2535.916 Thread 0x000001add41c7f30 Unloading class 0x00000001001bd000 'java/lang/invoke/LambdaForm$MH+0x00000001001bd000'
Event: 2535.916 Thread 0x000001add41c7f30 Unloading class 0x00000001000a6c00 'java/lang/invoke/LambdaForm$MH+0x00000001000a6c00'
Event: 2535.916 Thread 0x000001add41c7f30 Unloading class 0x00000001000a6800 'java/lang/invoke/LambdaForm$MH+0x00000001000a6800'
Event: 2535.916 Thread 0x000001add41c7f30 Unloading class 0x00000001000a4400 'java/lang/invoke/LambdaForm$MH+0x00000001000a4400'

Classes redefined (0 events):
No events

Internal exceptions (20 events):
Event: 3181.543 Thread 0x000001add9c4cfd0 Exception <a 'sun/nio/fs/WindowsException'{0x000000008f331b70}> (0x000000008f331b70) 
thrown [s\src\hotspot\share\prims\jni.cpp, line 517]
Event: 3181.703 Thread 0x000001add9c4b2f0 Exception <a 'sun/nio/fs/WindowsException'{0x000000008edc1ec0}> (0x000000008edc1ec0) 
thrown [s\src\hotspot\share\prims\jni.cpp, line 517]
Event: 3181.759 Thread 0x000001add9c4cb00 Exception <a 'sun/nio/fs/WindowsException'{0x000000008ea0e250}> (0x000000008ea0e250) 
thrown [s\src\hotspot\share\prims\jni.cpp, line 517]
Event: 3181.975 Thread 0x000001add9c4b2f0 Exception <a 'sun/nio/fs/WindowsException'{0x000000008e3bd210}> (0x000000008e3bd210) 
thrown [s\src\hotspot\share\prims\jni.cpp, line 517]
Event: 3182.275 Thread 0x000001add9c4b2f0 Exception <a 'sun/nio/fs/WindowsException'{0x000000008e1fbc08}> (0x000000008e1fbc08) 
thrown [s\src\hotspot\share\prims\jni.cpp, line 517]
Event: 3182.512 Thread 0x000001add9c4cfd0 Exception <a 'java/lang/NoSuchMethodError'{0x000000008d650ca8}: static Lcom/android/builder/internal/aapt/AaptOptions;.<clinit>()V> (0x000000008d650ca8) 
thrown [s\src\hotspot\share\prims\jni.cpp, line 1108]
Event: 3182.514 Thread 0x000001add9c4cfd0 Exception <a 'java/lang/NoSuchMethodError'{0x000000008d664428}: static Ljava/lang/Object;.<clinit>()V> (0x000000008d664428) 
thrown [s\src\hotspot\share\prims\jni.cpp, line 1108]
Event: 3182.516 Thread 0x000001add9c4de40 Implicit null exception at 0x000001adc58bd29b to 0x000001adc58be508
Event: 3182.533 Thread 0x000001add9c4de40 Exception <a 'sun/nio/fs/WindowsException'{0x000000008d565c98}> (0x000000008d565c98) 
thrown [s\src\hotspot\share\prims\jni.cpp, line 517]
Event: 3182.533 Thread 0x000001add9c4de40 Exception <a 'sun/nio/fs/WindowsException'{0x000000008d566098}> (0x000000008d566098) 
thrown [s\src\hotspot\share\prims\jni.cpp, line 517]
Event: 3182.537 Thread 0x000001add9c4de40 Exception <a 'sun/nio/fs/WindowsException'{0x000000008d567080}> (0x000000008d567080) 
thrown [s\src\hotspot\share\prims\jni.cpp, line 517]
Event: 3182.537 Thread 0x000001add9c4de40 Exception <a 'sun/nio/fs/WindowsException'{0x000000008d567470}> (0x000000008d567470) 
thrown [s\src\hotspot\share\prims\jni.cpp, line 517]
Event: 3182.694 Thread 0x000001add9c4de40 Exception <a 'java/lang/NoSuchMethodError'{0x000000008d4eee10}: 'void java.lang.invoke.DirectMethodHandle$Holder.invokeStatic(java.lang.Object, long)'> (0x000000008d4eee10) 
thrown [s\src\hotspot\share\interpreter\linkResolver.cpp, line 771]
Event: 3182.696 Thread 0x000001add9c4de40 Exception <a 'java/lang/NoSuchMethodError'{0x000000008d4f74e0}: 'java.lang.Object java.lang.invoke.DirectMethodHandle$Holder.invokeStatic(java.lang.Object, java.lang.Object, long, java.lang.Object)'> (0x000000008d4f74e0) 
thrown [s\src\hotspot\share\interpreter\linkResolver.cpp, line 771]
Event: 3182.697 Thread 0x000001add9c4de40 Exception <a 'java/lang/NoSuchMethodError'{0x000000008d4faf60}: 'java.lang.Object java.lang.invoke.DirectMethodHandle$Holder.invokeStaticInit(java.lang.Object, java.lang.Object, long, java.lang.Object)'> (0x000000008d4faf60) 
thrown [s\src\hotspot\share\interpreter\linkResolver.cpp, line 771]
Event: 3183.133 Thread 0x000001add9c4de40 Exception <a 'java/lang/NoSuchMethodError'{0x000000008d214568}: 'int java.lang.invoke.DirectMethodHandle$Holder.invokeSpecialIFC(java.lang.Object, java.lang.Object, java.lang.Object)'> (0x000000008d214568) 
thrown [s\src\hotspot\share\interpreter\linkResolver.cpp, line 771]
Event: 3185.297 Thread 0x000001add9c4de40 Exception <a 'sun/nio/fs/WindowsException'{0x000000008e507cf0}> (0x000000008e507cf0) 
thrown [s\src\hotspot\share\prims\jni.cpp, line 517]
Event: 3185.297 Thread 0x000001add9c4de40 Exception <a 'sun/nio/fs/WindowsException'{0x000000008e508140}> (0x000000008e508140) 
thrown [s\src\hotspot\share\prims\jni.cpp, line 517]
Event: 3185.364 Thread 0x000001add9c4de40 Implicit null exception at 0x000001adc59726da to 0x000001adc597285c
Event: 3185.364 Thread 0x000001add9c4de40 Implicit null exception at 0x000001adc5d9d4bf to 0x000001adc5d9d60c

VM Operations (20 events):
Event: 3182.465 Executing VM operation: ICBufferFull done
Event: 3182.646 Executing VM operation: HandshakeAllThreads
Event: 3182.646 Executing VM operation: HandshakeAllThreads done
Event: 3182.709 Executing VM operation: HandshakeAllThreads
Event: 3182.709 Executing VM operation: HandshakeAllThreads done
Event: 3183.723 Executing VM operation: Cleanup
Event: 3183.723 Executing VM operation: Cleanup done
Event: 3184.932 Executing VM operation: G1CollectForAllocation
Event: 3184.952 Executing VM operation: G1CollectForAllocation done
Event: 3184.996 Executing VM operation: HandshakeAllThreads
Event: 3184.996 Executing VM operation: HandshakeAllThreads done
Event: 3185.012 Executing VM operation: G1CollectForAllocation
Event: 3185.028 Executing VM operation: G1CollectForAllocation done
Event: 3185.645 Executing VM operation: HandshakeAllThreads
Event: 3185.645 Executing VM operation: HandshakeAllThreads done
Event: 3185.650 Executing VM operation: HandshakeAllThreads
Event: 3185.650 Executing VM operation: HandshakeAllThreads done
Event: 3185.685 Executing VM operation: ICBufferFull
Event: 3185.686 Executing VM operation: ICBufferFull done
Event: 3185.844 Executing VM operation: G1CollectForAllocation

Events (20 events):
Event: 3182.660 loading class java/lang/ProcessImpl
Event: 3182.661 loading class java/lang/ProcessImpl done
Event: 3182.695 loading class java/lang/ProcessHandleImpl
Event: 3182.695 loading class java/lang/ProcessHandleImpl done
Event: 3182.698 loading class java/lang/ProcessImpl$2
Event: 3182.698 loading class java/lang/ProcessImpl$2 done
Event: 3182.698 loading class java/lang/Process$PipeInputStream
Event: 3182.699 loading class java/lang/Process$PipeInputStream done
Event: 3182.709 loading class jdk/internal/event/ProcessStartEvent
Event: 3182.713 loading class jdk/internal/event/ProcessStartEvent done
Event: 3182.727 Thread 0x000001add7eb8720 Thread added: 0x000001add7eb8720
Event: 3182.727 Thread 0x000001add7eb9a60 Thread added: 0x000001add7eb9a60
Event: 3183.098 Thread 0x000001add7a11810 Thread exited: 0x000001add7a11810
Event: 3184.960 Thread 0x000001add7a11300 Thread added: 0x000001add7a11300
Event: 3185.599 Thread 0x000001add7ebb740 Thread added: 0x000001add7ebb740
Event: 3185.599 Thread 0x000001add7eb73e0 Thread added: 0x000001add7eb73e0
Event: 3185.599 Thread 0x000001add7ebbc10 Thread added: 0x000001add7ebbc10
Event: 3185.599 Thread 0x000001add7ebd420 Thread added: 0x000001add7ebd420
Event: 3185.627 loading class java/io/SequenceInputStream
Event: 3185.628 loading class java/io/SequenceInputStream done


Dynamic libraries:
0x00007ff7707a0000 - 0x00007ff7707aa000 	C:\Program Files\Android\Android Studio1\jbr\bin\java.exe
0x00007ffb8be90000 - 0x00007ffb8c0a7000 	C:\WINDOWS\SYSTEM32\ntdll.dll
0x00007ffb8aed0000 - 0x00007ffb8af94000 	C:\WINDOWS\System32\KERNEL32.DLL
0x00007ffb89630000 - 0x00007ffb899d7000 	C:\WINDOWS\System32\KERNELBASE.dll
0x00007ffb894a0000 - 0x00007ffb895b1000 	C:\WINDOWS\System32\ucrtbase.dll
0x00007ffb3db50000 - 0x00007ffb3db6b000 	C:\Program Files\Android\Android Studio1\jbr\bin\VCRUNTIME140.dll
0x00007ffb4e990000 - 0x00007ffb4e9a7000 	C:\Program Files\Android\Android Studio1\jbr\bin\jli.dll
0x00007ffb8b070000 - 0x00007ffb8b21e000 	C:\WINDOWS\System32\USER32.dll
0x00007ffb893b0000 - 0x00007ffb893d6000 	C:\WINDOWS\System32\win32u.dll
0x00007ffb71bb0000 - 0x00007ffb71e43000 	C:\WINDOWS\WinSxS\amd64_microsoft.windows.common-controls_6595b64144ccf1df_6.0.22621.2506_none_270c5ae97388e100\COMCTL32.dll
0x00007ffb8bab0000 - 0x00007ffb8bad9000 	C:\WINDOWS\System32\GDI32.dll
0x00007ffb8a450000 - 0x00007ffb8a4f7000 	C:\WINDOWS\System32\msvcrt.dll
0x00007ffb89210000 - 0x00007ffb89329000 	C:\WINDOWS\System32\gdi32full.dll
0x00007ffb899e0000 - 0x00007ffb89a7a000 	C:\WINDOWS\System32\msvcp_win.dll
0x00007ffb8ad80000 - 0x00007ffb8adb1000 	C:\WINDOWS\System32\IMM32.DLL
0x00007ffb44280000 - 0x00007ffb4428c000 	C:\Program Files\Android\Android Studio1\jbr\bin\vcruntime140_1.dll
0x00007ffaf0a40000 - 0x00007ffaf0acd000 	C:\Program Files\Android\Android Studio1\jbr\bin\msvcp140.dll
0x00007ffb4ea00000 - 0x00007ffb4f66e000 	C:\Program Files\Android\Android Studio1\jbr\bin\server\jvm.dll
0x00007ffb8bae0000 - 0x00007ffb8bb90000 	C:\WINDOWS\System32\ADVAPI32.dll
0x00007ffb8a980000 - 0x00007ffb8aa26000 	C:\WINDOWS\System32\sechost.dll
0x00007ffb8ac60000 - 0x00007ffb8ad77000 	C:\WINDOWS\System32\RPCRT4.dll
0x00007ffb6aa70000 - 0x00007ffb6aa79000 	C:\WINDOWS\SYSTEM32\WSOCK32.dll
0x00007ffb7cac0000 - 0x00007ffb7caca000 	C:\WINDOWS\SYSTEM32\VERSION.dll
0x00007ffb8adc0000 - 0x00007ffb8ae31000 	C:\WINDOWS\System32\WS2_32.dll
0x00007ffb7d310000 - 0x00007ffb7d344000 	C:\WINDOWS\SYSTEM32\WINMM.dll
0x00007ffb88170000 - 0x00007ffb88188000 	C:\WINDOWS\SYSTEM32\kernel.appcore.dll
0x00007ffb71160000 - 0x00007ffb7116a000 	C:\Program Files\Android\Android Studio1\jbr\bin\jimage.dll
0x00007ffb86be0000 - 0x00007ffb86e13000 	C:\WINDOWS\SYSTEM32\DBGHELP.DLL
0x00007ffb8b220000 - 0x00007ffb8b5a9000 	C:\WINDOWS\System32\combase.dll
0x00007ffb8aa30000 - 0x00007ffb8ab07000 	C:\WINDOWS\System32\OLEAUT32.dll
0x00007ffb7c330000 - 0x00007ffb7c362000 	C:\WINDOWS\SYSTEM32\dbgcore.DLL
0x00007ffb89330000 - 0x00007ffb893aa000 	C:\WINDOWS\System32\bcryptPrimitives.dll
0x00007ffb4e9d0000 - 0x00007ffb4e9f5000 	C:\Program Files\Android\Android Studio1\jbr\bin\java.dll
0x00007ffb4e9b0000 - 0x00007ffb4e9c8000 	C:\Program Files\Android\Android Studio1\jbr\bin\zip.dll
0x00007ffb89bf0000 - 0x00007ffb8a449000 	C:\WINDOWS\System32\SHELL32.dll
0x00007ffb870e0000 - 0x00007ffb879d4000 	C:\WINDOWS\SYSTEM32\windows.storage.dll
0x00007ffb86fa0000 - 0x00007ffb870de000 	C:\WINDOWS\SYSTEM32\wintypes.dll
0x00007ffb8bd50000 - 0x00007ffb8be43000 	C:\WINDOWS\System32\SHCORE.dll
0x00007ffb8b010000 - 0x00007ffb8b06e000 	C:\WINDOWS\System32\shlwapi.dll
0x00007ffb89140000 - 0x00007ffb89166000 	C:\WINDOWS\SYSTEM32\profapi.dll
0x00007ffb4e910000 - 0x00007ffb4e929000 	C:\Program Files\Android\Android Studio1\jbr\bin\net.dll
0x00007ffb7fb20000 - 0x00007ffb7fc57000 	C:\WINDOWS\SYSTEM32\WINHTTP.dll
0x00007ffb88640000 - 0x00007ffb886a9000 	C:\WINDOWS\system32\mswsock.dll
0x00007ffb4e960000 - 0x00007ffb4e976000 	C:\Program Files\Android\Android Studio1\jbr\bin\nio.dll
0x00007ffb50ce0000 - 0x00007ffb50cf0000 	C:\Program Files\Android\Android Studio1\jbr\bin\verify.dll
0x00007ffb3dcf0000 - 0x00007ffb3dd17000 	C:\Users\ADMIN\.gradle\native\68d5fa5c4cc2d200863cafc0d521ce42e7d3e7ee720ec0a83991735586a16f82\windows-amd64\native-platform.dll
0x00007ffaf08f0000 - 0x00007ffaf0a34000 	C:\Users\ADMIN\.gradle\native\e376f236ea51e6404a007f0833ffe2c6e607c4080706a723a18a27aeea778392\windows-amd64\native-platform-file-events.dll
0x00007ffb56190000 - 0x00007ffb56199000 	C:\Program Files\Android\Android Studio1\jbr\bin\management.dll
0x00007ffb50d00000 - 0x00007ffb50d0b000 	C:\Program Files\Android\Android Studio1\jbr\bin\management_ext.dll
0x00007ffb8bce0000 - 0x00007ffb8bce8000 	C:\WINDOWS\System32\PSAPI.DLL
0x00007ffb88a00000 - 0x00007ffb88a1b000 	C:\WINDOWS\SYSTEM32\CRYPTSP.dll
0x00007ffb88130000 - 0x00007ffb88165000 	C:\WINDOWS\system32\rsaenh.dll
0x00007ffb886e0000 - 0x00007ffb8870c000 	C:\WINDOWS\SYSTEM32\USERENV.dll
0x00007ffb88ba0000 - 0x00007ffb88bc8000 	C:\WINDOWS\SYSTEM32\bcrypt.dll
0x00007ffb88970000 - 0x00007ffb8897c000 	C:\WINDOWS\SYSTEM32\CRYPTBASE.dll
0x00007ffb87c40000 - 0x00007ffb87c6d000 	C:\WINDOWS\SYSTEM32\IPHLPAPI.DLL
0x00007ffb8ac50000 - 0x00007ffb8ac59000 	C:\WINDOWS\System32\NSI.dll
0x00007ffb7ec50000 - 0x00007ffb7ec69000 	C:\WINDOWS\SYSTEM32\dhcpcsvc6.DLL
0x00007ffb7ebf0000 - 0x00007ffb7ec0f000 	C:\WINDOWS\SYSTEM32\dhcpcsvc.DLL
0x00007ffb87c70000 - 0x00007ffb87d69000 	C:\WINDOWS\SYSTEM32\DNSAPI.dll
0x00007ffb4e980000 - 0x00007ffb4e988000 	C:\WINDOWS\system32\wshunix.dll
0x00007ffb7ca50000 - 0x00007ffb7ca5a000 	C:\Windows\System32\rasadhlp.dll
0x00007ffb7c940000 - 0x00007ffb7c9c3000 	C:\WINDOWS\System32\fwpuclnt.dll
0x00007ffb881f0000 - 0x00007ffb88224000 	C:\WINDOWS\SYSTEM32\ntmarta.dll

dbghelp: loaded successfully - version: 4.0.5 - missing functions: none
symbol engine: initialized successfully - sym options: 0x614 - pdb path: .;C:\Program Files\Android\Android Studio1\jbr\bin;C:\WINDOWS\SYSTEM32;C:\WINDOWS\WinSxS\amd64_microsoft.windows.common-controls_6595b64144ccf1df_6.0.22621.2506_none_270c5ae97388e100;C:\Program Files\Android\Android Studio1\jbr\bin\server;C:\Users\ADMIN\.gradle\native\68d5fa5c4cc2d200863cafc0d521ce42e7d3e7ee720ec0a83991735586a16f82\windows-amd64;C:\Users\ADMIN\.gradle\native\e376f236ea51e6404a007f0833ffe2c6e607c4080706a723a18a27aeea778392\windows-amd64

VM Arguments:
jvm_args: --add-opens=java.base/java.util=ALL-UNNAMED --add-opens=java.base/java.lang=ALL-UNNAMED --add-opens=java.base/java.lang.invoke=ALL-UNNAMED --add-opens=java.prefs/java.util.prefs=ALL-UNNAMED --add-opens=java.base/java.nio.charset=ALL-UNNAMED --add-opens=java.base/java.net=ALL-UNNAMED --add-opens=java.base/java.util.concurrent.atomic=ALL-UNNAMED -Xmx2048m -Dfile.encoding=UTF-8 -Duser.country=US -Duser.language=en -Duser.variant 
java_command: org.gradle.launcher.daemon.bootstrap.GradleDaemon 8.0
java_class_path (initial): C:\Users\ADMIN\.gradle\wrapper\dists\gradle-8.0-bin\ca5e32bp14vu59qr306oxotwh\gradle-8.0\lib\gradle-launcher-8.0.jar
Launcher Type: SUN_STANDARD

[Global flags]
     intx CICompilerCount                          = 3                                         {product} {ergonomic}
     uint ConcGCThreads                            = 1                                         {product} {ergonomic}
     uint G1ConcRefinementThreads                  = 4                                         {product} {ergonomic}
   size_t G1HeapRegionSize                         = 1048576                                   {product} {ergonomic}
    uintx GCDrainStackTargetSize                   = 64                                        {product} {ergonomic}
   size_t InitialHeapSize                          = 130023424                                 {product} {ergonomic}
   size_t MarkStackSize                            = 4194304                                   {product} {ergonomic}
   size_t MaxHeapSize                              = 2147483648                                {product} {command line}
   size_t MaxNewSize                               = 1287651328                                {product} {ergonomic}
   size_t MinHeapDeltaBytes                        = 1048576                                   {product} {ergonomic}
   size_t MinHeapSize                              = 8388608                                   {product} {ergonomic}
    uintx NonNMethodCodeHeapSize                   = 5832780                                {pd product} {ergonomic}
    uintx NonProfiledCodeHeapSize                  = 122912730                              {pd product} {ergonomic}
    uintx ProfiledCodeHeapSize                     = 122912730                              {pd product} {ergonomic}
    uintx ReservedCodeCacheSize                    = 251658240                              {pd product} {ergonomic}
     bool SegmentedCodeCache                       = true                                      {product} {ergonomic}
   size_t SoftMaxHeapSize                          = 2147483648                             {manageable} {ergonomic}
     bool UseCompressedClassPointers               = true                           {product lp64_product} {ergonomic}
     bool UseCompressedOops                        = true                           {product lp64_product} {ergonomic}
     bool UseG1GC                                  = true                                      {product} {ergonomic}
     bool UseLargePagesIndividualAllocation        = false                                  {pd product} {ergonomic}

Logging:
Log output configuration:
 #0: stdout all=warning uptime,level,tags
 #1: stderr all=off uptime,level,tags

Environment Variables:
PATH=C:\Program Files\Common Files\Oracle\Java\javapath;C:\Python311\Scripts\;C:\Python311\;C:\Windows\system32;C:\Windows;C:\Windows\System32\Wbem;C:\Windows\System32\WindowsPowerShell\v1.0\;C:\Windows\System32\OpenSSH\;C:\Program Files\Microsoft SQL Server\Client SDK\ODBC\170\Tools\Binn\;C:\Program Files (x86)\Microsoft SQL Server\150\Tools\Binn\;C:\Program Files\Microsoft SQL Server\150\Tools\Binn\;C:\Program Files\Microsoft SQL Server\150\DTS\Binn\;C:\Program Files (x86)\Microsoft SQL Server\150\DTS\Binn\;C:\Program Files\Azure Data Studio\bin;C:\xampp\php;C:\ProgramData\ComposerSetup\bin;C:\ProgramData\chocolatey\bin;C:\Program Files\Git\cmd;C:\Program Files\dotnet\;%SystemRoot%\system32;%SystemRoot%;%SystemRoot%\System32\Wbem;%SYSTEMROOT%\System32\WindowsPowerShell\v1.0\;%SYSTEMROOT%\System32\OpenSSH\;C:\Users\ADMIN\scoop\shims;C:\Users\ADMIN\AppData\Local\Microsoft\WindowsApps;C:\Users\ADMIN\.dotnet\tools;C:\Program Files\Azure Data Studio\bin;C:\Program Files\JetBrains\PhpStorm 2019.3.4\bin;;C:\Users\ADMIN\AppData\Roaming\Composer\vendor\bin;C:\Users\ADMIN\AppData\Local\GitHubDesktop\bin;C:\Users\ADMIN\AppData\Local\Programs\Microsoft VS Code\bin;C:\Users\ADMIN\.dotnet\tools;C:\Users\ADMIN\AppData\Local\Microsoft\WindowsApps;
USERNAME=ADMIN
OS=Windows_NT
PROCESSOR_IDENTIFIER=Intel64 Family 6 Model 140 Stepping 1, GenuineIntel
TMP=C:\Users\ADMIN\AppData\Local\Temp
TEMP=C:\Users\ADMIN\AppData\Local\Temp


JNI global refs:
JNI global refs: 27, weak refs: 3

JNI global refs memory usage: 843, weak refs: 841


---------------  S Y S T E M  ---------------

OS:
 Windows 11 , 64 bit Build 22621 (10.0.22621.2506)
OS uptime: 0 days 1:02 hours
Hyper-V role detected

CPU: total 4 (initial active 4) (2 cores per cpu, 2 threads per core) family 6 model 140 stepping 1 microcode 0xa6, cx8, cmov, fxsr, ht, mmx, 3dnowpref, sse, sse2, sse3, ssse3, sse4.1, sse4.2, popcnt, lzcnt, tsc, tscinvbit, avx, avx2, aes, erms, clmul, bmi1, bmi2, adx, avx512f, avx512dq, avx512cd, avx512bw, avx512vl, sha, fma, vzeroupper, avx512_vpopcntdq, avx512_vpclmulqdq, avx512_vaes, avx512_vnni, clflush, clflushopt, clwb, avx512_vbmi2, avx512_vbmi, hv

Memory: 4k page, system-wide physical 7886M (456M free)
TotalPageFile size 15054M (AvailPageFile size 275M)
current process WorkingSet (physical memory assigned to process): 464M, peak: 467M
current process commit charge ("private bytes"): 606M, peak: 1030M

vm_info: OpenJDK 64-Bit Server VM (17.0.6+0-b2043.56-10027231) for windows-amd64 JRE (17.0.6+0-b2043.56-10027231), built on Apr 28 2023 00:43:19 by "androidbuild" with MS VC++ 16.10 / 16.11 (VS2019)

END.
