#
# There is insufficient memory for the Java Runtime Environment to continue.
# Native memory allocation (mmap) failed to map 623902720 bytes for G1 virtual space
# Possible reasons:
#   The system is out of physical RAM or swap space
#   The process is running with CompressedOops enabled, and the Java Heap may be blocking the growth of the native heap
# Possible solutions:
#   Reduce memory load on the system
#   Increase physical memory or swap space
#   Check if swap backing store is full
#   Decrease Java heap size (-Xmx/-Xms)
#   Decrease number of Java threads
#   Decrease Java thread stack sizes (-Xss)
#   Set larger code cache with -XX:ReservedCodeCacheSize=
#   JVM is running with Unscaled Compressed Oops mode in which the Java heap is
#     placed in the first 4GB address space. The Java Heap base address is the
#     maximum limit for the native heap growth. Please use -XX:HeapBaseMinAddress
#     to set the Java Heap base and to place the Java Heap above 4GB virtual address.
# This output file may be truncated or incomplete.
#
#  Out of Memory Error (os_windows.cpp:3769), pid=6676, tid=11484
#
# JRE version: OpenJDK Runtime Environment (17.0.6) (build 17.0.6+0-b2043.56-10027231)
# Java VM: OpenJDK 64-Bit Server VM (17.0.6+0-b2043.56-10027231, mixed mode, tiered, compressed oops, compressed class ptrs, g1 gc, windows-amd64)
# No core dump will be written. Minidumps are not enabled by default on client versions of Windows
#

---------------  S U M M A R Y ------------

Command Line: --add-opens=java.base/java.util=ALL-UNNAMED --add-opens=java.base/java.lang=ALL-UNNAMED --add-opens=java.base/java.lang.invoke=ALL-UNNAMED --add-opens=java.prefs/java.util.prefs=ALL-UNNAMED --add-opens=java.base/java.nio.charset=ALL-UNNAMED --add-opens=java.base/java.net=ALL-UNNAMED --add-opens=java.base/java.util.concurrent.atomic=ALL-UNNAMED -Xmx2048m -Dfile.encoding=UTF-8 -Duser.country=US -Duser.language=en -Duser.variant org.gradle.launcher.daemon.bootstrap.GradleDaemon 8.0

Host: 11th Gen Intel(R) Core(TM) i3-1115G4 @ 3.00GHz, 4 cores, 7G,  Windows 11 , 64 bit Build 22621 (10.0.22621.2506)
Time: Fri Nov 17 10:02:43 2023 SE Asia Standard Time elapsed time: 4488.001724 seconds (0d 1h 14m 48s)

---------------  T H R E A D  ---------------

Current thread (0x000001537c6fc640):  VMThread "VM Thread" [stack: 0x0000002583000000,0x0000002583100000] [id=11484]

Stack: [0x0000002583000000,0x0000002583100000]
Native frames: (J=compiled Java code, j=interpreted, Vv=VM code, C=native code)
V  [jvm.dll+0x683c9a]
V  [jvm.dll+0x8427a4]
V  [jvm.dll+0x843f9e]
V  [jvm.dll+0x844603]
V  [jvm.dll+0x249b75]
V  [jvm.dll+0x680b69]
V  [jvm.dll+0x67505a]
V  [jvm.dll+0x309acb]
V  [jvm.dll+0x310f86]
V  [jvm.dll+0x3608ee]
V  [jvm.dll+0x360b1f]
V  [jvm.dll+0x2dfbf8]
V  [jvm.dll+0x2ddec4]
V  [jvm.dll+0x2dd4cc]
V  [jvm.dll+0x322261]
V  [jvm.dll+0x848ccb]
V  [jvm.dll+0x849a04]
V  [jvm.dll+0x849f1d]
V  [jvm.dll+0x84a2f4]
V  [jvm.dll+0x84a3c0]
V  [jvm.dll+0x7f274a]
V  [jvm.dll+0x682ad5]
C  [ucrtbase.dll+0x29363]
C  [KERNEL32.DLL+0x1257d]
C  [ntdll.dll+0x5aa58]

VM_Operation (0x0000002588cf9250): G1TryInitiateConcMark, mode: safepoint, requested by thread 0x00000153078d3ed0


---------------  P R O C E S S  ---------------

Threads class SMR info:
_java_thread_list=0x0000015301efbe00, length=94, elements={
0x00000153611fa6d0, 0x000001537c6fe0f0, 0x000001537c6feca0, 0x000001537c7294a0,
0x000001537c72a050, 0x000001537c72cf10, 0x000001537c72d8c0, 0x000001537c72e650,
0x000001537d1206c0, 0x000001537d1290c0, 0x000001537d2bc010, 0x000001537d2bc4e0,
0x00000153003b5530, 0x0000015300c1deb0, 0x00000153003d2d40, 0x0000015300895aa0,
0x0000015300893dc0, 0x0000015300893420, 0x0000015300894c30, 0x00000153008955d0,
0x0000015300896910, 0x0000015300b9c220, 0x0000015300b9c6f0, 0x0000015300b9a070,
0x0000015300b9d090, 0x0000015300b9b3b0, 0x0000015300b9bd50, 0x0000015302cfa8e0,
0x0000015302cf6580, 0x000001537da38a30, 0x000001530737aa90, 0x00000153078d5210,
0x00000153078d4870, 0x000001530737d5e0, 0x0000015302efe720, 0x0000015302efd3e0,
0x0000015302effa60, 0x0000015302f020e0, 0x0000015302efbbd0, 0x0000015303154a10,
0x0000015303155880, 0x0000015303154ee0, 0x00000153078d4d40, 0x0000015302efdd80,
0x0000015303154070, 0x0000015303155d50, 0x00000153031553b0, 0x0000015303157560,
0x0000015303156220, 0x00000153031566f0, 0x0000015303157a30, 0x0000015302485360,
0x00000153024861d0, 0x0000015302488380, 0x0000015302484e90, 0x0000015302485830,
0x00000153024866a0, 0x0000015302487040, 0x00000153024879e0, 0x00000153065e3f00,
0x00000153065e43d0, 0x00000153065e48a0, 0x000001530241ea90, 0x0000015302422450,
0x0000015302421f80, 0x00000153024202a0, 0x000001530241ef60, 0x000001530241f430,
0x0000015302efebf0, 0x0000015302efd8b0, 0x0000015302f01740, 0x0000015302efc0a0,
0x0000015302f03420, 0x00000153078d56e0, 0x0000015302eff0c0, 0x0000015302f00400,
0x0000015302efc570, 0x0000015302421ab0, 0x000001530241f900, 0x000001530241fdd0,
0x000001530737c770, 0x000001530737a0f0, 0x0000015307379c20, 0x000001530737b430,
0x000001530737cc40, 0x0000015302420770, 0x0000015302eff590, 0x0000015302efff30,
0x000001530737a5c0, 0x0000015302420c40, 0x00000153078d5bb0, 0x00000153078d3ed0,
0x00000153078d6080, 0x00000153072ba320
}

Java Threads: ( => current thread )
  0x00000153611fa6d0 JavaThread "main" [_thread_blocked, id=12840, stack(0x0000002582a00000,0x0000002582b00000)]
  0x000001537c6fe0f0 JavaThread "Reference Handler" daemon [_thread_blocked, id=7824, stack(0x0000002583100000,0x0000002583200000)]
  0x000001537c6feca0 JavaThread "Finalizer" daemon [_thread_blocked, id=13460, stack(0x0000002583200000,0x0000002583300000)]
  0x000001537c7294a0 JavaThread "Signal Dispatcher" daemon [_thread_blocked, id=2164, stack(0x0000002583300000,0x0000002583400000)]
  0x000001537c72a050 JavaThread "Attach Listener" daemon [_thread_blocked, id=13488, stack(0x0000002583400000,0x0000002583500000)]
  0x000001537c72cf10 JavaThread "Service Thread" daemon [_thread_blocked, id=9872, stack(0x0000002583500000,0x0000002583600000)]
  0x000001537c72d8c0 JavaThread "Monitor Deflation Thread" daemon [_thread_blocked, id=16136, stack(0x0000002583600000,0x0000002583700000)]
  0x000001537c72e650 JavaThread "C2 CompilerThread0" daemon [_thread_blocked, id=15092, stack(0x0000002583700000,0x0000002583800000)]
  0x000001537d1206c0 JavaThread "C1 CompilerThread0" daemon [_thread_blocked, id=11720, stack(0x0000002583800000,0x0000002583900000)]
  0x000001537d1290c0 JavaThread "Sweeper thread" daemon [_thread_blocked, id=1820, stack(0x0000002583900000,0x0000002583a00000)]
  0x000001537d2bc010 JavaThread "Common-Cleaner" daemon [_thread_blocked, id=3152, stack(0x0000002583a00000,0x0000002583b00000)]
  0x000001537d2bc4e0 JavaThread "Notification Thread" daemon [_thread_blocked, id=13464, stack(0x0000002583b00000,0x0000002583c00000)]
  0x00000153003b5530 JavaThread "Daemon health stats" [_thread_blocked, id=14084, stack(0x0000002584100000,0x0000002584200000)]
  0x0000015300c1deb0 JavaThread "Incoming local TCP Connector on port 52443" [_thread_in_native, id=9140, stack(0x0000002584200000,0x0000002584300000)]
  0x00000153003d2d40 JavaThread "Daemon periodic checks" [_thread_blocked, id=15696, stack(0x0000002584300000,0x0000002584400000)]
  0x0000015300895aa0 JavaThread "Cache worker for journal cache (C:\Users\ADMIN\.gradle\caches\journal-1)" [_thread_blocked, id=9868, stack(0x0000002584b00000,0x0000002584c00000)]
  0x0000015300893dc0 JavaThread "File lock request listener" [_thread_in_native, id=12800, stack(0x0000002584c00000,0x0000002584d00000)]
  0x0000015300893420 JavaThread "Cache worker for file hash cache (C:\Users\ADMIN\.gradle\caches\8.0\fileHashes)" [_thread_blocked, id=8916, stack(0x0000002584d00000,0x0000002584e00000)]
  0x0000015300894c30 JavaThread "File watcher server" daemon [_thread_blocked, id=16348, stack(0x0000002584e00000,0x0000002584f00000)]
  0x00000153008955d0 JavaThread "File watcher consumer" daemon [_thread_blocked, id=6832, stack(0x0000002584f00000,0x0000002585000000)]
  0x0000015300896910 JavaThread "Cache worker for file content cache (C:\Users\ADMIN\.gradle\caches\8.0\fileContent)" [_thread_blocked, id=13424, stack(0x0000002585100000,0x0000002585200000)]
  0x0000015300b9c220 JavaThread "Cache worker for execution history cache (C:\Users\ADMIN\.gradle\caches\8.0\executionHistory)" [_thread_blocked, id=5316, stack(0x0000002585400000,0x0000002585500000)]
  0x0000015300b9c6f0 JavaThread "jar transforms" [_thread_blocked, id=15976, stack(0x0000002585500000,0x0000002585600000)]
  0x0000015300b9a070 JavaThread "jar transforms Thread 2" [_thread_blocked, id=6780, stack(0x0000002585700000,0x0000002585800000)]
  0x0000015300b9d090 JavaThread "Cache worker for kotlin-dsl (C:\Users\ADMIN\.gradle\caches\8.0\kotlin-dsl)" [_thread_blocked, id=3736, stack(0x0000002585900000,0x0000002585a00000)]
  0x0000015300b9b3b0 JavaThread "jar transforms Thread 3" [_thread_blocked, id=1756, stack(0x0000002585a00000,0x0000002585b00000)]
  0x0000015300b9bd50 JavaThread "jar transforms Thread 4" [_thread_blocked, id=9188, stack(0x0000002585b00000,0x0000002585c00000)]
  0x0000015302cfa8e0 JavaThread "Memory manager" [_thread_blocked, id=8784, stack(0x0000002588700000,0x0000002588800000)]
  0x0000015302cf6580 JavaThread "pool-3-thread-1" [_thread_blocked, id=12648, stack(0x0000002585600000,0x0000002585700000)]
  0x000001537da38a30 JavaThread "Cache worker for Java compile cache (C:\Users\ADMIN\.gradle\caches\8.0\javaCompile)" [_thread_blocked, id=2868, stack(0x0000002588e00000,0x0000002588f00000)]
  0x000001530737aa90 JavaThread "pool-7-thread-1" [_thread_blocked, id=14048, stack(0x0000002588500000,0x0000002588600000)]
  0x00000153078d5210 JavaThread "pool-12-thread-1" [_thread_blocked, id=2264, stack(0x0000002588400000,0x0000002588500000)]
  0x00000153078d4870 JavaThread "Daemon Thread 4" [_thread_blocked, id=3036, stack(0x0000002582700000,0x0000002582800000)]
  0x000001530737d5e0 JavaThread "Handler for socket connection from /127.0.0.1:52443 to /127.0.0.1:54458" [_thread_in_native, id=12048, stack(0x0000002582800000,0x0000002582900000)]
  0x0000015302efe720 JavaThread "Cancel handler" [_thread_blocked, id=9040, stack(0x0000002582900000,0x0000002582a00000)]
  0x0000015302efd3e0 JavaThread "Daemon worker Thread 4" [_thread_blocked, id=6776, stack(0x0000002583d00000,0x0000002583e00000)]
  0x0000015302effa60 JavaThread "Asynchronous log dispatcher for DefaultDaemonConnection: socket connection from /127.0.0.1:52443 to /127.0.0.1:54458" [_thread_blocked, id=15000, stack(0x0000002584400000,0x0000002584500000)]
  0x0000015302f020e0 JavaThread "Stdin handler" [_thread_blocked, id=2216, stack(0x0000002584500000,0x0000002584600000)]
  0x0000015302efbbd0 JavaThread "Daemon client event forwarder" [_thread_blocked, id=8636, stack(0x0000002584600000,0x0000002584700000)]
  0x0000015303154a10 JavaThread "Cache worker for checksums cache (C:\Users\ADMIN\AndroidStudioProjects\MyApplication\.gradle\8.0\checksums)" [_thread_blocked, id=7392, stack(0x0000002584700000,0x0000002584800000)]
  0x0000015303155880 JavaThread "Cache worker for cache directory md-rule (C:\Users\ADMIN\.gradle\caches\8.0\md-rule)" [_thread_blocked, id=8020, stack(0x0000002584800000,0x0000002584900000)]
  0x0000015303154ee0 JavaThread "Cache worker for file hash cache (C:\Users\ADMIN\AndroidStudioProjects\MyApplication\.gradle\8.0\fileHashes)" [_thread_blocked, id=3856, stack(0x0000002584900000,0x0000002584a00000)]
  0x00000153078d4d40 JavaThread "Cache worker for cache directory md-supplier (C:\Users\ADMIN\.gradle\caches\8.0\md-supplier)" [_thread_blocked, id=12096, stack(0x0000002584a00000,0x0000002584b00000)]
  0x0000015302efdd80 JavaThread "Cache worker for dependencies-accessors (C:\Users\ADMIN\AndroidStudioProjects\MyApplication\.gradle\8.0\dependencies-accessors)" [_thread_blocked, id=5564, stack(0x0000002585000000,0x0000002585100000)]
  0x0000015303154070 JavaThread "Cache worker for Build Output Cleanup Cache (C:\Users\ADMIN\AndroidStudioProjects\MyApplication\.gradle\buildOutputCleanup)" [_thread_blocked, id=9776, stack(0x0000002585200000,0x0000002585300000)]
  0x0000015303155d50 JavaThread "Unconstrained build operations" [_thread_blocked, id=8624, stack(0x0000002585c00000,0x0000002585d00000)]
  0x00000153031553b0 JavaThread "Unconstrained build operations Thread 2" [_thread_blocked, id=16092, stack(0x0000002585d00000,0x0000002585e00000)]
  0x0000015303157560 JavaThread "Unconstrained build operations Thread 3" [_thread_blocked, id=14364, stack(0x0000002585e00000,0x0000002585f00000)]
  0x0000015303156220 JavaThread "Unconstrained build operations Thread 4" [_thread_blocked, id=8260, stack(0x0000002585f00000,0x0000002586000000)]
  0x00000153031566f0 JavaThread "Unconstrained build operations Thread 5" [_thread_blocked, id=14388, stack(0x0000002586000000,0x0000002586100000)]
  0x0000015303157a30 JavaThread "Unconstrained build operations Thread 6" [_thread_blocked, id=15312, stack(0x0000002586100000,0x0000002586200000)]
  0x0000015302485360 JavaThread "Unconstrained build operations Thread 7" [_thread_blocked, id=5340, stack(0x0000002586200000,0x0000002586300000)]
  0x00000153024861d0 JavaThread "Unconstrained build operations Thread 8" [_thread_blocked, id=11332, stack(0x0000002586300000,0x0000002586400000)]
  0x0000015302488380 JavaThread "Unconstrained build operations Thread 9" [_thread_blocked, id=11288, stack(0x0000002586400000,0x0000002586500000)]
  0x0000015302484e90 JavaThread "Unconstrained build operations Thread 10" [_thread_blocked, id=10244, stack(0x0000002586500000,0x0000002586600000)]
  0x0000015302485830 JavaThread "Unconstrained build operations Thread 11" [_thread_blocked, id=7508, stack(0x0000002586600000,0x0000002586700000)]
  0x00000153024866a0 JavaThread "Unconstrained build operations Thread 12" [_thread_blocked, id=9172, stack(0x0000002586700000,0x0000002586800000)]
  0x0000015302487040 JavaThread "Unconstrained build operations Thread 13" [_thread_blocked, id=10640, stack(0x0000002586800000,0x0000002586900000)]
  0x00000153024879e0 JavaThread "Unconstrained build operations Thread 14" [_thread_blocked, id=10140, stack(0x0000002586900000,0x0000002586a00000)]
  0x00000153065e3f00 JavaThread "Unconstrained build operations Thread 15" [_thread_blocked, id=11416, stack(0x0000002586a00000,0x0000002586b00000)]
  0x00000153065e43d0 JavaThread "Unconstrained build operations Thread 16" [_thread_blocked, id=6328, stack(0x0000002586b00000,0x0000002586c00000)]
  0x00000153065e48a0 JavaThread "Unconstrained build operations Thread 17" [_thread_blocked, id=2180, stack(0x0000002586c00000,0x0000002586d00000)]
  0x000001530241ea90 JavaThread "Unconstrained build operations Thread 18" [_thread_blocked, id=14376, stack(0x0000002586d00000,0x0000002586e00000)]
  0x0000015302422450 JavaThread "Unconstrained build operations Thread 19" [_thread_blocked, id=1308, stack(0x0000002586e00000,0x0000002586f00000)]
  0x0000015302421f80 JavaThread "Unconstrained build operations Thread 20" [_thread_blocked, id=6672, stack(0x0000002586f00000,0x0000002587000000)]
  0x00000153024202a0 JavaThread "Unconstrained build operations Thread 21" [_thread_blocked, id=1568, stack(0x0000002587000000,0x0000002587100000)]
  0x000001530241ef60 JavaThread "Unconstrained build operations Thread 22" [_thread_blocked, id=12372, stack(0x0000002587100000,0x0000002587200000)]
  0x000001530241f430 JavaThread "Unconstrained build operations Thread 23" [_thread_blocked, id=12196, stack(0x0000002587200000,0x0000002587300000)]
  0x0000015302efebf0 JavaThread "Unconstrained build operations Thread 24" [_thread_blocked, id=9796, stack(0x0000002587300000,0x0000002587400000)]
  0x0000015302efd8b0 JavaThread "Unconstrained build operations Thread 25" [_thread_blocked, id=16076, stack(0x0000002587400000,0x0000002587500000)]
  0x0000015302f01740 JavaThread "Unconstrained build operations Thread 26" [_thread_blocked, id=1516, stack(0x0000002587500000,0x0000002587600000)]
  0x0000015302efc0a0 JavaThread "Unconstrained build operations Thread 27" [_thread_blocked, id=10684, stack(0x0000002587600000,0x0000002587700000)]
  0x0000015302f03420 JavaThread "Unconstrained build operations Thread 28" [_thread_blocked, id=8560, stack(0x0000002587700000,0x0000002587800000)]
  0x00000153078d56e0 JavaThread "Unconstrained build operations Thread 29" [_thread_blocked, id=5308, stack(0x0000002587800000,0x0000002587900000)]
  0x0000015302eff0c0 JavaThread "Unconstrained build operations Thread 30" [_thread_blocked, id=11040, stack(0x0000002587900000,0x0000002587a00000)]
  0x0000015302f00400 JavaThread "Unconstrained build operations Thread 31" [_thread_blocked, id=12008, stack(0x0000002587a00000,0x0000002587b00000)]
  0x0000015302efc570 JavaThread "Unconstrained build operations Thread 32" [_thread_blocked, id=14956, stack(0x0000002587b00000,0x0000002587c00000)]
  0x0000015302421ab0 JavaThread "Unconstrained build operations Thread 33" [_thread_blocked, id=9136, stack(0x0000002587c00000,0x0000002587d00000)]
  0x000001530241f900 JavaThread "Unconstrained build operations Thread 34" [_thread_blocked, id=11164, stack(0x0000002587d00000,0x0000002587e00000)]
  0x000001530241fdd0 JavaThread "Unconstrained build operations Thread 35" [_thread_blocked, id=16316, stack(0x0000002587e00000,0x0000002587f00000)]
  0x000001530737c770 JavaThread "Unconstrained build operations Thread 36" [_thread_blocked, id=10544, stack(0x0000002587f00000,0x0000002588000000)]
  0x000001530737a0f0 JavaThread "Unconstrained build operations Thread 37" [_thread_blocked, id=7764, stack(0x0000002588000000,0x0000002588100000)]
  0x0000015307379c20 JavaThread "Unconstrained build operations Thread 38" [_thread_blocked, id=16272, stack(0x0000002588100000,0x0000002588200000)]
  0x000001530737b430 JavaThread "Unconstrained build operations Thread 39" [_thread_blocked, id=1072, stack(0x0000002588200000,0x0000002588300000)]
  0x000001530737cc40 JavaThread "Unconstrained build operations Thread 40" [_thread_blocked, id=12992, stack(0x0000002588300000,0x0000002588400000)]
  0x0000015302420770 JavaThread "build event listener" [_thread_blocked, id=9256, stack(0x0000002585300000,0x0000002585400000)]
  0x0000015302eff590 JavaThread "pool-17-thread-1" [_thread_blocked, id=3232, stack(0x0000002588600000,0x0000002588700000)]
  0x0000015302efff30 JavaThread "build event listener" [_thread_blocked, id=7192, stack(0x0000002588800000,0x0000002588900000)]
  0x000001530737a5c0 JavaThread "included builds" [_thread_blocked, id=11428, stack(0x0000002588900000,0x0000002588a00000)]
  0x0000015302420c40 JavaThread "Execution worker" [_thread_blocked, id=14748, stack(0x0000002588a00000,0x0000002588b00000)]
  0x00000153078d5bb0 JavaThread "Execution worker Thread 2" [_thread_blocked, id=9208, stack(0x0000002588b00000,0x0000002588c00000)]
  0x00000153078d3ed0 JavaThread "Execution worker Thread 3" [_thread_blocked, id=1880, stack(0x0000002588c00000,0x0000002588d00000)]
  0x00000153078d6080 JavaThread "Cache worker for execution history cache (C:\Users\ADMIN\AndroidStudioProjects\MyApplication\.gradle\8.0\executionHistory)" [_thread_blocked, id=15648, stack(0x0000002588f00000,0x0000002589000000)]
  0x00000153072ba320 JavaThread "C2 CompilerThread1" daemon [_thread_blocked, id=1584, stack(0x0000002589000000,0x0000002589100000)]

Other Threads:
=>0x000001537c6fc640 VMThread "VM Thread" [stack: 0x0000002583000000,0x0000002583100000] [id=11484]
  0x00000153612725f0 WatcherThread [stack: 0x0000002583c00000,0x0000002583d00000] [id=13316]
  0x00000153612546f0 GCTaskThread "GC Thread#0" [stack: 0x0000002582b00000,0x0000002582c00000] [id=3508]
  0x000001537d5f1910 GCTaskThread "GC Thread#1" [stack: 0x0000002583e00000,0x0000002583f00000] [id=14468]
  0x000001537d7bdd20 GCTaskThread "GC Thread#2" [stack: 0x0000002583f00000,0x0000002584000000] [id=1940]
  0x000001537d528430 GCTaskThread "GC Thread#3" [stack: 0x0000002584000000,0x0000002584100000] [id=4144]
  0x0000015361265630 ConcurrentGCThread "G1 Main Marker" [stack: 0x0000002582c00000,0x0000002582d00000] [id=11684]
  0x00000153612667e0 ConcurrentGCThread "G1 Conc#0" [stack: 0x0000002582d00000,0x0000002582e00000] [id=16168]
  0x00000153612bea80 ConcurrentGCThread "G1 Refine#0" [stack: 0x0000002582e00000,0x0000002582f00000] [id=12164]
  0x0000015302731020 ConcurrentGCThread "G1 Refine#1" [stack: 0x0000002585800000,0x0000002585900000] [id=12116]
  0x00000153078eabe0 ConcurrentGCThread "G1 Refine#2" [stack: 0x0000002588d00000,0x0000002588e00000] [id=1704]
  0x000001537c5505f0 ConcurrentGCThread "G1 Service" [stack: 0x0000002582f00000,0x0000002583000000] [id=15260]

Threads with active compile tasks:

VM state: at safepoint (normal execution)

VM Mutex/Monitor currently owned by a thread:  ([mutex/lock_event])
[0x00000153611f4c60] Threads_lock - owner thread: 0x000001537c6fc640
[0x00000153611f4870] Heap_lock - owner thread: 0x00000153078d3ed0

Heap address: 0x0000000080000000, size: 2048 MB, Compressed Oops mode: 32-bit

CDS archive(s) not mapped
Compressed class space mapped at: 0x0000000100000000-0x0000000140000000, reserved size: 1073741824
Narrow klass base: 0x0000000000000000, Narrow klass shift: 3, Narrow klass range: 0x140000000

GC Precious Log:
 CPUs: 4 total, 4 available
 Memory: 7886M
 Large Page Support: Disabled
 NUMA Support: Disabled
 Compressed Oops: Enabled (32-bit)
 Heap Region Size: 1M
 Heap Min Capacity: 8M
 Heap Initial Capacity: 124M
 Heap Max Capacity: 2G
 Pre-touch: Disabled
 Parallel Workers: 4
 Concurrent Workers: 1
 Concurrent Refinement Workers: 4
 Periodic GC: Disabled

Heap:
 garbage-first heap   total 324608K, used 137782K [0x0000000080000000, 0x0000000100000000)
  region size 1024K, 10 young (10240K), 10 survivors (10240K)
 Metaspace       used 138650K, committed 139520K, reserved 1171456K
  class space    used 18192K, committed 18624K, reserved 1048576K

Heap Regions: E=young(eden), S=young(survivor), O=old, HS=humongous(starts), HC=humongous(continues), CS=collection set, F=free, OA=open archive, CA=closed archive, TAMS=top-at-mark-start (previous, next)
|   0|0x0000000080000000, 0x0000000080100000, 0x0000000080100000|100%| O|  |TAMS 0x0000000080100000, 0x0000000080100000| Untracked 
|   1|0x0000000080100000, 0x0000000080200000, 0x0000000080200000|100%| O|  |TAMS 0x0000000080200000, 0x0000000080200000| Untracked 
|   2|0x0000000080200000, 0x0000000080300000, 0x0000000080300000|100%|HS|  |TAMS 0x0000000080300000, 0x0000000080300000| Complete 
|   3|0x0000000080300000, 0x0000000080400000, 0x0000000080400000|100%|HC|  |TAMS 0x0000000080400000, 0x0000000080400000| Complete 
|   4|0x0000000080400000, 0x0000000080500000, 0x0000000080500000|100%|HC|  |TAMS 0x0000000080500000, 0x0000000080500000| Complete 
|   5|0x0000000080500000, 0x0000000080600000, 0x0000000080600000|100%|HC|  |TAMS 0x0000000080600000, 0x0000000080600000| Complete 
|   6|0x0000000080600000, 0x0000000080700000, 0x0000000080700000|100%| O|  |TAMS 0x0000000080700000, 0x0000000080700000| Untracked 
|   7|0x0000000080700000, 0x0000000080800000, 0x0000000080800000|100%| O|  |TAMS 0x0000000080800000, 0x0000000080800000| Untracked 
|   8|0x0000000080800000, 0x0000000080900000, 0x0000000080900000|100%| O|  |TAMS 0x0000000080900000, 0x0000000080900000| Untracked 
|   9|0x0000000080900000, 0x0000000080a00000, 0x0000000080a00000|100%| O|  |TAMS 0x0000000080a00000, 0x0000000080a00000| Untracked 
|  10|0x0000000080a00000, 0x0000000080b00000, 0x0000000080b00000|100%| O|  |TAMS 0x0000000080b00000, 0x0000000080b00000| Untracked 
|  11|0x0000000080b00000, 0x0000000080c00000, 0x0000000080c00000|100%| O|  |TAMS 0x0000000080c00000, 0x0000000080c00000| Untracked 
|  12|0x0000000080c00000, 0x0000000080d00000, 0x0000000080d00000|100%| O|  |TAMS 0x0000000080d00000, 0x0000000080d00000| Untracked 
|  13|0x0000000080d00000, 0x0000000080e00000, 0x0000000080e00000|100%| O|  |TAMS 0x0000000080e00000, 0x0000000080e00000| Untracked 
|  14|0x0000000080e00000, 0x0000000080f00000, 0x0000000080f00000|100%| O|  |TAMS 0x0000000080f00000, 0x0000000080f00000| Untracked 
|  15|0x0000000080f00000, 0x0000000081000000, 0x0000000081000000|100%| O|  |TAMS 0x0000000081000000, 0x0000000081000000| Untracked 
|  16|0x0000000081000000, 0x0000000081100000, 0x0000000081100000|100%| O|  |TAMS 0x0000000081100000, 0x0000000081100000| Untracked 
|  17|0x0000000081100000, 0x0000000081200000, 0x0000000081200000|100%| O|  |TAMS 0x0000000081200000, 0x0000000081200000| Untracked 
|  18|0x0000000081200000, 0x0000000081300000, 0x0000000081300000|100%| O|  |TAMS 0x0000000081300000, 0x0000000081300000| Untracked 
|  19|0x0000000081300000, 0x0000000081400000, 0x0000000081400000|100%| O|  |TAMS 0x0000000081400000, 0x0000000081400000| Untracked 
|  20|0x0000000081400000, 0x0000000081500000, 0x0000000081500000|100%| O|  |TAMS 0x0000000081500000, 0x0000000081500000| Untracked 
|  21|0x0000000081500000, 0x0000000081600000, 0x0000000081600000|100%| O|  |TAMS 0x0000000081600000, 0x0000000081600000| Untracked 
|  22|0x0000000081600000, 0x0000000081700000, 0x0000000081700000|100%| O|  |TAMS 0x0000000081700000, 0x0000000081700000| Untracked 
|  23|0x0000000081700000, 0x0000000081800000, 0x0000000081800000|100%| O|  |TAMS 0x0000000081800000, 0x0000000081800000| Untracked 
|  24|0x0000000081800000, 0x0000000081900000, 0x0000000081900000|100%| O|  |TAMS 0x0000000081900000, 0x0000000081900000| Untracked 
|  25|0x0000000081900000, 0x0000000081a00000, 0x0000000081a00000|100%| O|  |TAMS 0x0000000081a00000, 0x0000000081a00000| Untracked 
|  26|0x0000000081a00000, 0x0000000081b00000, 0x0000000081b00000|100%| O|  |TAMS 0x0000000081b00000, 0x0000000081b00000| Untracked 
|  27|0x0000000081b00000, 0x0000000081c00000, 0x0000000081c00000|100%| O|  |TAMS 0x0000000081c00000, 0x0000000081c00000| Untracked 
|  28|0x0000000081c00000, 0x0000000081d00000, 0x0000000081d00000|100%| O|  |TAMS 0x0000000081d00000, 0x0000000081d00000| Untracked 
|  29|0x0000000081d00000, 0x0000000081e00000, 0x0000000081e00000|100%| O|  |TAMS 0x0000000081e00000, 0x0000000081e00000| Untracked 
|  30|0x0000000081e00000, 0x0000000081f00000, 0x0000000081f00000|100%| O|  |TAMS 0x0000000081f00000, 0x0000000081f00000| Untracked 
|  31|0x0000000081f00000, 0x0000000082000000, 0x0000000082000000|100%|HS|  |TAMS 0x0000000082000000, 0x0000000082000000| Complete 
|  32|0x0000000082000000, 0x0000000082100000, 0x0000000082100000|100%|HS|  |TAMS 0x0000000082100000, 0x0000000082100000| Complete 
|  33|0x0000000082100000, 0x0000000082200000, 0x0000000082200000|100%|HS|  |TAMS 0x0000000082200000, 0x0000000082200000| Complete 
|  34|0x0000000082200000, 0x0000000082300000, 0x0000000082300000|100%| O|  |TAMS 0x0000000082300000, 0x0000000082300000| Untracked 
|  35|0x0000000082300000, 0x0000000082400000, 0x0000000082400000|100%| O|  |TAMS 0x0000000082400000, 0x0000000082400000| Untracked 
|  36|0x0000000082400000, 0x0000000082500000, 0x0000000082500000|100%| O|  |TAMS 0x0000000082500000, 0x0000000082500000| Untracked 
|  37|0x0000000082500000, 0x0000000082600000, 0x0000000082600000|100%| O|  |TAMS 0x0000000082600000, 0x0000000082600000| Untracked 
|  38|0x0000000082600000, 0x0000000082700000, 0x0000000082700000|100%| O|  |TAMS 0x0000000082700000, 0x0000000082700000| Untracked 
|  39|0x0000000082700000, 0x0000000082800000, 0x0000000082800000|100%| O|  |TAMS 0x0000000082700000, 0x0000000082800000| Untracked 
|  40|0x0000000082800000, 0x0000000082900000, 0x0000000082900000|100%| O|  |TAMS 0x0000000082900000, 0x0000000082900000| Untracked 
|  41|0x0000000082900000, 0x0000000082a00000, 0x0000000082a00000|100%| O|  |TAMS 0x0000000082a00000, 0x0000000082a00000| Untracked 
|  42|0x0000000082a00000, 0x0000000082b00000, 0x0000000082b00000|100%| O|  |TAMS 0x0000000082b00000, 0x0000000082b00000| Untracked 
|  43|0x0000000082b00000, 0x0000000082c00000, 0x0000000082c00000|100%| O|  |TAMS 0x0000000082c00000, 0x0000000082c00000| Untracked 
|  44|0x0000000082c00000, 0x0000000082d00000, 0x0000000082d00000|100%| O|  |TAMS 0x0000000082d00000, 0x0000000082d00000| Untracked 
|  45|0x0000000082d00000, 0x0000000082e00000, 0x0000000082e00000|100%| O|  |TAMS 0x0000000082e00000, 0x0000000082e00000| Untracked 
|  46|0x0000000082e00000, 0x0000000082f00000, 0x0000000082f00000|100%| O|  |TAMS 0x0000000082f00000, 0x0000000082f00000| Untracked 
|  47|0x0000000082f00000, 0x0000000083000000, 0x0000000083000000|100%| O|  |TAMS 0x0000000083000000, 0x0000000083000000| Untracked 
|  48|0x0000000083000000, 0x0000000083100000, 0x0000000083100000|100%| O|  |TAMS 0x0000000083100000, 0x0000000083100000| Untracked 
|  49|0x0000000083100000, 0x0000000083200000, 0x0000000083200000|100%| O|  |TAMS 0x0000000083200000, 0x0000000083200000| Untracked 
|  50|0x0000000083200000, 0x0000000083300000, 0x0000000083300000|100%| O|  |TAMS 0x0000000083300000, 0x0000000083300000| Untracked 
|  51|0x0000000083300000, 0x0000000083400000, 0x0000000083400000|100%| O|  |TAMS 0x0000000083400000, 0x0000000083400000| Untracked 
|  52|0x0000000083400000, 0x0000000083500000, 0x0000000083500000|100%| O|  |TAMS 0x0000000083500000, 0x0000000083500000| Untracked 
|  53|0x0000000083500000, 0x0000000083600000, 0x0000000083600000|100%| O|  |TAMS 0x0000000083600000, 0x0000000083600000| Untracked 
|  54|0x0000000083600000, 0x0000000083700000, 0x0000000083700000|100%| O|  |TAMS 0x0000000083700000, 0x0000000083700000| Untracked 
|  55|0x0000000083700000, 0x0000000083800000, 0x0000000083800000|100%| O|  |TAMS 0x0000000083800000, 0x0000000083800000| Untracked 
|  56|0x0000000083800000, 0x0000000083900000, 0x0000000083900000|100%| O|  |TAMS 0x0000000083900000, 0x0000000083900000| Untracked 
|  57|0x0000000083900000, 0x0000000083a00000, 0x0000000083a00000|100%| O|  |TAMS 0x0000000083a00000, 0x0000000083a00000| Untracked 
|  58|0x0000000083a00000, 0x0000000083a00000, 0x0000000083b00000|  0%| F|  |TAMS 0x0000000083a00000, 0x0000000083a00000| Untracked 
|  59|0x0000000083b00000, 0x0000000083c00000, 0x0000000083c00000|100%| O|  |TAMS 0x0000000083c00000, 0x0000000083c00000| Untracked 
|  60|0x0000000083c00000, 0x0000000083d00000, 0x0000000083d00000|100%| O|  |TAMS 0x0000000083d00000, 0x0000000083d00000| Untracked 
|  61|0x0000000083d00000, 0x0000000083e00000, 0x0000000083e00000|100%| O|  |TAMS 0x0000000083e00000, 0x0000000083e00000| Untracked 
|  62|0x0000000083e00000, 0x0000000083f00000, 0x0000000083f00000|100%| O|  |TAMS 0x0000000083f00000, 0x0000000083f00000| Untracked 
|  63|0x0000000083f00000, 0x0000000084000000, 0x0000000084000000|100%| O|  |TAMS 0x0000000084000000, 0x0000000084000000| Untracked 
|  64|0x0000000084000000, 0x0000000084100000, 0x0000000084100000|100%| O|  |TAMS 0x0000000084100000, 0x0000000084100000| Untracked 
|  65|0x0000000084100000, 0x0000000084200000, 0x0000000084200000|100%| O|  |TAMS 0x0000000084200000, 0x0000000084200000| Untracked 
|  66|0x0000000084200000, 0x0000000084300000, 0x0000000084300000|100%| O|  |TAMS 0x0000000084300000, 0x0000000084300000| Untracked 
|  67|0x0000000084300000, 0x0000000084400000, 0x0000000084400000|100%| O|  |TAMS 0x0000000084400000, 0x0000000084400000| Untracked 
|  68|0x0000000084400000, 0x0000000084500000, 0x0000000084500000|100%| O|  |TAMS 0x0000000084500000, 0x0000000084500000| Untracked 
|  69|0x0000000084500000, 0x0000000084600000, 0x0000000084600000|100%| O|  |TAMS 0x0000000084500000, 0x0000000084600000| Untracked 
|  70|0x0000000084600000, 0x0000000084700000, 0x0000000084700000|100%| O|  |TAMS 0x0000000084700000, 0x0000000084700000| Untracked 
|  71|0x0000000084700000, 0x0000000084800000, 0x0000000084800000|100%| O|  |TAMS 0x0000000084700000, 0x0000000084800000| Untracked 
|  72|0x0000000084800000, 0x0000000084900000, 0x0000000084900000|100%| O|  |TAMS 0x0000000084900000, 0x0000000084900000| Untracked 
|  73|0x0000000084900000, 0x0000000084a00000, 0x0000000084a00000|100%| O|  |TAMS 0x0000000084a00000, 0x0000000084a00000| Untracked 
|  74|0x0000000084a00000, 0x0000000084a00000, 0x0000000084b00000|  0%| F|  |TAMS 0x0000000084a00000, 0x0000000084a00000| Untracked 
|  75|0x0000000084b00000, 0x0000000084c00000, 0x0000000084c00000|100%| O|  |TAMS 0x0000000084b00000, 0x0000000084c00000| Untracked 
|  76|0x0000000084c00000, 0x0000000084d00000, 0x0000000084d00000|100%| O|  |TAMS 0x0000000084d00000, 0x0000000084d00000| Untracked 
|  77|0x0000000084d00000, 0x0000000084e00000, 0x0000000084e00000|100%| O|  |TAMS 0x0000000084d00000, 0x0000000084e00000| Untracked 
|  78|0x0000000084e00000, 0x0000000084f00000, 0x0000000084f00000|100%| O|  |TAMS 0x0000000084e00000, 0x0000000084f00000| Untracked 
|  79|0x0000000084f00000, 0x0000000085000000, 0x0000000085000000|100%| O|  |TAMS 0x0000000085000000, 0x0000000085000000| Untracked 
|  80|0x0000000085000000, 0x0000000085100000, 0x0000000085100000|100%| O|  |TAMS 0x0000000085100000, 0x0000000085100000| Untracked 
|  81|0x0000000085100000, 0x0000000085200000, 0x0000000085200000|100%| O|  |TAMS 0x0000000085200000, 0x0000000085200000| Untracked 
|  82|0x0000000085200000, 0x0000000085300000, 0x0000000085300000|100%| O|  |TAMS 0x0000000085300000, 0x0000000085300000| Untracked 
|  83|0x0000000085300000, 0x0000000085400000, 0x0000000085400000|100%| O|  |TAMS 0x0000000085400000, 0x0000000085400000| Untracked 
|  84|0x0000000085400000, 0x0000000085500000, 0x0000000085500000|100%| O|  |TAMS 0x0000000085500000, 0x0000000085500000| Untracked 
|  85|0x0000000085500000, 0x0000000085600000, 0x0000000085600000|100%| O|  |TAMS 0x0000000085600000, 0x0000000085600000| Untracked 
|  86|0x0000000085600000, 0x0000000085700000, 0x0000000085700000|100%| O|  |TAMS 0x0000000085700000, 0x0000000085700000| Untracked 
|  87|0x0000000085700000, 0x0000000085800000, 0x0000000085800000|100%| O|  |TAMS 0x0000000085800000, 0x0000000085800000| Untracked 
|  88|0x0000000085800000, 0x0000000085800000, 0x0000000085900000|  0%| F|  |TAMS 0x0000000085800000, 0x0000000085800000| Untracked 
|  89|0x0000000085900000, 0x0000000085a00000, 0x0000000085a00000|100%| O|  |TAMS 0x0000000085900000, 0x0000000085a00000| Untracked 
|  90|0x0000000085a00000, 0x0000000085b00000, 0x0000000085b00000|100%| O|  |TAMS 0x0000000085aa7200, 0x0000000085b00000| Untracked 
|  91|0x0000000085b00000, 0x0000000085c00000, 0x0000000085c00000|100%| O|  |TAMS 0x0000000085b00000, 0x0000000085c00000| Untracked 
|  92|0x0000000085c00000, 0x0000000085d00000, 0x0000000085d00000|100%| O|  |TAMS 0x0000000085c00000, 0x0000000085d00000| Untracked 
|  93|0x0000000085d00000, 0x0000000085e00000, 0x0000000085e00000|100%| O|  |TAMS 0x0000000085d00000, 0x0000000085e00000| Untracked 
|  94|0x0000000085e00000, 0x0000000085f00000, 0x0000000085f00000|100%| O|  |TAMS 0x0000000085f00000, 0x0000000085f00000| Untracked 
|  95|0x0000000085f00000, 0x0000000086000000, 0x0000000086000000|100%| O|  |TAMS 0x0000000086000000, 0x0000000086000000| Untracked 
|  96|0x0000000086000000, 0x0000000086100000, 0x0000000086100000|100%| O|  |TAMS 0x0000000086100000, 0x0000000086100000| Untracked 
|  97|0x0000000086100000, 0x0000000086200000, 0x0000000086200000|100%| O|  |TAMS 0x0000000086200000, 0x0000000086200000| Untracked 
|  98|0x0000000086200000, 0x0000000086300000, 0x0000000086300000|100%| O|  |TAMS 0x0000000086200000, 0x0000000086300000| Untracked 
|  99|0x0000000086300000, 0x0000000086400000, 0x0000000086400000|100%| O|  |TAMS 0x0000000086300000, 0x0000000086400000| Untracked 
| 100|0x0000000086400000, 0x0000000086500000, 0x0000000086500000|100%| O|  |TAMS 0x0000000086500000, 0x0000000086500000| Untracked 
| 101|0x0000000086500000, 0x0000000086600000, 0x0000000086600000|100%| O|  |TAMS 0x0000000086600000, 0x0000000086600000| Untracked 
| 102|0x0000000086600000, 0x0000000086700000, 0x0000000086700000|100%| O|  |TAMS 0x0000000086700000, 0x0000000086700000| Untracked 
| 103|0x0000000086700000, 0x0000000086800000, 0x0000000086800000|100%| O|  |TAMS 0x0000000086800000, 0x0000000086800000| Untracked 
| 104|0x0000000086800000, 0x0000000086900000, 0x0000000086900000|100%| O|  |TAMS 0x0000000086900000, 0x0000000086900000| Untracked 
| 105|0x0000000086900000, 0x0000000086a00000, 0x0000000086a00000|100%| O|  |TAMS 0x0000000086900000, 0x0000000086a00000| Untracked 
| 106|0x0000000086a00000, 0x0000000086b00000, 0x0000000086b00000|100%| O|  |TAMS 0x0000000086b00000, 0x0000000086b00000| Untracked 
| 107|0x0000000086b00000, 0x0000000086c00000, 0x0000000086c00000|100%| O|  |TAMS 0x0000000086c00000, 0x0000000086c00000| Untracked 
| 108|0x0000000086c00000, 0x0000000086d00000, 0x0000000086d00000|100%| O|  |TAMS 0x0000000086d00000, 0x0000000086d00000| Untracked 
| 109|0x0000000086d00000, 0x0000000086d00000, 0x0000000086e00000|  0%| F|  |TAMS 0x0000000086d00000, 0x0000000086d00000| Untracked 
| 110|0x0000000086e00000, 0x0000000086f00000, 0x0000000086f00000|100%| O|  |TAMS 0x0000000086e00000, 0x0000000086f00000| Untracked 
| 111|0x0000000086f00000, 0x0000000087000000, 0x0000000087000000|100%| O|  |TAMS 0x0000000087000000, 0x0000000087000000| Untracked 
| 112|0x0000000087000000, 0x0000000087100000, 0x0000000087100000|100%| O|  |TAMS 0x0000000087000000, 0x0000000087100000| Untracked 
| 113|0x0000000087100000, 0x0000000087200000, 0x0000000087200000|100%| O|  |TAMS 0x0000000087100000, 0x0000000087200000| Untracked 
| 114|0x0000000087200000, 0x0000000087300000, 0x0000000087300000|100%| O|  |TAMS 0x0000000087300000, 0x0000000087300000| Untracked 
| 115|0x0000000087300000, 0x0000000087300000, 0x0000000087400000|  0%| F|  |TAMS 0x0000000087300000, 0x0000000087300000| Untracked 
| 116|0x0000000087400000, 0x0000000087400000, 0x0000000087500000|  0%| F|  |TAMS 0x0000000087400000, 0x0000000087400000| Untracked 
| 117|0x0000000087500000, 0x0000000087600000, 0x0000000087600000|100%| O|  |TAMS 0x0000000087600000, 0x0000000087600000| Untracked 
| 118|0x0000000087600000, 0x0000000087700000, 0x0000000087700000|100%| O|  |TAMS 0x0000000087700000, 0x0000000087700000| Untracked 
| 119|0x0000000087700000, 0x0000000087800000, 0x0000000087800000|100%| O|  |TAMS 0x0000000087700000, 0x0000000087800000| Untracked 
| 120|0x0000000087800000, 0x0000000087900000, 0x0000000087900000|100%| O|  |TAMS 0x0000000087800000, 0x0000000087900000| Untracked 
| 121|0x0000000087900000, 0x0000000087a00000, 0x0000000087a00000|100%| O|  |TAMS 0x0000000087900000, 0x0000000087a00000| Untracked 
| 122|0x0000000087a00000, 0x0000000087b00000, 0x0000000087b00000|100%| O|  |TAMS 0x0000000087a00000, 0x0000000087b00000| Untracked 
| 123|0x0000000087b00000, 0x0000000087c00000, 0x0000000087c00000|100%| O|  |TAMS 0x0000000087b00000, 0x0000000087c00000| Untracked 
| 124|0x0000000087c00000, 0x0000000087cea200, 0x0000000087d00000| 91%| O|  |TAMS 0x0000000087c00000, 0x0000000087cea200| Untracked 
| 125|0x0000000087d00000, 0x0000000087d00000, 0x0000000087e00000|  0%| F|  |TAMS 0x0000000087d00000, 0x0000000087d00000| Untracked 
| 126|0x0000000087e00000, 0x0000000087e00000, 0x0000000087f00000|  0%| F|  |TAMS 0x0000000087e00000, 0x0000000087e00000| Untracked 
| 127|0x0000000087f00000, 0x0000000087f00000, 0x0000000088000000|  0%| F|  |TAMS 0x0000000087f00000, 0x0000000087f00000| Untracked 
| 128|0x0000000088000000, 0x0000000088000000, 0x0000000088100000|  0%| F|  |TAMS 0x0000000088000000, 0x0000000088000000| Untracked 
| 129|0x0000000088100000, 0x0000000088200000, 0x0000000088200000|100%| O|  |TAMS 0x0000000088100000, 0x0000000088200000| Untracked 
| 130|0x0000000088200000, 0x0000000088300000, 0x0000000088300000|100%| O|  |TAMS 0x0000000088300000, 0x0000000088300000| Untracked 
| 131|0x0000000088300000, 0x0000000088300000, 0x0000000088400000|  0%| F|  |TAMS 0x0000000088300000, 0x0000000088300000| Untracked 
| 132|0x0000000088400000, 0x0000000088400000, 0x0000000088500000|  0%| F|  |TAMS 0x0000000088400000, 0x0000000088400000| Untracked 
| 133|0x0000000088500000, 0x0000000088500000, 0x0000000088600000|  0%| F|  |TAMS 0x0000000088500000, 0x0000000088500000| Untracked 
| 134|0x0000000088600000, 0x0000000088600000, 0x0000000088700000|  0%| F|  |TAMS 0x0000000088600000, 0x0000000088600000| Untracked 
| 135|0x0000000088700000, 0x0000000088700000, 0x0000000088800000|  0%| F|  |TAMS 0x0000000088700000, 0x0000000088700000| Untracked 
| 136|0x0000000088800000, 0x0000000088800000, 0x0000000088900000|  0%| F|  |TAMS 0x0000000088800000, 0x0000000088800000| Untracked 
| 137|0x0000000088900000, 0x0000000088900000, 0x0000000088a00000|  0%| F|  |TAMS 0x0000000088900000, 0x0000000088900000| Untracked 
| 138|0x0000000088a00000, 0x0000000088a00000, 0x0000000088b00000|  0%| F|  |TAMS 0x0000000088a00000, 0x0000000088a00000| Untracked 
| 139|0x0000000088b00000, 0x0000000088c00000, 0x0000000088c00000|100%| O|  |TAMS 0x0000000088b00000, 0x0000000088c00000| Untracked 
| 140|0x0000000088c00000, 0x0000000088d00000, 0x0000000088d00000|100%| O|  |TAMS 0x0000000088c00000, 0x0000000088d00000| Untracked 
| 141|0x0000000088d00000, 0x0000000088e00000, 0x0000000088e00000|100%| O|  |TAMS 0x0000000088d00000, 0x0000000088e00000| Untracked 
| 142|0x0000000088e00000, 0x0000000088e00000, 0x0000000088f00000|  0%| F|  |TAMS 0x0000000088e00000, 0x0000000088e00000| Untracked 
| 143|0x0000000088f00000, 0x0000000088f00000, 0x0000000089000000|  0%| F|  |TAMS 0x0000000088f00000, 0x0000000088f00000| Untracked 
| 144|0x0000000089000000, 0x0000000089000000, 0x0000000089100000|  0%| F|  |TAMS 0x0000000089000000, 0x0000000089000000| Untracked 
| 145|0x0000000089100000, 0x0000000089100000, 0x0000000089200000|  0%| F|  |TAMS 0x0000000089100000, 0x0000000089100000| Untracked 
| 146|0x0000000089200000, 0x0000000089200000, 0x0000000089300000|  0%| F|  |TAMS 0x0000000089200000, 0x0000000089200000| Untracked 
| 147|0x0000000089300000, 0x0000000089300000, 0x0000000089400000|  0%| F|  |TAMS 0x0000000089300000, 0x0000000089300000| Untracked 
| 148|0x0000000089400000, 0x0000000089400000, 0x0000000089500000|  0%| F|  |TAMS 0x0000000089400000, 0x0000000089400000| Untracked 
| 149|0x0000000089500000, 0x0000000089500000, 0x0000000089600000|  0%| F|  |TAMS 0x0000000089500000, 0x0000000089500000| Untracked 
| 150|0x0000000089600000, 0x0000000089600000, 0x0000000089700000|  0%| F|  |TAMS 0x0000000089600000, 0x0000000089600000| Untracked 
| 151|0x0000000089700000, 0x0000000089700000, 0x0000000089800000|  0%| F|  |TAMS 0x0000000089700000, 0x0000000089700000| Untracked 
| 152|0x0000000089800000, 0x0000000089800000, 0x0000000089900000|  0%| F|  |TAMS 0x0000000089800000, 0x0000000089800000| Untracked 
| 153|0x0000000089900000, 0x0000000089900000, 0x0000000089a00000|  0%| F|  |TAMS 0x0000000089900000, 0x0000000089900000| Untracked 
| 154|0x0000000089a00000, 0x0000000089a00000, 0x0000000089b00000|  0%| F|  |TAMS 0x0000000089a00000, 0x0000000089a00000| Untracked 
| 155|0x0000000089b00000, 0x0000000089b00000, 0x0000000089c00000|  0%| F|  |TAMS 0x0000000089b00000, 0x0000000089b00000| Untracked 
| 156|0x0000000089c00000, 0x0000000089c00000, 0x0000000089d00000|  0%| F|  |TAMS 0x0000000089c00000, 0x0000000089c00000| Untracked 
| 157|0x0000000089d00000, 0x0000000089d00000, 0x0000000089e00000|  0%| F|  |TAMS 0x0000000089d00000, 0x0000000089d00000| Untracked 
| 158|0x0000000089e00000, 0x0000000089e00000, 0x0000000089f00000|  0%| F|  |TAMS 0x0000000089e00000, 0x0000000089e00000| Untracked 
| 159|0x0000000089f00000, 0x0000000089f00000, 0x000000008a000000|  0%| F|  |TAMS 0x0000000089f00000, 0x0000000089f00000| Untracked 
| 160|0x000000008a000000, 0x000000008a000000, 0x000000008a100000|  0%| F|  |TAMS 0x000000008a000000, 0x000000008a000000| Untracked 
| 161|0x000000008a100000, 0x000000008a100000, 0x000000008a200000|  0%| F|  |TAMS 0x000000008a100000, 0x000000008a100000| Untracked 
| 162|0x000000008a200000, 0x000000008a200000, 0x000000008a300000|  0%| F|  |TAMS 0x000000008a200000, 0x000000008a200000| Untracked 
| 163|0x000000008a300000, 0x000000008a300000, 0x000000008a400000|  0%| F|  |TAMS 0x000000008a300000, 0x000000008a300000| Untracked 
| 164|0x000000008a400000, 0x000000008a500000, 0x000000008a500000|100%| O|  |TAMS 0x000000008a500000, 0x000000008a500000| Untracked 
| 165|0x000000008a500000, 0x000000008a500000, 0x000000008a600000|  0%| F|  |TAMS 0x000000008a500000, 0x000000008a500000| Untracked 
| 166|0x000000008a600000, 0x000000008a600000, 0x000000008a700000|  0%| F|  |TAMS 0x000000008a600000, 0x000000008a600000| Untracked 
| 167|0x000000008a700000, 0x000000008a700000, 0x000000008a800000|  0%| F|  |TAMS 0x000000008a700000, 0x000000008a700000| Untracked 
| 168|0x000000008a800000, 0x000000008a800000, 0x000000008a900000|  0%| F|  |TAMS 0x000000008a800000, 0x000000008a800000| Untracked 
| 169|0x000000008a900000, 0x000000008a900000, 0x000000008aa00000|  0%| F|  |TAMS 0x000000008a900000, 0x000000008a900000| Untracked 
| 170|0x000000008aa00000, 0x000000008aa00000, 0x000000008ab00000|  0%| F|  |TAMS 0x000000008aa00000, 0x000000008aa00000| Untracked 
| 171|0x000000008ab00000, 0x000000008ab00000, 0x000000008ac00000|  0%| F|  |TAMS 0x000000008ab00000, 0x000000008ab00000| Untracked 
| 172|0x000000008ac00000, 0x000000008ac00000, 0x000000008ad00000|  0%| F|  |TAMS 0x000000008ac00000, 0x000000008ac00000| Untracked 
| 173|0x000000008ad00000, 0x000000008ad00000, 0x000000008ae00000|  0%| F|  |TAMS 0x000000008ad00000, 0x000000008ad00000| Untracked 
| 174|0x000000008ae00000, 0x000000008ae00000, 0x000000008af00000|  0%| F|  |TAMS 0x000000008ae00000, 0x000000008ae00000| Untracked 
| 175|0x000000008af00000, 0x000000008af00000, 0x000000008b000000|  0%| F|  |TAMS 0x000000008af00000, 0x000000008af00000| Untracked 
| 176|0x000000008b000000, 0x000000008b000000, 0x000000008b100000|  0%| F|  |TAMS 0x000000008b000000, 0x000000008b000000| Untracked 
| 177|0x000000008b100000, 0x000000008b100000, 0x000000008b200000|  0%| F|  |TAMS 0x000000008b100000, 0x000000008b100000| Untracked 
| 178|0x000000008b200000, 0x000000008b200000, 0x000000008b300000|  0%| F|  |TAMS 0x000000008b200000, 0x000000008b200000| Untracked 
| 179|0x000000008b300000, 0x000000008b300000, 0x000000008b400000|  0%| F|  |TAMS 0x000000008b300000, 0x000000008b300000| Untracked 
| 180|0x000000008b400000, 0x000000008b400000, 0x000000008b500000|  0%| F|  |TAMS 0x000000008b400000, 0x000000008b400000| Untracked 
| 181|0x000000008b500000, 0x000000008b500000, 0x000000008b600000|  0%| F|  |TAMS 0x000000008b500000, 0x000000008b500000| Untracked 
| 182|0x000000008b600000, 0x000000008b600000, 0x000000008b700000|  0%| F|  |TAMS 0x000000008b600000, 0x000000008b600000| Untracked 
| 183|0x000000008b700000, 0x000000008b700000, 0x000000008b800000|  0%| F|  |TAMS 0x000000008b700000, 0x000000008b700000| Untracked 
| 184|0x000000008b800000, 0x000000008b800000, 0x000000008b900000|  0%| F|  |TAMS 0x000000008b800000, 0x000000008b800000| Untracked 
| 185|0x000000008b900000, 0x000000008b900000, 0x000000008ba00000|  0%| F|  |TAMS 0x000000008b900000, 0x000000008b900000| Untracked 
| 186|0x000000008ba00000, 0x000000008ba00000, 0x000000008bb00000|  0%| F|  |TAMS 0x000000008ba00000, 0x000000008ba00000| Untracked 
| 187|0x000000008bb00000, 0x000000008bb00000, 0x000000008bc00000|  0%| F|  |TAMS 0x000000008bb00000, 0x000000008bb00000| Untracked 
| 188|0x000000008bc00000, 0x000000008bc00000, 0x000000008bd00000|  0%| F|  |TAMS 0x000000008bc00000, 0x000000008bc00000| Untracked 
| 189|0x000000008bd00000, 0x000000008bd00000, 0x000000008be00000|  0%| F|  |TAMS 0x000000008bd00000, 0x000000008bd00000| Untracked 
| 190|0x000000008be00000, 0x000000008be00000, 0x000000008bf00000|  0%| F|  |TAMS 0x000000008be00000, 0x000000008be00000| Untracked 
| 191|0x000000008bf00000, 0x000000008bf00000, 0x000000008c000000|  0%| F|  |TAMS 0x000000008bf00000, 0x000000008bf00000| Untracked 
| 192|0x000000008c000000, 0x000000008c000000, 0x000000008c100000|  0%| F|  |TAMS 0x000000008c000000, 0x000000008c000000| Untracked 
| 193|0x000000008c100000, 0x000000008c100000, 0x000000008c200000|  0%| F|  |TAMS 0x000000008c100000, 0x000000008c100000| Untracked 
| 194|0x000000008c200000, 0x000000008c200000, 0x000000008c300000|  0%| F|  |TAMS 0x000000008c200000, 0x000000008c200000| Untracked 
| 195|0x000000008c300000, 0x000000008c300000, 0x000000008c400000|  0%| F|  |TAMS 0x000000008c300000, 0x000000008c300000| Untracked 
| 196|0x000000008c400000, 0x000000008c400000, 0x000000008c500000|  0%| F|  |TAMS 0x000000008c400000, 0x000000008c400000| Untracked 
| 197|0x000000008c500000, 0x000000008c500000, 0x000000008c600000|  0%| F|  |TAMS 0x000000008c500000, 0x000000008c500000| Untracked 
| 198|0x000000008c600000, 0x000000008c600000, 0x000000008c700000|  0%| F|  |TAMS 0x000000008c600000, 0x000000008c600000| Untracked 
| 199|0x000000008c700000, 0x000000008c700000, 0x000000008c800000|  0%| F|  |TAMS 0x000000008c700000, 0x000000008c700000| Untracked 
| 200|0x000000008c800000, 0x000000008c800000, 0x000000008c900000|  0%| F|  |TAMS 0x000000008c800000, 0x000000008c800000| Untracked 
| 201|0x000000008c900000, 0x000000008c900000, 0x000000008ca00000|  0%| F|  |TAMS 0x000000008c900000, 0x000000008c900000| Untracked 
| 202|0x000000008ca00000, 0x000000008ca00000, 0x000000008cb00000|  0%| F|  |TAMS 0x000000008ca00000, 0x000000008ca00000| Untracked 
| 203|0x000000008cb00000, 0x000000008cb00000, 0x000000008cc00000|  0%| F|  |TAMS 0x000000008cb00000, 0x000000008cb00000| Untracked 
| 204|0x000000008cc00000, 0x000000008cc00000, 0x000000008cd00000|  0%| F|  |TAMS 0x000000008cc00000, 0x000000008cc00000| Untracked 
| 205|0x000000008cd00000, 0x000000008cd00000, 0x000000008ce00000|  0%| F|  |TAMS 0x000000008cd00000, 0x000000008cd00000| Untracked 
| 206|0x000000008ce00000, 0x000000008ce00000, 0x000000008cf00000|  0%| F|  |TAMS 0x000000008ce00000, 0x000000008ce00000| Untracked 
| 207|0x000000008cf00000, 0x000000008cf00000, 0x000000008d000000|  0%| F|  |TAMS 0x000000008cf00000, 0x000000008cf00000| Untracked 
| 208|0x000000008d000000, 0x000000008d000000, 0x000000008d100000|  0%| F|  |TAMS 0x000000008d000000, 0x000000008d000000| Untracked 
| 209|0x000000008d100000, 0x000000008d100000, 0x000000008d200000|  0%| F|  |TAMS 0x000000008d100000, 0x000000008d100000| Untracked 
| 210|0x000000008d200000, 0x000000008d200000, 0x000000008d300000|  0%| F|  |TAMS 0x000000008d200000, 0x000000008d200000| Untracked 
| 211|0x000000008d300000, 0x000000008d300000, 0x000000008d400000|  0%| F|  |TAMS 0x000000008d300000, 0x000000008d300000| Untracked 
| 212|0x000000008d400000, 0x000000008d400000, 0x000000008d500000|  0%| F|  |TAMS 0x000000008d400000, 0x000000008d400000| Untracked 
| 213|0x000000008d500000, 0x000000008d500000, 0x000000008d600000|  0%| F|  |TAMS 0x000000008d500000, 0x000000008d500000| Untracked 
| 214|0x000000008d600000, 0x000000008d600000, 0x000000008d700000|  0%| F|  |TAMS 0x000000008d600000, 0x000000008d600000| Untracked 
| 215|0x000000008d700000, 0x000000008d700000, 0x000000008d800000|  0%| F|  |TAMS 0x000000008d700000, 0x000000008d700000| Untracked 
| 216|0x000000008d800000, 0x000000008d800000, 0x000000008d900000|  0%| F|  |TAMS 0x000000008d800000, 0x000000008d800000| Untracked 
| 217|0x000000008d900000, 0x000000008d900000, 0x000000008da00000|  0%| F|  |TAMS 0x000000008d900000, 0x000000008d900000| Untracked 
| 218|0x000000008da00000, 0x000000008da00000, 0x000000008db00000|  0%| F|  |TAMS 0x000000008da00000, 0x000000008da00000| Untracked 
| 219|0x000000008db00000, 0x000000008db00000, 0x000000008dc00000|  0%| F|  |TAMS 0x000000008db00000, 0x000000008db00000| Untracked 
| 220|0x000000008dc00000, 0x000000008dc00000, 0x000000008dd00000|  0%| F|  |TAMS 0x000000008dc00000, 0x000000008dc00000| Untracked 
| 221|0x000000008dd00000, 0x000000008dd00000, 0x000000008de00000|  0%| F|  |TAMS 0x000000008dd00000, 0x000000008dd00000| Untracked 
| 222|0x000000008de00000, 0x000000008de00000, 0x000000008df00000|  0%| F|  |TAMS 0x000000008de00000, 0x000000008de00000| Untracked 
| 223|0x000000008df00000, 0x000000008df00000, 0x000000008e000000|  0%| F|  |TAMS 0x000000008df00000, 0x000000008df00000| Untracked 
| 224|0x000000008e000000, 0x000000008e000000, 0x000000008e100000|  0%| F|  |TAMS 0x000000008e000000, 0x000000008e000000| Untracked 
| 225|0x000000008e100000, 0x000000008e100000, 0x000000008e200000|  0%| F|  |TAMS 0x000000008e100000, 0x000000008e100000| Untracked 
| 226|0x000000008e200000, 0x000000008e200000, 0x000000008e300000|  0%| F|  |TAMS 0x000000008e200000, 0x000000008e200000| Untracked 
| 227|0x000000008e300000, 0x000000008e300000, 0x000000008e400000|  0%| F|  |TAMS 0x000000008e300000, 0x000000008e300000| Untracked 
| 228|0x000000008e400000, 0x000000008e400000, 0x000000008e500000|  0%| F|  |TAMS 0x000000008e400000, 0x000000008e400000| Untracked 
| 229|0x000000008e500000, 0x000000008e500000, 0x000000008e600000|  0%| F|  |TAMS 0x000000008e500000, 0x000000008e500000| Untracked 
| 230|0x000000008e600000, 0x000000008e600000, 0x000000008e700000|  0%| F|  |TAMS 0x000000008e600000, 0x000000008e600000| Untracked 
| 231|0x000000008e700000, 0x000000008e700000, 0x000000008e800000|  0%| F|  |TAMS 0x000000008e700000, 0x000000008e700000| Untracked 
| 232|0x000000008e800000, 0x000000008e800000, 0x000000008e900000|  0%| F|  |TAMS 0x000000008e800000, 0x000000008e800000| Untracked 
| 233|0x000000008e900000, 0x000000008e900000, 0x000000008ea00000|  0%| F|  |TAMS 0x000000008e900000, 0x000000008e900000| Untracked 
| 234|0x000000008ea00000, 0x000000008ea00000, 0x000000008eb00000|  0%| F|  |TAMS 0x000000008ea00000, 0x000000008ea00000| Untracked 
| 235|0x000000008eb00000, 0x000000008eb00000, 0x000000008ec00000|  0%| F|  |TAMS 0x000000008eb00000, 0x000000008eb00000| Untracked 
| 236|0x000000008ec00000, 0x000000008ec00000, 0x000000008ed00000|  0%| F|  |TAMS 0x000000008ec00000, 0x000000008ec00000| Untracked 
| 237|0x000000008ed00000, 0x000000008ed00000, 0x000000008ee00000|  0%| F|  |TAMS 0x000000008ed00000, 0x000000008ed00000| Untracked 
| 238|0x000000008ee00000, 0x000000008ee00000, 0x000000008ef00000|  0%| F|  |TAMS 0x000000008ee00000, 0x000000008ee00000| Untracked 
| 239|0x000000008ef00000, 0x000000008ef00000, 0x000000008f000000|  0%| F|  |TAMS 0x000000008ef00000, 0x000000008ef00000| Untracked 
| 240|0x000000008f000000, 0x000000008f000000, 0x000000008f100000|  0%| F|  |TAMS 0x000000008f000000, 0x000000008f000000| Untracked 
| 241|0x000000008f100000, 0x000000008f100000, 0x000000008f200000|  0%| F|  |TAMS 0x000000008f100000, 0x000000008f100000| Untracked 
| 242|0x000000008f200000, 0x000000008f200000, 0x000000008f300000|  0%| F|  |TAMS 0x000000008f200000, 0x000000008f200000| Untracked 
| 243|0x000000008f300000, 0x000000008f300000, 0x000000008f400000|  0%| F|  |TAMS 0x000000008f300000, 0x000000008f300000| Untracked 
| 244|0x000000008f400000, 0x000000008f400000, 0x000000008f500000|  0%| F|  |TAMS 0x000000008f400000, 0x000000008f400000| Untracked 
| 245|0x000000008f500000, 0x000000008f500000, 0x000000008f600000|  0%| F|  |TAMS 0x000000008f500000, 0x000000008f500000| Untracked 
| 246|0x000000008f600000, 0x000000008f600000, 0x000000008f700000|  0%| F|  |TAMS 0x000000008f600000, 0x000000008f600000| Untracked 
| 247|0x000000008f700000, 0x000000008f700000, 0x000000008f800000|  0%| F|  |TAMS 0x000000008f700000, 0x000000008f700000| Untracked 
| 248|0x000000008f800000, 0x000000008f800000, 0x000000008f900000|  0%| F|  |TAMS 0x000000008f800000, 0x000000008f800000| Untracked 
| 249|0x000000008f900000, 0x000000008f900000, 0x000000008fa00000|  0%| F|  |TAMS 0x000000008f900000, 0x000000008f900000| Untracked 
| 250|0x000000008fa00000, 0x000000008fa00000, 0x000000008fb00000|  0%| F|  |TAMS 0x000000008fa00000, 0x000000008fa00000| Untracked 
| 251|0x000000008fb00000, 0x000000008fb00000, 0x000000008fc00000|  0%| F|  |TAMS 0x000000008fb00000, 0x000000008fb00000| Untracked 
| 252|0x000000008fc00000, 0x000000008fc00000, 0x000000008fd00000|  0%| F|  |TAMS 0x000000008fc00000, 0x000000008fc00000| Untracked 
| 253|0x000000008fd00000, 0x000000008fd00000, 0x000000008fe00000|  0%| F|  |TAMS 0x000000008fd00000, 0x000000008fd00000| Untracked 
| 254|0x000000008fe00000, 0x000000008fe00000, 0x000000008ff00000|  0%| F|  |TAMS 0x000000008fe00000, 0x000000008fe00000| Untracked 
| 255|0x000000008ff00000, 0x000000008ff00000, 0x0000000090000000|  0%| F|  |TAMS 0x000000008ff00000, 0x000000008ff00000| Untracked 
| 256|0x0000000090000000, 0x0000000090000000, 0x0000000090100000|  0%| F|  |TAMS 0x0000000090000000, 0x0000000090000000| Untracked 
| 257|0x0000000090100000, 0x0000000090100000, 0x0000000090200000|  0%| F|  |TAMS 0x0000000090100000, 0x0000000090100000| Untracked 
| 258|0x0000000090200000, 0x0000000090200000, 0x0000000090300000|  0%| F|  |TAMS 0x0000000090200000, 0x0000000090200000| Untracked 
| 259|0x0000000090300000, 0x0000000090300000, 0x0000000090400000|  0%| F|  |TAMS 0x0000000090300000, 0x0000000090300000| Untracked 
| 260|0x0000000090400000, 0x0000000090400000, 0x0000000090500000|  0%| F|  |TAMS 0x0000000090400000, 0x0000000090400000| Untracked 
| 261|0x0000000090500000, 0x0000000090500000, 0x0000000090600000|  0%| F|  |TAMS 0x0000000090500000, 0x0000000090500000| Untracked 
| 262|0x0000000090600000, 0x0000000090600000, 0x0000000090700000|  0%| F|  |TAMS 0x0000000090600000, 0x0000000090600000| Untracked 
| 263|0x0000000090700000, 0x0000000090700000, 0x0000000090800000|  0%| F|  |TAMS 0x0000000090700000, 0x0000000090700000| Untracked 
| 264|0x0000000090800000, 0x0000000090800000, 0x0000000090900000|  0%| F|  |TAMS 0x0000000090800000, 0x0000000090800000| Untracked 
| 265|0x0000000090900000, 0x0000000090900000, 0x0000000090a00000|  0%| F|  |TAMS 0x0000000090900000, 0x0000000090900000| Untracked 
| 266|0x0000000090a00000, 0x0000000090a00000, 0x0000000090b00000|  0%| F|  |TAMS 0x0000000090a00000, 0x0000000090a00000| Untracked 
| 267|0x0000000090b00000, 0x0000000090b00000, 0x0000000090c00000|  0%| F|  |TAMS 0x0000000090b00000, 0x0000000090b00000| Untracked 
| 268|0x0000000090c00000, 0x0000000090c00000, 0x0000000090d00000|  0%| F|  |TAMS 0x0000000090c00000, 0x0000000090c00000| Untracked 
| 269|0x0000000090d00000, 0x0000000090d00000, 0x0000000090e00000|  0%| F|  |TAMS 0x0000000090d00000, 0x0000000090d00000| Untracked 
| 270|0x0000000090e00000, 0x0000000090e00000, 0x0000000090f00000|  0%| F|  |TAMS 0x0000000090e00000, 0x0000000090e00000| Untracked 
| 271|0x0000000090f00000, 0x0000000090f00000, 0x0000000091000000|  0%| F|  |TAMS 0x0000000090f00000, 0x0000000090f00000| Untracked 
| 272|0x0000000091000000, 0x0000000091000000, 0x0000000091100000|  0%| F|  |TAMS 0x0000000091000000, 0x0000000091000000| Untracked 
| 273|0x0000000091100000, 0x0000000091100000, 0x0000000091200000|  0%| F|  |TAMS 0x0000000091100000, 0x0000000091100000| Untracked 
| 274|0x0000000091200000, 0x0000000091200000, 0x0000000091300000|  0%| F|  |TAMS 0x0000000091200000, 0x0000000091200000| Untracked 
| 275|0x0000000091300000, 0x0000000091300000, 0x0000000091400000|  0%| F|  |TAMS 0x0000000091300000, 0x0000000091300000| Untracked 
| 276|0x0000000091400000, 0x00000000914a3680, 0x0000000091500000| 63%| S|CS|TAMS 0x0000000091400000, 0x0000000091400000| Complete 
| 277|0x0000000091500000, 0x0000000091600000, 0x0000000091600000|100%| S|CS|TAMS 0x0000000091500000, 0x0000000091500000| Complete 
| 278|0x0000000091600000, 0x0000000091700000, 0x0000000091700000|100%| S|CS|TAMS 0x0000000091600000, 0x0000000091600000| Complete 
| 279|0x0000000091700000, 0x0000000091800000, 0x0000000091800000|100%| S|CS|TAMS 0x0000000091700000, 0x0000000091700000| Complete 
| 280|0x0000000091800000, 0x0000000091900000, 0x0000000091900000|100%| S|CS|TAMS 0x0000000091800000, 0x0000000091800000| Complete 
| 281|0x0000000091900000, 0x0000000091a00000, 0x0000000091a00000|100%| S|CS|TAMS 0x0000000091900000, 0x0000000091900000| Complete 
| 282|0x0000000091a00000, 0x0000000091b00000, 0x0000000091b00000|100%| S|CS|TAMS 0x0000000091a00000, 0x0000000091a00000| Complete 
| 283|0x0000000091b00000, 0x0000000091c00000, 0x0000000091c00000|100%| S|CS|TAMS 0x0000000091b00000, 0x0000000091b00000| Complete 
| 284|0x0000000091c00000, 0x0000000091d00000, 0x0000000091d00000|100%| S|CS|TAMS 0x0000000091c00000, 0x0000000091c00000| Complete 
| 285|0x0000000091d00000, 0x0000000091e00000, 0x0000000091e00000|100%| S|CS|TAMS 0x0000000091d00000, 0x0000000091d00000| Complete 
| 286|0x0000000091e00000, 0x0000000091e00000, 0x0000000091f00000|  0%| F|  |TAMS 0x0000000091e00000, 0x0000000091e00000| Untracked 
| 287|0x0000000091f00000, 0x0000000091f00000, 0x0000000092000000|  0%| F|  |TAMS 0x0000000091f00000, 0x0000000091f00000| Untracked 
| 288|0x0000000092000000, 0x0000000092000000, 0x0000000092100000|  0%| F|  |TAMS 0x0000000092000000, 0x0000000092000000| Untracked 
| 289|0x0000000092100000, 0x0000000092100000, 0x0000000092200000|  0%| F|  |TAMS 0x0000000092100000, 0x0000000092100000| Untracked 
| 290|0x0000000092200000, 0x0000000092200000, 0x0000000092300000|  0%| F|  |TAMS 0x0000000092200000, 0x0000000092200000| Untracked 
| 291|0x0000000092300000, 0x0000000092300000, 0x0000000092400000|  0%| F|  |TAMS 0x0000000092300000, 0x0000000092300000| Untracked 
| 292|0x0000000092400000, 0x0000000092400000, 0x0000000092500000|  0%| F|  |TAMS 0x0000000092400000, 0x0000000092400000| Untracked 
| 293|0x0000000092500000, 0x0000000092500000, 0x0000000092600000|  0%| F|  |TAMS 0x0000000092500000, 0x0000000092500000| Untracked 
| 294|0x0000000092600000, 0x0000000092600000, 0x0000000092700000|  0%| F|  |TAMS 0x0000000092600000, 0x0000000092600000| Untracked 
| 295|0x0000000092700000, 0x0000000092700000, 0x0000000092800000|  0%| F|  |TAMS 0x0000000092700000, 0x0000000092700000| Untracked 
| 296|0x0000000092800000, 0x0000000092800000, 0x0000000092900000|  0%| F|  |TAMS 0x0000000092800000, 0x0000000092800000| Untracked 
| 297|0x0000000092900000, 0x0000000092900000, 0x0000000092a00000|  0%| F|  |TAMS 0x0000000092900000, 0x0000000092900000| Untracked 
| 298|0x0000000092a00000, 0x0000000092a00000, 0x0000000092b00000|  0%| F|  |TAMS 0x0000000092a00000, 0x0000000092a00000| Untracked 
| 299|0x0000000092b00000, 0x0000000092b00000, 0x0000000092c00000|  0%| F|  |TAMS 0x0000000092b00000, 0x0000000092b00000| Untracked 
| 300|0x0000000092c00000, 0x0000000092c00000, 0x0000000092d00000|  0%| F|  |TAMS 0x0000000092c00000, 0x0000000092c00000| Untracked 
| 301|0x0000000092d00000, 0x0000000092d00000, 0x0000000092e00000|  0%| F|  |TAMS 0x0000000092d00000, 0x0000000092d00000| Untracked 
| 302|0x0000000092e00000, 0x0000000092e00000, 0x0000000092f00000|  0%| F|  |TAMS 0x0000000092e00000, 0x0000000092e00000| Untracked 
| 303|0x0000000092f00000, 0x0000000092f00000, 0x0000000093000000|  0%| F|  |TAMS 0x0000000092f00000, 0x0000000092f00000| Untracked 
| 304|0x0000000093000000, 0x0000000093000000, 0x0000000093100000|  0%| F|  |TAMS 0x0000000093000000, 0x0000000093000000| Untracked 
| 305|0x0000000093100000, 0x0000000093100000, 0x0000000093200000|  0%| F|  |TAMS 0x0000000093100000, 0x0000000093100000| Untracked 
| 306|0x0000000093200000, 0x0000000093200000, 0x0000000093300000|  0%| F|  |TAMS 0x0000000093200000, 0x0000000093200000| Untracked 
| 307|0x0000000093300000, 0x0000000093300000, 0x0000000093400000|  0%| F|  |TAMS 0x0000000093300000, 0x0000000093300000| Untracked 
| 308|0x0000000093400000, 0x0000000093400000, 0x0000000093500000|  0%| F|  |TAMS 0x0000000093400000, 0x0000000093400000| Untracked 
| 309|0x0000000093500000, 0x0000000093500000, 0x0000000093600000|  0%| F|  |TAMS 0x0000000093500000, 0x0000000093500000| Untracked 
| 310|0x0000000093600000, 0x0000000093600000, 0x0000000093700000|  0%| F|  |TAMS 0x0000000093600000, 0x0000000093600000| Untracked 
| 311|0x0000000093700000, 0x0000000093700000, 0x0000000093800000|  0%| F|  |TAMS 0x0000000093700000, 0x0000000093700000| Untracked 
| 312|0x0000000093800000, 0x0000000093800000, 0x0000000093900000|  0%| F|  |TAMS 0x0000000093800000, 0x0000000093800000| Untracked 
| 313|0x0000000093900000, 0x0000000093900000, 0x0000000093a00000|  0%| F|  |TAMS 0x0000000093900000, 0x0000000093900000| Untracked 
| 314|0x0000000093a00000, 0x0000000093a00000, 0x0000000093b00000|  0%| F|  |TAMS 0x0000000093a00000, 0x0000000093a00000| Untracked 
| 315|0x0000000093b00000, 0x0000000093b00000, 0x0000000093c00000|  0%| F|  |TAMS 0x0000000093b00000, 0x0000000093b00000| Untracked 
| 316|0x0000000093c00000, 0x0000000093c00000, 0x0000000093d00000|  0%| F|  |TAMS 0x0000000093c00000, 0x0000000093c00000| Untracked 

Card table byte_map: [0x00000153758e0000,0x0000015375ce0000] _byte_map_base: 0x00000153754e0000

Marking Bits (Prev, Next): (CMBitMap*) 0x0000015361254d40, (CMBitMap*) 0x0000015361254d00
 Prev Bits: [0x00000153780e0000, 0x000001537a0e0000)
 Next Bits: [0x00000153760e0000, 0x00000153780e0000)

Polling page: 0x0000015361080000

Metaspace:

Usage:
  Non-class:    117.63 MB used.
      Class:     17.77 MB used.
       Both:    135.40 MB used.

Virtual space:
  Non-class space:      120.00 MB reserved,     118.06 MB ( 98%) committed,  15 nodes.
      Class space:        1.00 GB reserved,      18.19 MB (  2%) committed,  1 nodes.
             Both:        1.12 GB reserved,     136.25 MB ( 12%) committed. 

Chunk freelists:
   Non-Class:  1.92 MB
       Class:  1.87 MB
        Both:  3.79 MB

MaxMetaspaceSize: unlimited
CompressedClassSpaceSize: 1.00 GB
Initial GC threshold: 21.00 MB
Current GC threshold: 226.19 MB
CDS: off
MetaspaceReclaimPolicy: balanced
 - commit_granule_bytes: 65536.
 - commit_granule_words: 8192.
 - virtual_space_node_default_size: 1048576.
 - enlarge_chunks_in_place: 1.
 - new_chunks_are_fully_committed: 0.
 - uncommit_free_chunks: 1.
 - use_allocation_guard: 0.
 - handle_deallocations: 1.


Internal statistics:

num_allocs_failed_limit: 6.
num_arena_births: 1818.
num_arena_deaths: 438.
num_vsnodes_births: 16.
num_vsnodes_deaths: 0.
num_space_committed: 2178.
num_space_uncommitted: 0.
num_chunks_returned_to_freelist: 549.
num_chunks_taken_from_freelist: 7239.
num_chunk_merges: 194.
num_chunk_splits: 4739.
num_chunks_enlarged: 3202.
num_purges: 6.
num_inconsistent_stats: 0.

CodeHeap 'non-profiled nmethods': size=120000Kb used=13971Kb max_used=14402Kb free=106028Kb
 bounds [0x000001536d990000, 0x000001536e7b0000, 0x0000015374ec0000]
CodeHeap 'profiled nmethods': size=120000Kb used=37233Kb max_used=39649Kb free=82766Kb
 bounds [0x0000015365ec0000, 0x0000015368580000, 0x000001536d3f0000]
CodeHeap 'non-nmethods': size=5760Kb used=2467Kb max_used=2550Kb free=3292Kb
 bounds [0x000001536d3f0000, 0x000001536d670000, 0x000001536d990000]
 total_blobs=19817 nmethods=18820 adapters=908
 compilation: enabled
              stopped_count=0, restarted_count=0
 full_count=0

Compilation events (20 events):
Event: 4487.720 Thread 0x00000153072ba320 nmethod 23518 0x000001536dd04210 code [0x000001536dd04380, 0x000001536dd044d8]
Event: 4487.734 Thread 0x000001537d1206c0 23519       3       org.apache.xerces.dom.ElementNSImpl::<init> (13 bytes)
Event: 4487.735 Thread 0x000001537d1206c0 nmethod 23519 0x0000015365eea710 code [0x0000015365eea900, 0x0000015365eeae28]
Event: 4487.735 Thread 0x000001537d1206c0 23520       3       org.apache.xerces.dom.ElementNSImpl::setName (276 bytes)
Event: 4487.737 Thread 0x000001537d1206c0 nmethod 23520 0x0000015366b8dd10 code [0x0000015366b8e0e0, 0x0000015366b8f618]
Event: 4487.737 Thread 0x000001537d1206c0 23521       3       org.apache.xerces.dom.ElementNSImpl::setPrefix (222 bytes)
Event: 4487.738 Thread 0x000001537d1206c0 nmethod 23521 0x000001536816a290 code [0x000001536816a660, 0x000001536816bef8]
Event: 4487.754 Thread 0x00000153072ba320 23522  s    4       java.lang.StringBuffer::append (13 bytes)
Event: 4487.755 Thread 0x000001537d1206c0 23523       3       org.apache.xerces.dom.AttributeMap::setNamedItemNS (366 bytes)
Event: 4487.757 Thread 0x000001537d1206c0 nmethod 23523 0x00000153683d3610 code [0x00000153683d3a60, 0x00000153683d5bc8]
Event: 4487.757 Thread 0x000001537d1206c0 23524       3       org.apache.xerces.dom.AttrNSImpl::setPrefix (295 bytes)
Event: 4487.759 Thread 0x000001537d1206c0 nmethod 23524 0x0000015367377210 code [0x00000153673776e0, 0x0000015367379a48]
Event: 4487.763 Thread 0x000001537d1206c0 23525       3       org.apache.xerces.dom.AttrNSImpl::setName (188 bytes)
Event: 4487.764 Thread 0x000001537d1206c0 nmethod 23525 0x00000153665fc390 code [0x00000153665fc700, 0x00000153665fdc08]
Event: 4487.765 Thread 0x00000153072ba320 nmethod 23522 0x000001536dbd0d90 code [0x000001536dbd0f60, 0x000001536dbd1b68]
Event: 4487.808 Thread 0x000001537c72e650 nmethod 23511 0x000001536e19cd90 code [0x000001536e19d380, 0x000001536e1a4428]
Event: 4487.956 Thread 0x00000153072ba320 23526       4       org.apache.xerces.dom.ParentNode::lastChild (19 bytes)
Event: 4487.957 Thread 0x00000153072ba320 nmethod 23526 0x000001536daafa90 code [0x000001536daafc00, 0x000001536daafc98]
Event: 4487.963 Thread 0x000001537d1206c0 23527       3       org.apache.xerces.dom.CoreDocumentImpl::freeNodeListCache (14 bytes)
Event: 4487.963 Thread 0x000001537d1206c0 nmethod 23527 0x0000015365fc9690 code [0x0000015365fc9820, 0x0000015365fc99f8]

GC Heap History (20 events):
Event: 3805.176 GC heap after
{Heap after GC invocations=51 (full 0):
 garbage-first heap   total 311296K, used 144467K [0x0000000080000000, 0x0000000100000000)
  region size 1024K, 5 young (5120K), 5 survivors (5120K)
 Metaspace       used 137220K, committed 138112K, reserved 1171456K
  class space    used 18171K, committed 18624K, reserved 1048576K
}
Event: 3809.675 GC heap before
{Heap before GC invocations=52 (full 0):
 garbage-first heap   total 311296K, used 254035K [0x0000000080000000, 0x0000000100000000)
  region size 1024K, 108 young (110592K), 5 survivors (5120K)
 Metaspace       used 136946K, committed 138112K, reserved 1171456K
  class space    used 18093K, committed 18624K, reserved 1048576K
}
Event: 3809.720 GC heap after
{Heap after GC invocations=53 (full 0):
 garbage-first heap   total 311296K, used 136077K [0x0000000080000000, 0x0000000100000000)
  region size 1024K, 10 young (10240K), 10 survivors (10240K)
 Metaspace       used 136946K, committed 138112K, reserved 1171456K
  class space    used 18093K, committed 18624K, reserved 1048576K
}
Event: 3809.795 GC heap before
{Heap before GC invocations=53 (full 0):
 garbage-first heap   total 311296K, used 140173K [0x0000000080000000, 0x0000000100000000)
  region size 1024K, 15 young (15360K), 10 survivors (10240K)
 Metaspace       used 136958K, committed 138112K, reserved 1171456K
  class space    used 18093K, committed 18624K, reserved 1048576K
}
Event: 3809.856 GC heap after
{Heap after GC invocations=54 (full 0):
 garbage-first heap   total 311296K, used 114704K [0x0000000080000000, 0x0000000100000000)
  region size 1024K, 2 young (2048K), 2 survivors (2048K)
 Metaspace       used 136958K, committed 138112K, reserved 1171456K
  class space    used 18093K, committed 18624K, reserved 1048576K
}
Event: 3809.911 GC heap before
{Heap before GC invocations=54 (full 0):
 garbage-first heap   total 311296K, used 126992K [0x0000000080000000, 0x0000000100000000)
  region size 1024K, 15 young (15360K), 2 survivors (2048K)
 Metaspace       used 136971K, committed 138112K, reserved 1171456K
  class space    used 18093K, committed 18624K, reserved 1048576K
}
Event: 3809.929 GC heap after
{Heap after GC invocations=55 (full 0):
 garbage-first heap   total 311296K, used 111109K [0x0000000080000000, 0x0000000100000000)
  region size 1024K, 2 young (2048K), 2 survivors (2048K)
 Metaspace       used 136971K, committed 138112K, reserved 1171456K
  class space    used 18093K, committed 18624K, reserved 1048576K
}
Event: 3810.535 GC heap before
{Heap before GC invocations=55 (full 0):
 garbage-first heap   total 311296K, used 142853K [0x0000000080000000, 0x0000000100000000)
  region size 1024K, 35 young (35840K), 2 survivors (2048K)
 Metaspace       used 137281K, committed 138176K, reserved 1171456K
  class space    used 18111K, committed 18624K, reserved 1048576K
}
Event: 3810.541 GC heap after
{Heap after GC invocations=56 (full 0):
 garbage-first heap   total 311296K, used 114094K [0x0000000080000000, 0x0000000100000000)
  region size 1024K, 5 young (5120K), 5 survivors (5120K)
 Metaspace       used 137281K, committed 138176K, reserved 1171456K
  class space    used 18111K, committed 18624K, reserved 1048576K
}
Event: 3812.513 GC heap before
{Heap before GC invocations=57 (full 0):
 garbage-first heap   total 311296K, used 250286K [0x0000000080000000, 0x0000000100000000)
  region size 1024K, 134 young (137216K), 5 survivors (5120K)
 Metaspace       used 137852K, committed 138688K, reserved 1171456K
  class space    used 18119K, committed 18624K, reserved 1048576K
}
Event: 3812.548 GC heap after
{Heap after GC invocations=58 (full 0):
 garbage-first heap   total 311296K, used 121206K [0x0000000080000000, 0x0000000100000000)
  region size 1024K, 9 young (9216K), 9 survivors (9216K)
 Metaspace       used 137852K, committed 138688K, reserved 1171456K
  class space    used 18119K, committed 18624K, reserved 1048576K
}
Event: 3812.681 GC heap before
{Heap before GC invocations=58 (full 0):
 garbage-first heap   total 311296K, used 126326K [0x0000000080000000, 0x0000000100000000)
  region size 1024K, 15 young (15360K), 9 survivors (9216K)
 Metaspace       used 137944K, committed 138816K, reserved 1171456K
  class space    used 18126K, committed 18624K, reserved 1048576K
}
Event: 3812.704 GC heap after
{Heap after GC invocations=59 (full 0):
 garbage-first heap   total 311296K, used 109212K [0x0000000080000000, 0x0000000100000000)
  region size 1024K, 2 young (2048K), 2 survivors (2048K)
 Metaspace       used 137944K, committed 138816K, reserved 1171456K
  class space    used 18126K, committed 18624K, reserved 1048576K
}
Event: 3812.822 GC heap before
{Heap before GC invocations=59 (full 0):
 garbage-first heap   total 311296K, used 129692K [0x0000000080000000, 0x0000000100000000)
  region size 1024K, 23 young (23552K), 2 survivors (2048K)
 Metaspace       used 138000K, committed 138880K, reserved 1171456K
  class space    used 18126K, committed 18624K, reserved 1048576K
}
Event: 3812.830 GC heap after
{Heap after GC invocations=60 (full 0):
 garbage-first heap   total 311296K, used 114460K [0x0000000080000000, 0x0000000100000000)
  region size 1024K, 8 young (8192K), 8 survivors (8192K)
 Metaspace       used 138000K, committed 138880K, reserved 1171456K
  class space    used 18126K, committed 18624K, reserved 1048576K
}
Event: 4487.086 GC heap before
{Heap before GC invocations=61 (full 0):
 garbage-first heap   total 311296K, used 256796K [0x0000000080000000, 0x0000000100000000)
  region size 1024K, 118 young (120832K), 8 survivors (8192K)
 Metaspace       used 138639K, committed 139456K, reserved 1171456K
  class space    used 18192K, committed 18624K, reserved 1048576K
}
Event: 4487.221 GC heap after
{Heap after GC invocations=62 (full 0):
 garbage-first heap   total 311296K, used 130432K [0x0000000080000000, 0x0000000100000000)
  region size 1024K, 15 young (15360K), 15 survivors (15360K)
 Metaspace       used 138639K, committed 139456K, reserved 1171456K
  class space    used 18192K, committed 18624K, reserved 1048576K
}
Event: 4487.232 GC heap before
{Heap before GC invocations=62 (full 0):
 garbage-first heap   total 311296K, used 130432K [0x0000000080000000, 0x0000000100000000)
  region size 1024K, 16 young (16384K), 15 survivors (15360K)
 Metaspace       used 138639K, committed 139456K, reserved 1171456K
  class space    used 18192K, committed 18624K, reserved 1048576K
}
Event: 4487.360 GC heap after
{Heap after GC invocations=63 (full 0):
 garbage-first heap   total 311296K, used 128936K [0x0000000080000000, 0x0000000100000000)
  region size 1024K, 1 young (1024K), 1 survivors (1024K)
 Metaspace       used 138639K, committed 139456K, reserved 1171456K
  class space    used 18192K, committed 18624K, reserved 1048576K
}
Event: 4487.963 GC heap before
{Heap before GC invocations=63 (full 0):
 garbage-first heap   total 311296K, used 144296K [0x0000000080000000, 0x0000000100000000)
  region size 1024K, 18 young (18432K), 1 survivors (1024K)
 Metaspace       used 138650K, committed 139520K, reserved 1171456K
  class space    used 18192K, committed 18624K, reserved 1048576K
}

Dll operation events (2 events):
Event: 0.009 Loaded shared library C:\Program Files\Android\Android Studio1\jbr\bin\java.dll
Event: 0.402 Loaded shared library C:\Program Files\Android\Android Studio1\jbr\bin\verify.dll

Deoptimization events (20 events):
Event: 4484.565 Thread 0x0000015302efd3e0 DEOPT PACKING pc=0x000001536e5c8f8c sp=0x0000002583df7040
Event: 4484.566 Thread 0x0000015302efd3e0 DEOPT UNPACKING pc=0x000001536d44a1a3 sp=0x0000002583df6f80 mode 2
Event: 4484.566 Thread 0x0000015302efd3e0 Uncommon trap: trap_request=0xffffffbe fr.pc=0x000001536e5c8f8c relative=0x0000000000000f4c
Event: 4484.566 Thread 0x0000015302efd3e0 Uncommon trap: reason=profile_predicate action=maybe_recompile pc=0x000001536e5c8f8c method=com.google.common.collect.RegularImmutableMap.checkNoConflictInKeyBucket(Ljava/lang/Object;Ljava/lang/Object;Lcom/google/common/collect/ImmutableMapEntry;Z)Lcom/go
Event: 4484.566 Thread 0x0000015302efd3e0 DEOPT PACKING pc=0x000001536e5c8f8c sp=0x0000002583df7040
Event: 4484.566 Thread 0x0000015302efd3e0 DEOPT UNPACKING pc=0x000001536d44a1a3 sp=0x0000002583df6f80 mode 2
Event: 4484.566 Thread 0x0000015302efd3e0 Uncommon trap: trap_request=0xffffffbe fr.pc=0x000001536e5c8f8c relative=0x0000000000000f4c
Event: 4484.566 Thread 0x0000015302efd3e0 Uncommon trap: reason=profile_predicate action=maybe_recompile pc=0x000001536e5c8f8c method=com.google.common.collect.RegularImmutableMap.checkNoConflictInKeyBucket(Ljava/lang/Object;Ljava/lang/Object;Lcom/google/common/collect/ImmutableMapEntry;Z)Lcom/go
Event: 4484.566 Thread 0x0000015302efd3e0 DEOPT PACKING pc=0x000001536e5c8f8c sp=0x0000002583df7040
Event: 4484.566 Thread 0x0000015302efd3e0 DEOPT UNPACKING pc=0x000001536d44a1a3 sp=0x0000002583df6f80 mode 2
Event: 4484.678 Thread 0x0000015302efd3e0 Uncommon trap: trap_request=0xffffffdc fr.pc=0x000001536e6f9d78 relative=0x0000000000000358
Event: 4484.678 Thread 0x0000015302efd3e0 Uncommon trap: reason=class_check action=make_not_entrant pc=0x000001536e6f9d78 method=com.google.common.collect.Platform.copy([Ljava/lang/Object;II[Ljava/lang/Object;)[Ljava/lang/Object; @ 7 c2
Event: 4484.678 Thread 0x0000015302efd3e0 DEOPT PACKING pc=0x000001536e6f9d78 sp=0x0000002583df80e0
Event: 4484.678 Thread 0x0000015302efd3e0 DEOPT UNPACKING pc=0x000001536d44a1a3 sp=0x0000002583df8000 mode 2
Event: 4487.400 Thread 0x00000153078d3ed0 DEOPT PACKING pc=0x0000015367ea9c1d sp=0x0000002588cfb040
Event: 4487.400 Thread 0x00000153078d3ed0 DEOPT UNPACKING pc=0x000001536d44ace3 sp=0x0000002588cfa650 mode 0
Event: 4487.685 Thread 0x00000153078d3ed0 Uncommon trap: trap_request=0xffffffc6 fr.pc=0x000001536e39d330 relative=0x0000000000000530
Event: 4487.685 Thread 0x00000153078d3ed0 Uncommon trap: reason=bimorphic_or_optimized_type_check action=maybe_recompile pc=0x000001536e39d330 method=org.apache.xerces.dom.CoreDocumentImpl.isKidOK(Lorg/w3c/dom/Node;Lorg/w3c/dom/Node;)Z @ 39 c2
Event: 4487.685 Thread 0x00000153078d3ed0 DEOPT PACKING pc=0x000001536e39d330 sp=0x0000002588cfb040
Event: 4487.685 Thread 0x00000153078d3ed0 DEOPT UNPACKING pc=0x000001536d44a1a3 sp=0x0000002588cfaf68 mode 2

Classes unloaded (20 events):
Event: 3805.748 Thread 0x000001537c6fc640 Unloading class 0x000000010028d800 'java/lang/invoke/LambdaForm$MH+0x000000010028d800'
Event: 3805.748 Thread 0x000001537c6fc640 Unloading class 0x000000010028c800 'java/lang/invoke/LambdaForm$MH+0x000000010028c800'
Event: 3805.748 Thread 0x000001537c6fc640 Unloading class 0x000000010028c400 'java/lang/invoke/LambdaForm$BMH+0x000000010028c400'
Event: 3805.748 Thread 0x000001537c6fc640 Unloading class 0x0000000100200400 'java/lang/invoke/LambdaForm$DMH+0x0000000100200400'
Event: 3805.748 Thread 0x000001537c6fc640 Unloading class 0x00000001001bdc00 'java/lang/invoke/LambdaForm$DMH+0x00000001001bdc00'
Event: 3805.748 Thread 0x000001537c6fc640 Unloading class 0x00000001001bd800 'java/lang/invoke/LambdaForm$MH+0x00000001001bd800'
Event: 3805.749 Thread 0x000001537c6fc640 Unloading class 0x00000001001bd400 'java/lang/invoke/LambdaForm$MH+0x00000001001bd400'
Event: 3805.749 Thread 0x000001537c6fc640 Unloading class 0x00000001001bd000 'java/lang/invoke/LambdaForm$MH+0x00000001001bd000'
Event: 3805.749 Thread 0x000001537c6fc640 Unloading class 0x00000001001bcc00 'java/lang/invoke/LambdaForm$MH+0x00000001001bcc00'
Event: 3805.749 Thread 0x000001537c6fc640 Unloading class 0x0000000100192800 'java/lang/invoke/LambdaForm$MH+0x0000000100192800'
Event: 3805.749 Thread 0x000001537c6fc640 Unloading class 0x0000000100192000 'java/lang/invoke/LambdaForm$MH+0x0000000100192000'
Event: 3805.749 Thread 0x000001537c6fc640 Unloading class 0x0000000100191c00 'java/lang/invoke/LambdaForm$MH+0x0000000100191c00'
Event: 3805.749 Thread 0x000001537c6fc640 Unloading class 0x0000000100191800 'java/lang/invoke/LambdaForm$MH+0x0000000100191800'
Event: 3805.749 Thread 0x000001537c6fc640 Unloading class 0x0000000100191400 'java/lang/invoke/LambdaForm$MH+0x0000000100191400'
Event: 3805.749 Thread 0x000001537c6fc640 Unloading class 0x0000000100190c00 'java/lang/invoke/LambdaForm$MH+0x0000000100190c00'
Event: 3805.749 Thread 0x000001537c6fc640 Unloading class 0x00000001000a6c00 'java/lang/invoke/LambdaForm$MH+0x00000001000a6c00'
Event: 3805.749 Thread 0x000001537c6fc640 Unloading class 0x00000001000a6800 'java/lang/invoke/LambdaForm$MH+0x00000001000a6800'
Event: 3805.749 Thread 0x000001537c6fc640 Unloading class 0x00000001000a4400 'java/lang/invoke/LambdaForm$MH+0x00000001000a4400'
Event: 3813.031 Thread 0x000001537c6fc640 Unloading class 0x00000001005b2000 'jdk/internal/reflect/GeneratedSerializationConstructorAccessor152'
Event: 3813.031 Thread 0x000001537c6fc640 Unloading class 0x00000001005ba800 'jdk/internal/reflect/GeneratedSerializationConstructorAccessor150'

Classes redefined (0 events):
No events

Internal exceptions (20 events):
Event: 3812.853 Thread 0x000001530737bdd0 Exception <a 'sun/nio/fs/WindowsException'{0x0000000093bea980}> (0x0000000093bea980) 
thrown [s\src\hotspot\share\prims\jni.cpp, line 517]
Event: 3812.884 Thread 0x000001530737b900 Implicit null exception at 0x000001536e4e4307 to 0x000001536e4e4d8c
Event: 3813.112 Thread 0x0000015302efbbd0 Implicit null exception at 0x000001536dbe397e to 0x000001536dbe3d80
Event: 3813.192 Thread 0x0000015302f02a80 Exception <a 'sun/nio/fs/WindowsException'{0x00000000934f0768}> (0x00000000934f0768) 
thrown [s\src\hotspot\share\prims\jni.cpp, line 517]
Event: 3813.192 Thread 0x0000015302f02a80 Exception <a 'sun/nio/fs/WindowsException'{0x00000000934f0b58}> (0x00000000934f0b58) 
thrown [s\src\hotspot\share\prims\jni.cpp, line 517]
Event: 3813.192 Thread 0x0000015302f02a80 Exception <a 'sun/nio/fs/WindowsException'{0x00000000934f2a28}> (0x00000000934f2a28) 
thrown [s\src\hotspot\share\prims\jni.cpp, line 517]
Event: 3813.203 Thread 0x0000015302efc0a0 Exception <a 'sun/nio/fs/WindowsException'{0x000000009338f570}> (0x000000009338f570) 
thrown [s\src\hotspot\share\prims\jni.cpp, line 517]
Event: 4482.964 Thread 0x0000015302efd3e0 Implicit null exception at 0x000001536d9b0a7a to 0x000001536d9b0e60
Event: 4483.094 Thread 0x0000015302efd3e0 Exception <a 'java/lang/NoSuchMethodError'{0x0000000090962ad8}: 'java.lang.Object java.lang.invoke.DelegatingMethodHandle$Holder.reinvoke_L(java.lang.Object, java.lang.Object, java.lang.Object, java.lang.Object, java.lang.Object, java.lang.Object, java.lang.Object, java.lang.Object, java.lang.Object, java.lang.Object, java.lang.Object, java.lang.Object, java.lang.Object, java.lang.Object, java.lang.Object, java.lang.Object, java.lang.Object, java.lang.Object, java.lang.Object, java.lang.Object, java.lang.O
Event: 4484.827 Thread 0x0000015302efd3e0 Exception <a 'sun/nio/fs/WindowsException'{0x000000008e9ae008}> (0x000000008e9ae008) 
thrown [s\src\hotspot\share\prims\jni.cpp, line 517]
Event: 4485.205 Thread 0x0000015302efd3e0 Exception <a 'java/lang/NoClassDefFoundError'{0x000000008e47c580}: org/jetbrains/kotlin/gradle/plugin/KotlinBasePluginWrapper> (0x000000008e47c580) 
thrown [s\src\hotspot\share\oops\constantPool.cpp, line 835]
Event: 4485.368 Thread 0x0000015302efd3e0 Exception <a 'sun/nio/fs/WindowsException'{0x000000008e1f9e18}> (0x000000008e1f9e18) 
thrown [s\src\hotspot\share\prims\jni.cpp, line 517]
Event: 4485.441 Thread 0x0000015302efd3e0 Exception <a 'sun/nio/fs/WindowsException'{0x000000008e097460}> (0x000000008e097460) 
thrown [s\src\hotspot\share\prims\jni.cpp, line 517]
Event: 4485.447 Thread 0x0000015302efd3e0 Exception <a 'sun/nio/fs/WindowsException'{0x000000008e0987d8}> (0x000000008e0987d8) 
thrown [s\src\hotspot\share\prims\jni.cpp, line 517]
Event: 4485.448 Thread 0x0000015302efd3e0 Exception <a 'sun/nio/fs/WindowsException'{0x000000008e099ba0}> (0x000000008e099ba0) 
thrown [s\src\hotspot\share\prims\jni.cpp, line 517]
Event: 4485.448 Thread 0x0000015302efd3e0 Exception <a 'sun/nio/fs/WindowsException'{0x000000008e09af68}> (0x000000008e09af68) 
thrown [s\src\hotspot\share\prims\jni.cpp, line 517]
Event: 4485.733 Thread 0x0000015302efd3e0 Exception <a 'sun/nio/fs/WindowsException'{0x000000008dc0a600}> (0x000000008dc0a600) 
thrown [s\src\hotspot\share\prims\jni.cpp, line 517]
Event: 4485.841 Thread 0x00000153078d3ed0 Exception <a 'sun/nio/fs/WindowsException'{0x000000008db05fa0}> (0x000000008db05fa0) 
thrown [s\src\hotspot\share\prims\jni.cpp, line 517]
Event: 4486.554 Thread 0x00000153078d3ed0 Exception <a 'sun/nio/fs/WindowsException'{0x000000008d2c8440}> (0x000000008d2c8440) 
thrown [s\src\hotspot\share\prims\jni.cpp, line 517]
Event: 4486.554 Thread 0x00000153078d3ed0 Exception <a 'sun/nio/fs/WindowsException'{0x000000008d2c8820}> (0x000000008d2c8820) 
thrown [s\src\hotspot\share\prims\jni.cpp, line 517]

VM Operations (20 events):
Event: 4482.058 Executing VM operation: Cleanup done
Event: 4483.066 Executing VM operation: Cleanup
Event: 4483.067 Executing VM operation: Cleanup done
Event: 4484.080 Executing VM operation: Cleanup
Event: 4484.080 Executing VM operation: Cleanup done
Event: 4485.095 Executing VM operation: Cleanup
Event: 4485.096 Executing VM operation: Cleanup done
Event: 4486.100 Executing VM operation: Cleanup
Event: 4486.100 Executing VM operation: Cleanup done
Event: 4486.724 Executing VM operation: HandshakeAllThreads
Event: 4486.736 Executing VM operation: HandshakeAllThreads done
Event: 4487.085 Executing VM operation: G1CollectForAllocation
Event: 4487.221 Executing VM operation: G1CollectForAllocation done
Event: 4487.232 Executing VM operation: G1CollectForAllocation
Event: 4487.363 Executing VM operation: G1CollectForAllocation done
Event: 4487.591 Executing VM operation: HandshakeAllThreads
Event: 4487.591 Executing VM operation: HandshakeAllThreads done
Event: 4487.685 Executing VM operation: HandshakeAllThreads
Event: 4487.686 Executing VM operation: HandshakeAllThreads done
Event: 4487.963 Executing VM operation: G1TryInitiateConcMark

Events (20 events):
Event: 4487.735 Thread 0x000001537d1290c0 flushing nmethod 0x0000015368160990
Event: 4487.735 Thread 0x000001537d1290c0 flushing nmethod 0x0000015368160d10
Event: 4487.735 Thread 0x000001537d1290c0 flushing nmethod 0x0000015368167590
Event: 4487.735 Thread 0x000001537d1290c0 flushing nmethod 0x0000015368168210
Event: 4487.735 Thread 0x000001537d1290c0 flushing nmethod 0x000001536816a290
Event: 4487.735 Thread 0x000001537d1290c0 flushing nmethod 0x000001536816a610
Event: 4487.736 Thread 0x000001537d1290c0 flushing nmethod 0x0000015368201910
Event: 4487.737 Thread 0x000001537d1290c0 flushing nmethod 0x0000015368236210
Event: 4487.737 Thread 0x000001537d1290c0 flushing nmethod 0x0000015368236690
Event: 4487.737 Thread 0x000001537d1290c0 flushing nmethod 0x00000153682db690
Event: 4487.737 Thread 0x000001537d1290c0 flushing nmethod 0x00000153682dbc10
Event: 4487.737 Thread 0x000001537d1290c0 flushing nmethod 0x00000153682eff90
Event: 4487.737 Thread 0x000001537d1290c0 flushing nmethod 0x000001536832b690
Event: 4487.737 Thread 0x000001537d1290c0 flushing nmethod 0x0000015368359e90
Event: 4487.738 Thread 0x000001537d1290c0 flushing nmethod 0x0000015368392790
Event: 4487.738 Thread 0x000001537d1290c0 flushing nmethod 0x0000015368399190
Event: 4487.738 Thread 0x000001537d1290c0 flushing nmethod 0x00000153683b1190
Event: 4487.738 Thread 0x000001537d1290c0 flushing nmethod 0x00000153683d3610
Event: 4487.738 Thread 0x000001537d1290c0 flushing nmethod 0x00000153683d7890
Event: 4487.739 Thread 0x000001537d1290c0 flushing nmethod 0x00000153683da290


Dynamic libraries:
0x00007ff7707a0000 - 0x00007ff7707aa000 	C:\Program Files\Android\Android Studio1\jbr\bin\java.exe
0x00007ffb8be90000 - 0x00007ffb8c0a7000 	C:\WINDOWS\SYSTEM32\ntdll.dll
0x00007ffb8aed0000 - 0x00007ffb8af94000 	C:\WINDOWS\System32\KERNEL32.DLL
0x00007ffb89630000 - 0x00007ffb899d7000 	C:\WINDOWS\System32\KERNELBASE.dll
0x00007ffb894a0000 - 0x00007ffb895b1000 	C:\WINDOWS\System32\ucrtbase.dll
0x00007ffb4e990000 - 0x00007ffb4e9a7000 	C:\Program Files\Android\Android Studio1\jbr\bin\jli.dll
0x00007ffb6a920000 - 0x00007ffb6a93b000 	C:\Program Files\Android\Android Studio1\jbr\bin\VCRUNTIME140.dll
0x00007ffb8b070000 - 0x00007ffb8b21e000 	C:\WINDOWS\System32\USER32.dll
0x00007ffb71bb0000 - 0x00007ffb71e43000 	C:\WINDOWS\WinSxS\amd64_microsoft.windows.common-controls_6595b64144ccf1df_6.0.22621.2506_none_270c5ae97388e100\COMCTL32.dll
0x00007ffb893b0000 - 0x00007ffb893d6000 	C:\WINDOWS\System32\win32u.dll
0x00007ffb8a450000 - 0x00007ffb8a4f7000 	C:\WINDOWS\System32\msvcrt.dll
0x00007ffb8bab0000 - 0x00007ffb8bad9000 	C:\WINDOWS\System32\GDI32.dll
0x00007ffb89210000 - 0x00007ffb89329000 	C:\WINDOWS\System32\gdi32full.dll
0x00007ffb899e0000 - 0x00007ffb89a7a000 	C:\WINDOWS\System32\msvcp_win.dll
0x00007ffb8ad80000 - 0x00007ffb8adb1000 	C:\WINDOWS\System32\IMM32.DLL
0x00007ffb7be30000 - 0x00007ffb7be3c000 	C:\Program Files\Android\Android Studio1\jbr\bin\vcruntime140_1.dll
0x00007ffaf4550000 - 0x00007ffaf45dd000 	C:\Program Files\Android\Android Studio1\jbr\bin\msvcp140.dll
0x00007ffb4ea00000 - 0x00007ffb4f66e000 	C:\Program Files\Android\Android Studio1\jbr\bin\server\jvm.dll
0x00007ffb8bae0000 - 0x00007ffb8bb90000 	C:\WINDOWS\System32\ADVAPI32.dll
0x00007ffb8a980000 - 0x00007ffb8aa26000 	C:\WINDOWS\System32\sechost.dll
0x00007ffb8ac60000 - 0x00007ffb8ad77000 	C:\WINDOWS\System32\RPCRT4.dll
0x00007ffb6aa70000 - 0x00007ffb6aa79000 	C:\WINDOWS\SYSTEM32\WSOCK32.dll
0x00007ffb7d310000 - 0x00007ffb7d344000 	C:\WINDOWS\SYSTEM32\WINMM.dll
0x00007ffb7cac0000 - 0x00007ffb7caca000 	C:\WINDOWS\SYSTEM32\VERSION.dll
0x00007ffb8adc0000 - 0x00007ffb8ae31000 	C:\WINDOWS\System32\WS2_32.dll
0x00007ffb88170000 - 0x00007ffb88188000 	C:\WINDOWS\SYSTEM32\kernel.appcore.dll
0x00007ffb71160000 - 0x00007ffb7116a000 	C:\Program Files\Android\Android Studio1\jbr\bin\jimage.dll
0x00007ffb86be0000 - 0x00007ffb86e13000 	C:\WINDOWS\SYSTEM32\DBGHELP.DLL
0x00007ffb8b220000 - 0x00007ffb8b5a9000 	C:\WINDOWS\System32\combase.dll
0x00007ffb8aa30000 - 0x00007ffb8ab07000 	C:\WINDOWS\System32\OLEAUT32.dll
0x00007ffb7c330000 - 0x00007ffb7c362000 	C:\WINDOWS\SYSTEM32\dbgcore.DLL
0x00007ffb89330000 - 0x00007ffb893aa000 	C:\WINDOWS\System32\bcryptPrimitives.dll
0x00007ffb4e9d0000 - 0x00007ffb4e9f5000 	C:\Program Files\Android\Android Studio1\jbr\bin\java.dll
0x00007ffb4e9b0000 - 0x00007ffb4e9c8000 	C:\Program Files\Android\Android Studio1\jbr\bin\zip.dll
0x00007ffb89bf0000 - 0x00007ffb8a449000 	C:\WINDOWS\System32\SHELL32.dll
0x00007ffb870e0000 - 0x00007ffb879d4000 	C:\WINDOWS\SYSTEM32\windows.storage.dll
0x00007ffb86fa0000 - 0x00007ffb870de000 	C:\WINDOWS\SYSTEM32\wintypes.dll
0x00007ffb8bd50000 - 0x00007ffb8be43000 	C:\WINDOWS\System32\SHCORE.dll
0x00007ffb8b010000 - 0x00007ffb8b06e000 	C:\WINDOWS\System32\shlwapi.dll
0x00007ffb89140000 - 0x00007ffb89166000 	C:\WINDOWS\SYSTEM32\profapi.dll
0x00007ffb4e910000 - 0x00007ffb4e929000 	C:\Program Files\Android\Android Studio1\jbr\bin\net.dll
0x00007ffb7fb20000 - 0x00007ffb7fc57000 	C:\WINDOWS\SYSTEM32\WINHTTP.dll
0x00007ffb88640000 - 0x00007ffb886a9000 	C:\WINDOWS\system32\mswsock.dll
0x00007ffb4e960000 - 0x00007ffb4e976000 	C:\Program Files\Android\Android Studio1\jbr\bin\nio.dll
0x00007ffb50ce0000 - 0x00007ffb50cf0000 	C:\Program Files\Android\Android Studio1\jbr\bin\verify.dll
0x00007ffb3dcf0000 - 0x00007ffb3dd17000 	C:\Users\ADMIN\.gradle\native\68d5fa5c4cc2d200863cafc0d521ce42e7d3e7ee720ec0a83991735586a16f82\windows-amd64\native-platform.dll
0x00007ffaf4400000 - 0x00007ffaf4544000 	C:\Users\ADMIN\.gradle\native\e376f236ea51e6404a007f0833ffe2c6e607c4080706a723a18a27aeea778392\windows-amd64\native-platform-file-events.dll
0x00007ffb56190000 - 0x00007ffb56199000 	C:\Program Files\Android\Android Studio1\jbr\bin\management.dll
0x00007ffb50d00000 - 0x00007ffb50d0b000 	C:\Program Files\Android\Android Studio1\jbr\bin\management_ext.dll
0x00007ffb8bce0000 - 0x00007ffb8bce8000 	C:\WINDOWS\System32\PSAPI.DLL
0x00007ffb88a00000 - 0x00007ffb88a1b000 	C:\WINDOWS\SYSTEM32\CRYPTSP.dll
0x00007ffb88130000 - 0x00007ffb88165000 	C:\WINDOWS\system32\rsaenh.dll
0x00007ffb886e0000 - 0x00007ffb8870c000 	C:\WINDOWS\SYSTEM32\USERENV.dll
0x00007ffb88ba0000 - 0x00007ffb88bc8000 	C:\WINDOWS\SYSTEM32\bcrypt.dll
0x00007ffb88970000 - 0x00007ffb8897c000 	C:\WINDOWS\SYSTEM32\CRYPTBASE.dll
0x00007ffb87c40000 - 0x00007ffb87c6d000 	C:\WINDOWS\SYSTEM32\IPHLPAPI.DLL
0x00007ffb8ac50000 - 0x00007ffb8ac59000 	C:\WINDOWS\System32\NSI.dll
0x00007ffb7ec50000 - 0x00007ffb7ec69000 	C:\WINDOWS\SYSTEM32\dhcpcsvc6.DLL
0x00007ffb7ebf0000 - 0x00007ffb7ec0f000 	C:\WINDOWS\SYSTEM32\dhcpcsvc.DLL
0x00007ffb87c70000 - 0x00007ffb87d69000 	C:\WINDOWS\SYSTEM32\DNSAPI.dll
0x00007ffb4e980000 - 0x00007ffb4e988000 	C:\WINDOWS\system32\wshunix.dll
0x00007ffb881f0000 - 0x00007ffb88224000 	C:\WINDOWS\SYSTEM32\ntmarta.dll

dbghelp: loaded successfully - version: 4.0.5 - missing functions: none
symbol engine: initialized successfully - sym options: 0x614 - pdb path: .;C:\Program Files\Android\Android Studio1\jbr\bin;C:\WINDOWS\SYSTEM32;C:\WINDOWS\WinSxS\amd64_microsoft.windows.common-controls_6595b64144ccf1df_6.0.22621.2506_none_270c5ae97388e100;C:\Program Files\Android\Android Studio1\jbr\bin\server;C:\Users\ADMIN\.gradle\native\68d5fa5c4cc2d200863cafc0d521ce42e7d3e7ee720ec0a83991735586a16f82\windows-amd64;C:\Users\ADMIN\.gradle\native\e376f236ea51e6404a007f0833ffe2c6e607c4080706a723a18a27aeea778392\windows-amd64

VM Arguments:
jvm_args: --add-opens=java.base/java.util=ALL-UNNAMED --add-opens=java.base/java.lang=ALL-UNNAMED --add-opens=java.base/java.lang.invoke=ALL-UNNAMED --add-opens=java.prefs/java.util.prefs=ALL-UNNAMED --add-opens=java.base/java.nio.charset=ALL-UNNAMED --add-opens=java.base/java.net=ALL-UNNAMED --add-opens=java.base/java.util.concurrent.atomic=ALL-UNNAMED -Xmx2048m -Dfile.encoding=UTF-8 -Duser.country=US -Duser.language=en -Duser.variant 
java_command: org.gradle.launcher.daemon.bootstrap.GradleDaemon 8.0
java_class_path (initial): C:\Users\ADMIN\.gradle\wrapper\dists\gradle-8.0-bin\ca5e32bp14vu59qr306oxotwh\gradle-8.0\lib\gradle-launcher-8.0.jar
Launcher Type: SUN_STANDARD

[Global flags]
     intx CICompilerCount                          = 3                                         {product} {ergonomic}
     uint ConcGCThreads                            = 1                                         {product} {ergonomic}
     uint G1ConcRefinementThreads                  = 4                                         {product} {ergonomic}
   size_t G1HeapRegionSize                         = 1048576                                   {product} {ergonomic}
    uintx GCDrainStackTargetSize                   = 64                                        {product} {ergonomic}
   size_t InitialHeapSize                          = 130023424                                 {product} {ergonomic}
   size_t MarkStackSize                            = 4194304                                   {product} {ergonomic}
   size_t MaxHeapSize                              = 2147483648                                {product} {command line}
   size_t MaxNewSize                               = 1287651328                                {product} {ergonomic}
   size_t MinHeapDeltaBytes                        = 1048576                                   {product} {ergonomic}
   size_t MinHeapSize                              = 8388608                                   {product} {ergonomic}
    uintx NonNMethodCodeHeapSize                   = 5832780                                {pd product} {ergonomic}
    uintx NonProfiledCodeHeapSize                  = 122912730                              {pd product} {ergonomic}
    uintx ProfiledCodeHeapSize                     = 122912730                              {pd product} {ergonomic}
    uintx ReservedCodeCacheSize                    = 251658240                              {pd product} {ergonomic}
     bool SegmentedCodeCache                       = true                                      {product} {ergonomic}
   size_t SoftMaxHeapSize                          = 2147483648                             {manageable} {ergonomic}
     bool UseCompressedClassPointers               = true                           {product lp64_product} {ergonomic}
     bool UseCompressedOops                        = true                           {product lp64_product} {ergonomic}
     bool UseG1GC                                  = true                                      {product} {ergonomic}
     bool UseLargePagesIndividualAllocation        = false                                  {pd product} {ergonomic}

Logging:
Log output configuration:
 #0: stdout all=warning uptime,level,tags
 #1: stderr all=off uptime,level,tags

Environment Variables:
PATH=C:\Program Files\Common Files\Oracle\Java\javapath;C:\Python311\Scripts\;C:\Python311\;C:\Windows\system32;C:\Windows;C:\Windows\System32\Wbem;C:\Windows\System32\WindowsPowerShell\v1.0\;C:\Windows\System32\OpenSSH\;C:\Program Files\Microsoft SQL Server\Client SDK\ODBC\170\Tools\Binn\;C:\Program Files (x86)\Microsoft SQL Server\150\Tools\Binn\;C:\Program Files\Microsoft SQL Server\150\Tools\Binn\;C:\Program Files\Microsoft SQL Server\150\DTS\Binn\;C:\Program Files (x86)\Microsoft SQL Server\150\DTS\Binn\;C:\Program Files\Azure Data Studio\bin;C:\xampp\php;C:\ProgramData\ComposerSetup\bin;C:\ProgramData\chocolatey\bin;C:\Program Files\Git\cmd;C:\Program Files\dotnet\;%SystemRoot%\system32;%SystemRoot%;%SystemRoot%\System32\Wbem;%SYSTEMROOT%\System32\WindowsPowerShell\v1.0\;%SYSTEMROOT%\System32\OpenSSH\;C:\Users\ADMIN\scoop\shims;C:\Users\ADMIN\AppData\Local\Microsoft\WindowsApps;C:\Users\ADMIN\.dotnet\tools;C:\Program Files\Azure Data Studio\bin;C:\Program Files\JetBrains\PhpStorm 2019.3.4\bin;;C:\Users\ADMIN\AppData\Roaming\Composer\vendor\bin;C:\Users\ADMIN\AppData\Local\GitHubDesktop\bin;C:\Users\ADMIN\AppData\Local\Programs\Microsoft VS Code\bin;C:\Users\ADMIN\.dotnet\tools;C:\Users\ADMIN\AppData\Local\Microsoft\WindowsApps;
USERNAME=ADMIN
OS=Windows_NT
PROCESSOR_IDENTIFIER=Intel64 Family 6 Model 140 Stepping 1, GenuineIntel
TMP=C:\Users\ADMIN\AppData\Local\Temp
TEMP=C:\Users\ADMIN\AppData\Local\Temp


JNI global refs:
JNI global refs: 24, weak refs: 0

JNI global refs memory usage: 843, weak refs: 841


---------------  S Y S T E M  ---------------

OS:
 Windows 11 , 64 bit Build 22621 (10.0.22621.2506)
OS uptime: 0 days 2:18 hours
Hyper-V role detected

CPU: total 4 (initial active 4) (2 cores per cpu, 2 threads per core) family 6 model 140 stepping 1 microcode 0xa6, cx8, cmov, fxsr, ht, mmx, 3dnowpref, sse, sse2, sse3, ssse3, sse4.1, sse4.2, popcnt, lzcnt, tsc, tscinvbit, avx, avx2, aes, erms, clmul, bmi1, bmi2, adx, avx512f, avx512dq, avx512cd, avx512bw, avx512vl, sha, fma, vzeroupper, avx512_vpopcntdq, avx512_vpclmulqdq, avx512_vaes, avx512_vnni, clflush, clflushopt, clwb, avx512_vbmi2, avx512_vbmi, hv

Memory: 4k page, system-wide physical 7886M (383M free)
TotalPageFile size 15054M (AvailPageFile size 319M)
current process WorkingSet (physical memory assigned to process): 421M, peak: 592M
current process commit charge ("private bytes"): 686M, peak: 1281M

vm_info: OpenJDK 64-Bit Server VM (17.0.6+0-b2043.56-10027231) for windows-amd64 JRE (17.0.6+0-b2043.56-10027231), built on Apr 28 2023 00:43:19 by "androidbuild" with MS VC++ 16.10 / 16.11 (VS2019)

END.
